[ 0.03448276  0.05476673  0.01217039  0.01419878  0.05476673  0.04056795
  0.02231237  0.0020284   0.03448276  0.01217039  0.03245436  0.04868154
  0.06288032  0.00608519  0.05882353  0.05273834  0.01014199  0.04056795
  0.02028398  0.03448276  0.0040568   0.06288032  0.05070994  0.06085193
  0.01825558  0.04665314  0.05476673  0.00608519  0.0020284   0.04462475][ 0.05219207  0.00626305  0.03131524  0.02296451  0.04592902  0.02713987
  0.05636743  0.01878914  0.03340292  0.00626305  0.03340292  0.01461378
  0.05219207  0.01878914  0.0480167   0.05845511  0.03549061  0.03757829
  0.02922756  0.03549061  0.01670146  0.04384134  0.03757829  0.03549061
  0.03549061  0.00208768  0.06471816  0.04592902  0.          0.05427975][ 0.00852878  0.03624733  0.01492537  0.06609808  0.06183369  0.0021322
  0.04690832  0.01705757  0.03411514  0.02132196  0.06609808  0.06609808
  0.02345416  0.          0.04690832  0.02132196  0.01705757  0.01279318
  0.02985075  0.0554371   0.02558635  0.01279318  0.0533049   0.0533049
  0.03411514  0.01492537  0.06183369  0.06396588  0.          0.03198294][ 0.02045455  0.05454545  0.06818182  0.05        0.03636364  0.03181818
  0.          0.00909091  0.00909091  0.05909091  0.06136364  0.05227273
  0.00909091  0.05681818  0.025       0.01590909  0.02272727  0.03636364
  0.          0.00454545  0.04318182  0.04772727  0.04772727  0.02045455
  0.05        0.025       0.02272727  0.05454545  0.05227273  0.01363636][ 0.03359684  0.05335968  0.01185771  0.00988142  0.05335968  0.03952569
  0.02173913  0.00592885  0.03359684  0.01185771  0.03162055  0.04743083
  0.06126482  0.03754941  0.06126482  0.03557312  0.00988142  0.03952569
  0.01976285  0.03359684  0.00395257  0.05928854  0.04940711  0.05928854
  0.0256917   0.04545455  0.05335968  0.00592885  0.00197628  0.04347826][ 0.05144033  0.03909465  0.0308642   0.02263374  0.04526749  0.02674897
  0.04526749  0.01851852  0.          0.00617284  0.03292181  0.01028807
  0.05144033  0.01851852  0.0473251   0.05761317  0.03497942  0.03292181
  0.0308642   0.03497942  0.00411523  0.06378601  0.05144033  0.0617284
  0.02674897  0.04526749  0.05555556  0.00617284  0.00205761  0.04526749][ 0.00760456  0.05323194  0.00570342  0.02661597  0.01520913  0.05513308
  0.03231939  0.0095057   0.0095057   0.05323194  0.05323194  0.04562738
  0.0418251   0.00380228  0.00570342  0.00190114  0.0418251   0.04942966
  0.04752852  0.05323194  0.03612167  0.03041825  0.0418251   0.03231939
  0.05513308  0.03802281  0.02661597  0.0418251   0.03422053  0.0513308 ][ 0.05150215  0.04506438  0.03218884  0.04506438  0.027897    0.0472103
  0.01502146  0.04291845  0.00643777  0.02360515  0.04077253  0.03648069
  0.06652361  0.00214592  0.05364807  0.00429185  0.01287554  0.05793991
  0.00214592  0.05793991  0.03433476  0.03218884  0.00858369  0.01072961
  0.06008584  0.00643777  0.05364807  0.06437768  0.04291845  0.01502146][ 0.00826446  0.00619835  0.02479339  0.00206612  0.02066116  0.02479339
  0.0392562   0.05578512  0.04338843  0.03305785  0.05785124  0.04958678
  0.04132231  0.00619835  0.00619835  0.00206612  0.04545455  0.05371901
  0.01859504  0.04958678  0.0392562   0.03719008  0.04545455  0.03512397
  0.04958678  0.04132231  0.02479339  0.04545455  0.03719008  0.05578512][ 0.03296703  0.03296703  0.00824176  0.03846154  0.02197802  0.07967033
  0.0467033   0.01373626  0.01923077  0.02747253  0.07417582  0.01098901
  0.0521978   0.02472527  0.07692308  0.02472527  0.05769231  0.00549451
  0.04395604  0.02472527  0.          0.00824176  0.02747253  0.01648352
  0.08241758  0.02747253  0.04120879  0.04395604  0.00549451  0.03021978][ 0.00936768  0.06088993  0.01639344  0.06791569  0.06791569  0.00234192
  0.05152225  0.01873536  0.03747073  0.01873536  0.07259953  0.07259953
  0.02576112  0.          0.05386417  0.0234192   0.02107728  0.00936768
  0.03278689  0.0234192   0.02810304  0.03278689  0.04215457  0.01405152
  0.05620609  0.01405152  0.02810304  0.0117096   0.04918033  0.03747073][ 0.06623932  0.00213675  0.00213675  0.01923077  0.05982906  0.03632479
  0.04273504  0.04487179  0.05982906  0.00213675  0.03418803  0.03418803
  0.06410256  0.00213675  0.00213675  0.03418803  0.00641026  0.05769231
  0.00641026  0.04700855  0.00641026  0.06410256  0.0534188   0.0534188
  0.03418803  0.00641026  0.06196581  0.06410256  0.          0.03205128][ 0.00833333  0.05208333  0.01458333  0.06458333  0.06041667  0.00208333
  0.03958333  0.00625     0.03541667  0.0125      0.03333333  0.05        0.05625
  0.00625     0.06458333  0.0375      0.01041667  0.04166667  0.02083333
  0.03541667  0.          0.06458333  0.05208333  0.04583333  0.02708333
  0.04791667  0.05625     0.00625     0.00208333  0.04583333][ 0.03872437  0.06150342  0.01366743  0.01594533  0.04328018  0.04555809
  0.02277904  0.02050114  0.03644647  0.02277904  0.07061503  0.07061503
  0.02505695  0.00455581  0.0523918   0.02277904  0.02505695  0.00911162
  0.03189066  0.02277904  0.02733485  0.00911162  0.05694761  0.02050114
  0.0546697   0.00683371  0.06605923  0.06833713  0.          0.03416856][ 0.0125261   0.0605428   0.0480167   0.          0.05219207  0.05845511
  0.05636743  0.          0.02713987  0.02296451  0.05636743  0.01461378
  0.0605428   0.04175365  0.0480167   0.04592902  0.          0.00835073
  0.02922756  0.02087683  0.02505219  0.00417537  0.05219207  0.0605428
  0.03340292  0.00626305  0.0605428   0.06263048  0.          0.03131524][ 0.02433628  0.05752212  0.06637168  0.04867257  0.03539823  0.02654867
  0.          0.00884956  0.          0.02212389  0.06858407  0.06858407
  0.02433628  0.          0.05088496  0.02212389  0.0199115   0.03982301
  0.03539823  0.05530973  0.01769912  0.05530973  0.06858407  0.00663717
  0.          0.06637168  0.06858407  0.01106195  0.01106195  0.0199115 ][ 0.03617021  0.05744681  0.01276596  0.01489362  0.05744681  0.04255319
  0.02340426  0.00638298  0.03617021  0.01276596  0.03404255  0.03404255
  0.06595745  0.00638298  0.05744681  0.05531915  0.00851064  0.05744681
  0.04893617  0.03829787  0.02978723  0.05531915  0.03191489  0.00638298
  0.04893617  0.05744681  0.0106383   0.00638298  0.02978723  0.01702128][ 0.05620155  0.04457364  0.          0.03682171  0.0503876   0.05426357
  0.01550388  0.04844961  0.01162791  0.02131783  0.03488372  0.03682171
  0.05232558  0.01550388  0.01937984  0.03488372  0.02131783  0.03875969
  0.01937984  0.03294574  0.00387597  0.06007752  0.05620155  0.05813953
  0.0251938   0.04457364  0.05232558  0.00581395  0.00581395  0.04263566][ 0.01242236  0.05175983  0.01449275  0.06418219  0.02691511  0.00207039
  0.04761905  0.00621118  0.05590062  0.01242236  0.03312629  0.04968944
  0.04761905  0.00621118  0.06418219  0.03726708  0.01035197  0.04140787
  0.02070393  0.03519669  0.00414079  0.06418219  0.05175983  0.05797101
  0.02691511  0.04761905  0.05383023  0.00621118  0.00207039  0.04554865][ 0.03553299  0.00253807  0.05076142  0.03807107  0.01015228  0.00761421
  0.04568528  0.03807107  0.          0.03299492  0.00507614  0.0786802   0.
  0.05583756  0.04060914  0.02284264  0.0786802   0.01269036  0.07614213
  0.06598985  0.03807107  0.03299492  0.05329949  0.00761421  0.00761421
  0.02030457  0.06852792  0.00761421  0.03045685  0.03553299][ 0.02540416  0.05542725  0.06928406  0.05080831  0.0369515   0.03233256
  0.          0.00923788  0.          0.02309469  0.07159353  0.07159353
  0.02540416  0.00923788  0.05311778  0.02309469  0.02078522  0.00923788
  0.03233256  0.02309469  0.02771363  0.00461894  0.05773672  0.05773672
  0.0369515   0.00230947  0.0669746   0.06928406  0.          0.03464203][ 0.01169591  0.05653021  0.04483431  0.          0.04873294  0.04678363
  0.05263158  0.00194932  0.02534113  0.0214425   0.05263158  0.00584795
  0.05653021  0.03898635  0.04483431  0.04288499  0.03508772  0.04288499
  0.02729045  0.0214425   0.02339181  0.01169591  0.04873294  0.05653021
  0.03118908  0.00584795  0.05653021  0.05847953  0.          0.02923977][ 0.06134969  0.03476483  0.          0.01840491  0.05725971  0.03885481
  0.04294479  0.04294479  0.0593047   0.          0.03271984  0.03271984
  0.06134969  0.00204499  0.00204499  0.01635992  0.04703476  0.04703476
  0.01431493  0.0408998   0.05521472  0.00613497  0.05725971  0.0204499
  0.03067485  0.05112474  0.02862986  0.03885481  0.05725971  0.00204499][ 0.03837472  0.02708804  0.03837472  0.02031603  0.04740406  0.02031603
  0.03160271  0.02708804  0.04514673  0.01128668  0.          0.06546275
  0.03611738  0.          0.03837472  0.06772009  0.0248307   0.06094808
  0.00677201  0.0496614   0.00677201  0.0496614   0.05643341  0.05643341
  0.03611738  0.00677201  0.06546275  0.03160271  0.          0.03386005][ 0.03441296  0.05465587  0.01214575  0.01417004  0.05465587  0.04048583
  0.02226721  0.03846154  0.03441296  0.01214575  0.03238866  0.048583
  0.06275304  0.02226721  0.06275304  0.03643725  0.01012146  0.04453441
  0.02024291  0.03441296  0.02024291  0.04048583  0.03643725  0.03441296
  0.03441296  0.03846154  0.05465587  0.00607287  0.00202429  0.04048583][ 0.03406814  0.05410822  0.01202405  0.01402806  0.05410822  0.04008016
  0.02204409  0.00601202  0.03406814  0.01202405  0.03206413  0.01603206
  0.04609218  0.03807615  0.06212425  0.03607214  0.01002004  0.04008016
  0.02004008  0.03406814  0.00400802  0.06212425  0.0501002   0.04408818
  0.0260521   0.04208417  0.06212425  0.04008016  0.          0.05210421][ 0.02268431  0.0510397   0.          0.01512287  0.02835539  0.04914934
  0.03591682  0.02457467  0.01512287  0.03591682  0.02457467  0.03780718
  0.04914934  0.03402647  0.05671078  0.02079395  0.02268431  0.02079395
  0.05671078  0.01701323  0.01323251  0.0415879   0.04536862  0.0510397
  0.03591682  0.04347826  0.05482042  0.02646503  0.02268431  0.04725898][ 0.04338843  0.01652893  0.00619835  0.03305785  0.05371901  0.00826446
  0.02479339  0.01859504  0.02272727  0.06404959  0.05785124  0.02066116
  0.05785124  0.03305785  0.03305785  0.00413223  0.02479339  0.05991736
  0.06198347  0.03099174  0.0268595   0.0392562   0.00619835  0.03099174
  0.03305785  0.05371901  0.05785124  0.01239669  0.03099174  0.03305785][ 0.05192308  0.05961538  0.03269231  0.025       0.          0.02115385
  0.05769231  0.01923077  0.05        0.03461538  0.05769231  0.05769231
  0.00769231  0.00384615  0.05384615  0.01346154  0.02884615  0.01730769
  0.04807692  0.04038462  0.01538462  0.00961538  0.04038462  0.05576923
  0.025       0.05        0.01153846  0.05961538  0.01346154  0.03846154][ 0.06079665  0.04821803  0.          0.00628931  0.05450734  0.04192872
  0.01886792  0.0524109   0.01257862  0.0230608   0.03773585  0.0524109
  0.03983229  0.01677149  0.0230608   0.03773585  0.0230608   0.04192872
  0.02096436  0.03563941  0.01257862  0.06498952  0.0524109   0.06289308
  0.02725367  0.04821803  0.05660377  0.00628931  0.00209644  0.01886792][ 0.01057082  0.04651163  0.02325581  0.05708245  0.04651163  0.02536998
  0.05708245  0.06342495  0.06342495  0.05073996  0.04439746  0.01479915
  0.02959831  0.03171247  0.04016913  0.05496829  0.00845666  0.05708245
  0.03382664  0.02748414  0.00845666  0.          0.02325581  0.02114165
  0.02748414  0.01268499  0.03805497  0.00845666  0.0422833   0.03171247][ 0.02748414  0.03805497  0.02325581  0.05708245  0.01268499  0.02536998
  0.05708245  0.02959831  0.06342495  0.05073996  0.04439746  0.01479915
  0.02959831  0.02748414  0.04862579  0.05496829  0.00845666  0.05708245
  0.03382664  0.02748414  0.00845666  0.          0.02325581  0.02114165
  0.06131078  0.01268499  0.03805497  0.01268499  0.05919662  0.03171247][ 0.02691511  0.05797101  0.0621118   0.01863354  0.01449275  0.01656315
  0.05175983  0.          0.01035197  0.03312629  0.03933747  0.04761905
  0.02277433  0.01035197  0.0310559   0.05383023  0.04140787  0.05797101
  0.00414079  0.03519669  0.00828157  0.05175983  0.06004141  0.0621118
  0.02691511  0.01242236  0.04968944  0.01242236  0.04968944  0.0310559 ][ 0.02921348  0.06741573  0.0247191   0.06067416  0.01348315  0.02696629
  0.06067416  0.06741573  0.0494382   0.05393258  0.04719101  0.01573034
  0.03146067  0.03370787  0.04269663  0.05393258  0.00898876  0.06067416
  0.03595506  0.02921348  0.00898876  0.00224719  0.02022472  0.02247191
  0.06966292  0.02022472  0.          0.02247191  0.00674157  0.01348315][ 0.01598174  0.05251142  0.05022831  0.05936073  0.03196347  0.06164384
  0.00228311  0.05479452  0.03881279  0.00456621  0.05251142  0.06392694
  0.01598174  0.02054795  0.04109589  0.06621005  0.01141553  0.02739726
  0.01826484  0.01826484  0.02511416  0.02511416  0.02054795  0.06621005
  0.00684932  0.01369863  0.03424658  0.043379    0.05479452  0.00228311][ 0.03828829  0.02702703  0.03828829  0.02027027  0.0472973   0.02027027
  0.03153153  0.02702703  0.04504505  0.01126126  0.00225225  0.06531532
  0.03603604  0.          0.03828829  0.06756757  0.0518018   0.04954955
  0.01576577  0.04504505  0.06081081  0.0045045   0.06306306  0.02252252
  0.02927928  0.05630631  0.03378378  0.02477477  0.01126126  0.01576577][ 0.01456311  0.00242718  0.05097087  0.03640777  0.02912621  0.00728155
  0.04368932  0.03640777  0.          0.0315534   0.00485437  0.07524272
  0.00728155  0.07281553  0.03883495  0.02184466  0.06553398  0.01213592
  0.07281553  0.0631068   0.02669903  0.0315534   0.05097087  0.00242718
  0.00728155  0.01941748  0.0631068   0.00728155  0.02912621  0.07524272][ 0.03617021  0.05319149  0.01276596  0.01489362  0.05744681  0.04255319
  0.02340426  0.00638298  0.03617021  0.00851064  0.03404255  0.05106383
  0.06595745  0.00638298  0.06595745  0.03829787  0.0106383   0.04255319
  0.0212766   0.03617021  0.00425532  0.03191489  0.05319149  0.05531915
  0.02765957  0.04893617  0.05744681  0.00638298  0.00212766  0.04893617][ 0.05168986  0.04970179  0.01789264  0.05765408  0.02584493  0.00198807
  0.04572565  0.00596421  0.03379722  0.01192843  0.03180915  0.04771372
  0.06163022  0.00596421  0.06163022  0.03578529  0.00994036  0.03976143
  0.01988072  0.03379722  0.00397614  0.06163022  0.04970179  0.05964215
  0.02584493  0.04572565  0.05168986  0.00596421  0.00198807  0.04373757][ 0.00787402  0.0492126   0.01377953  0.06102362  0.05708661  0.01574803
  0.01181102  0.02559055  0.05905512  0.0511811   0.05708661  0.04330709
  0.02952756  0.00984252  0.04330709  0.03937008  0.00787402  0.02362205
  0.03740157  0.04527559  0.04133858  0.00393701  0.04724409  0.01377953
  0.02165354  0.01377953  0.05511811  0.03346457  0.01968504  0.06102362][ 0.01260504  0.06092437  0.04411765  0.          0.05672269  0.04201681
  0.02310924  0.00630252  0.03571429  0.01260504  0.03361345  0.05042017
  0.06512605  0.00630252  0.06512605  0.03781513  0.0105042   0.04201681
  0.0210084   0.03571429  0.00420168  0.03151261  0.05252101  0.06302521
  0.02731092  0.04831933  0.05672269  0.00630252  0.00210084  0.04621849][ 0.03307393  0.04863813  0.01167315  0.00583658  0.05642023  0.05642023
  0.05252918  0.          0.02529183  0.02140078  0.05252918  0.01361868
  0.05642023  0.03891051  0.04474708  0.04280156  0.03501946  0.03501946
  0.0311284   0.05252918  0.01945525  0.05642023  0.06031128  0.00583658
  0.00389105  0.05836576  0.06031128  0.00972763  0.00972763  0.00194553][ 0.03563941  0.05660377  0.01257862  0.01467505  0.05660377  0.04192872
  0.05660377  0.00628931  0.03563941  0.0293501   0.03354298  0.05031447
  0.06498952  0.00628931  0.06498952  0.00419287  0.01048218  0.04192872
  0.02096436  0.03563941  0.01677149  0.04192872  0.03773585  0.03354298
  0.04402516  0.00209644  0.06498952  0.04192872  0.          0.03773585][ 0.03462322  0.05498982  0.00407332  0.01425662  0.05498982  0.0407332
  0.02240326  0.00610998  0.03462322  0.01221996  0.03258656  0.04887984
  0.06313646  0.00610998  0.06313646  0.03665988  0.0101833   0.0407332
  0.02851324  0.03462322  0.          0.06313646  0.0509165   0.0610998
  0.02647658  0.04684318  0.05498982  0.00610998  0.00203666  0.04480652][ 0.03609342  0.05732484  0.01273885  0.014862    0.05732484  0.04246285
  0.02335456  0.00636943  0.03609342  0.04670913  0.03397028  0.05095541
  0.06581741  0.00636943  0.06581741  0.0403397   0.02335456  0.01910828
  0.00212314  0.02123142  0.02972399  0.00212314  0.02335456  0.04883227
  0.05944798  0.02123142  0.04246285  0.04458599  0.01273885  0.05307856][ 0.03053435  0.00763359  0.          0.06615776  0.05343511  0.
  0.02035623  0.02290076  0.05852417  0.01526718  0.02544529  0.04834606
  0.07379135  0.02290076  0.00508906  0.02544529  0.01272265  0.05089059
  0.03562341  0.043257    0.02035623  0.05089059  0.04580153  0.043257
  0.043257    0.00254453  0.07888041  0.05089059  0.          0.04580153][ 0.0268595   0.05785124  0.04545455  0.01859504  0.01239669  0.01652893
  0.01652893  0.          0.01033058  0.04132231  0.0392562   0.04752066
  0.02272727  0.01033058  0.0268595   0.05371901  0.04545455  0.05785124
  0.00413223  0.03512397  0.00826446  0.05991736  0.05991736  0.06198347
  0.06404959  0.02272727  0.0392562   0.01446281  0.03512397  0.04545455][ 0.04018913  0.06382979  0.0141844   0.01654846  0.06382979  0.04728132
  0.02600473  0.0070922   0.03782506  0.0141844   0.03782506  0.05673759
  0.07328605  0.0070922   0.07328605  0.03782506  0.04964539  0.00945626
  0.02364066  0.04018913  0.00472813  0.0070922   0.05910165  0.07092199
  0.03073286  0.04018913  0.00236407  0.02364066  0.0070922   0.0141844 ][ 0.01335878  0.04389313  0.04198473  0.04961832  0.02671756  0.05152672
  0.0019084   0.05534351  0.03244275  0.00381679  0.04389313  0.05343511
  0.04389313  0.0019084   0.03435115  0.04961832  0.02480916  0.03816794
  0.01908397  0.03244275  0.00381679  0.05916031  0.04770992  0.05725191
  0.02480916  0.04389313  0.05152672  0.00572519  0.0019084   0.04198473][ 0.00956938  0.05980861  0.01674641  0.07416268  0.06937799  0.00239234
  0.01674641  0.00717703  0.04066986  0.01435407  0.03827751  0.05741627
  0.07416268  0.00717703  0.07416268  0.05023923  0.01196172  0.02870813
  0.01913876  0.01913876  0.02631579  0.02631579  0.0215311   0.06937799
  0.00717703  0.01674641  0.03588517  0.04545455  0.05741627  0.00239234][ 0.07077626  0.03881279  0.00228311  0.02054795  0.06392694  0.043379
  0.0456621   0.01141553  0.06849315  0.00228311  0.03652968  0.03881279
  0.02511416  0.          0.05251142  0.02283105  0.00228311  0.03196347
  0.03196347  0.02283105  0.02739726  0.01369863  0.05707763  0.05707763
  0.03652968  0.00684932  0.06621005  0.06849315  0.          0.03424658][ 0.02391304  0.05217391  0.06521739  0.04782609  0.03478261  0.06521739
  0.00869565  0.01086957  0.          0.00434783  0.0673913   0.06521739
  0.0673913   0.00217391  0.00217391  0.05217391  0.00652174  0.05869565
  0.01521739  0.04782609  0.00652174  0.06086957  0.03913043  0.01304348
  0.05217391  0.01304348  0.02608696  0.01086957  0.04565217  0.03478261][ 0.02261307  0.00753769  0.02261307  0.02763819  0.03266332  0.0201005
  0.01507538  0.03266332  0.02512563  0.06532663  0.07286432  0.05527638
  0.03768844  0.01256281  0.05527638  0.05527638  0.01256281  0.03015075
  0.04773869  0.05778894  0.05276382  0.00502513  0.0201005   0.00753769
  0.02763819  0.01758794  0.07035176  0.04773869  0.03517588  0.00753769][ 0.05263158  0.048583    0.01821862  0.05870445  0.04453441  0.01821862
  0.05465587  0.01821862  0.          0.00607287  0.03238866  0.01012146
  0.05060729  0.01821862  0.0465587   0.05668016  0.03441296  0.03238866
  0.02834008  0.03441296  0.01619433  0.04048583  0.03643725  0.03441296
  0.03441296  0.03441296  0.06275304  0.04048583  0.          0.03643725][ 0.03420523  0.05432596  0.01207243  0.04627767  0.05432596  0.04024145
  0.0221328   0.00603622  0.03420523  0.01207243  0.03219316  0.04828974
  0.05432596  0.00603622  0.03018109  0.05231388  0.01006036  0.04024145
  0.02012072  0.03420523  0.00402414  0.0583501   0.05030181  0.06036217
  0.03018109  0.04627767  0.05432596  0.00603622  0.00201207  0.04426559][ 0.01176471  0.05686275  0.04509804  0.          0.05294118  0.03921569
  0.01764706  0.00588235  0.03333333  0.01176471  0.03137255  0.04705882
  0.06078431  0.00588235  0.06078431  0.03529412  0.00980392  0.03921569
  0.01960784  0.0372549   0.00392157  0.06078431  0.04901961  0.05882353
  0.0254902   0.04509804  0.05294118  0.0372549   0.00196078  0.04313725][ 0.01878914  0.04384134  0.00835073  0.          0.02713987  0.03757829
  0.02296451  0.02296451  0.03966597  0.05636743  0.05636743  0.01461378
  0.0605428   0.04175365  0.0480167   0.04592902  0.03757829  0.03757829
  0.03340292  0.05219207  0.01670146  0.0605428   0.06471816  0.00626305
  0.          0.06263048  0.0605428   0.01043841  0.01043841  0.00208768][ 0.04554865  0.06004141  0.04761905  0.          0.05175983  0.05797101
  0.05590062  0.          0.01449275  0.          0.03933747  0.01035197
  0.06004141  0.04347826  0.0310559   0.06004141  0.0621118   0.01242236
  0.06004141  0.          0.02484472  0.02277433  0.04761905  0.0310559
  0.02484472  0.00828157  0.06418219  0.00414079  0.04140787  0.01863354][ 0.02521008  0.05882353  0.00630252  0.02941176  0.01680672  0.06092437
  0.03571429  0.0105042   0.0105042   0.05882353  0.05882353  0.05042017
  0.04621849  0.00420168  0.00630252  0.00210084  0.04621849  0.05462185
  0.01890756  0.05042017  0.03991597  0.03781513  0.05042017  0.06092437
  0.00630252  0.01260504  0.03151261  0.03991597  0.05042017  0.01890756][ 0.01511879  0.04535637  0.0475162   0.05615551  0.03023758  0.0237581
  0.00215983  0.06263499  0.03671706  0.01295896  0.0475162   0.06047516
  0.04967603  0.00215983  0.03887689  0.06263499  0.01079914  0.02591793
  0.01727862  0.01727862  0.0237581   0.0237581   0.03023758  0.03671706
  0.05399568  0.03455724  0.02591793  0.0475162   0.04319654  0.01511879][ 0.00808081  0.05050505  0.04646465  0.06262626  0.05858586  0.0020202
  0.04444444  0.01616162  0.04040404  0.05252525  0.05454545  0.04646465
  0.          0.05050505  0.02222222  0.04646465  0.01616162  0.03232323
  0.          0.05252525  0.00606061  0.04242424  0.04242424  0.01818182
  0.04444444  0.03030303  0.02222222  0.06060606  0.          0.03030303][ 0.03563941  0.02515723  0.03563941  0.01886792  0.04402516  0.01886792
  0.0293501   0.02515723  0.04192872  0.01048218  0.01677149  0.06079665
  0.03354298  0.          0.03983229  0.06289308  0.0230608   0.05660377
  0.00628931  0.04612159  0.00419287  0.04612159  0.05031447  0.0524109
  0.03354298  0.00209644  0.05870021  0.05031447  0.06498952  0.00628931][ 0.02027027  0.0472973   0.04504505  0.0045045   0.06531532  0.0045045
  0.02027027  0.02477477  0.04279279  0.03603604  0.04279279  0.01126126
  0.06531532  0.0472973   0.03378378  0.0472973   0.04954955  0.01576577
  0.06531532  0.          0.02702703  0.02027027  0.0518018   0.03378378
  0.02927928  0.01576577  0.04054054  0.01351351  0.04504505  0.03378378][ 0.02539062  0.04296875  0.02148438  0.05273438  0.01171875  0.0234375
  0.05273438  0.05859375  0.04296875  0.0546875   0.04101562  0.01367188
  0.02734375  0.02929688  0.03710938  0.05078125  0.0078125   0.05273438
  0.03125     0.02539062  0.0078125   0.          0.02148438  0.01953125
  0.0546875   0.0234375   0.06054688  0.05273438  0.0390625   0.01757812][ 0.05676856  0.05458515  0.01965066  0.06331878  0.02838428  0.01746725
  0.01310044  0.02838428  0.05676856  0.05676856  0.06331878  0.04803493
  0.03275109  0.01091703  0.04803493  0.04803493  0.01091703  0.02620087
  0.01746725  0.01746725  0.02401747  0.02401747  0.01965066  0.06331878
  0.00655022  0.01528384  0.03275109  0.04148472  0.05240175  0.00218341][ 0.01440329  0.03909465  0.04526749  0.05349794  0.02880658  0.05555556
  0.00205761  0.05967078  0.03497942  0.00411523  0.0473251   0.05761317
  0.0473251   0.01851852  0.03703704  0.05967078  0.01028807  0.02469136
  0.03497942  0.0473251   0.04320988  0.00411523  0.01646091  0.01440329
  0.02263374  0.01440329  0.05761317  0.03703704  0.02057613  0.0473251 ][ 0.0593047   0.03476483  0.00204499  0.01840491  0.05725971  0.03476483
  0.0408998   0.04294479  0.05725971  0.00204499  0.03271984  0.03271984
  0.06134969  0.00613497  0.00204499  0.03680982  0.02249489  0.05521472
  0.00613497  0.04498978  0.05521472  0.05725971  0.03680982  0.01226994
  0.04907975  0.01226994  0.02453988  0.01022495  0.04294479  0.04907975][ 0.03595506  0.06067416  0.01348315  0.01573034  0.06067416  0.04494382
  0.02247191  0.          0.03595506  0.02247191  0.06516854  0.06966292
  0.0247191   0.          0.05168539  0.03146067  0.02022472  0.00898876
  0.01348315  0.02247191  0.02696629  0.03146067  0.05617978  0.05617978
  0.03595506  0.00674157  0.06516854  0.06741573  0.          0.03370787][ 0.06359649  0.0504386   0.          0.04166667  0.05701754  0.04385965
  0.01973684  0.05482456  0.01315789  0.03289474  0.03947368  0.0372807
  0.01315789  0.00438596  0.00657895  0.01096491  0.04824561  0.02192982
  0.01973684  0.05263158  0.04166667  0.03947368  0.05482456  0.06359649
  0.00657895  0.01535088  0.03289474  0.04166667  0.05263158  0.01973684][ 0.02419355  0.05645161  0.00604839  0.02822581  0.01612903  0.05846774
  0.03427419  0.01008065  0.01008065  0.0483871   0.05645161  0.05040323
  0.03830645  0.01612903  0.02217742  0.03629032  0.02217742  0.04032258
  0.02016129  0.03427419  0.00403226  0.06048387  0.05040323  0.06048387
  0.02620968  0.0625      0.05443548  0.00604839  0.00201613  0.04435484][ 0.05567929  0.02672606  0.03786192  0.02004454  0.0467706   0.02004454
  0.0311804   0.02672606  0.0467706   0.01113586  0.          0.06458797
  0.03563474  0.          0.03786192  0.06904232  0.05122494  0.05122494
  0.0311804   0.03786192  0.01781737  0.04454343  0.04008909  0.03786192
  0.03786192  0.00222717  0.06904232  0.04454343  0.          0.00445434][ 0.05327869  0.05122951  0.01844262  0.05942623  0.04508197  0.02663934
  0.05532787  0.01844262  0.          0.00614754  0.03688525  0.0102459
  0.05122951  0.01844262  0.04713115  0.05737705  0.03483607  0.03278689
  0.01434426  0.04098361  0.05532787  0.00409836  0.05737705  0.01639344
  0.0307377   0.05532787  0.02868852  0.0204918   0.00819672  0.04508197][ 0.02954545  0.06363636  0.05        0.02045455  0.01363636  0.01818182
  0.05681818  0.          0.01136364  0.02727273  0.06136364  0.04318182
  0.025       0.01136364  0.02954545  0.04090909  0.05227273  0.06363636
  0.          0.03863636  0.00909091  0.06590909  0.06590909  0.06818182
  0.07045455  0.02045455  0.          0.02272727  0.00681818  0.01363636][ 0.03373016  0.05357143  0.01190476  0.0297619   0.05357143  0.03968254
  0.0218254   0.00595238  0.03373016  0.01190476  0.03174603  0.04960317
  0.06150794  0.00595238  0.06150794  0.03571429  0.00992063  0.03968254
  0.01984127  0.03373016  0.00396825  0.06150794  0.05357143  0.05952381
  0.02579365  0.04563492  0.05357143  0.00595238  0.00198413  0.04365079][ 0.03320312  0.05273438  0.01171875  0.01367188  0.05273438  0.0390625
  0.02148438  0.00585938  0.03320312  0.00390625  0.03125     0.046875
  0.06054688  0.00585938  0.06054688  0.03515625  0.00976562  0.0390625
  0.01953125  0.03320312  0.00390625  0.06054688  0.04882812  0.05859375
  0.02539062  0.04492188  0.05273438  0.01953125  0.01757812  0.05859375][ 0.03483607  0.05532787  0.01229508  0.01434426  0.05532787  0.04098361
  0.02254098  0.00409836  0.03483607  0.01229508  0.03278689  0.04918033
  0.06352459  0.00614754  0.06352459  0.03688525  0.0102459   0.04098361
  0.0204918   0.03483607  0.00409836  0.06352459  0.05122951  0.06147541
  0.02663934  0.04713115  0.01434426  0.03893443  0.00204918  0.04508197][ 0.03671706  0.05831533  0.01295896  0.01511879  0.05831533  0.04319654
  0.02159827  0.01727862  0.05183585  0.02159827  0.06695464  0.06695464
  0.0237581   0.00863931  0.04967603  0.02159827  0.01943844  0.00863931
  0.03023758  0.02159827  0.02591793  0.01295896  0.05183585  0.05399568
  0.03455724  0.00647948  0.06263499  0.06479482  0.          0.03239741][ 0.03181818  0.06363636  0.00681818  0.03181818  0.02272727  0.06590909
  0.03863636  0.01136364  0.01136364  0.05454545  0.06363636  0.03636364
  0.05        0.00454545  0.00681818  0.00227273  0.05        0.05909091
  0.00227273  0.05454545  0.04318182  0.04090909  0.06136364  0.02954545
  0.00681818  0.01590909  0.03409091  0.04318182  0.05454545  0.00227273][ 0.03908046  0.0183908   0.03908046  0.02068966  0.04827586  0.02068966
  0.03218391  0.02758621  0.04597701  0.01149425  0.          0.06666667
  0.03678161  0.          0.03908046  0.06896552  0.05287356  0.05287356
  0.01609195  0.04597701  0.06206897  0.0045977   0.06436782  0.02298851
  0.03448276  0.05747126  0.03218391  0.02298851  0.          0.01609195][ 0.04831933  0.04831933  0.04621849  0.05462185  0.02941176  0.05672269
  0.00210084  0.06092437  0.03571429  0.00420168  0.04831933  0.05882353
  0.04831933  0.02731092  0.03781513  0.06092437  0.0105042   0.02521008
  0.02521008  0.01680672  0.02310924  0.02310924  0.03571429  0.06092437
  0.00630252  0.01470588  0.03151261  0.00630252  0.05042017  0.00210084][ 0.02547771  0.05944798  0.00636943  0.02972399  0.01698514  0.05944798
  0.          0.01061571  0.01061571  0.05095541  0.05944798  0.05095541
  0.04670913  0.00424628  0.00636943  0.00212314  0.04670913  0.0552017
  0.01910828  0.05095541  0.0403397   0.03821656  0.04670913  0.03609342
  0.05307856  0.04246285  0.02760085  0.04670913  0.04246285  0.014862  ][ 0.04294479  0.05521472  0.00817996  0.01431493  0.05521472  0.0408998
  0.0204499   0.01635992  0.03271984  0.06134969  0.06339468  0.0593047
  0.02249489  0.          0.04703476  0.0204499   0.01840491  0.00817996
  0.06339468  0.0204499   0.02453988  0.01226994  0.05112474  0.05112474
  0.03271984  0.00613497  0.0593047   0.06134969  0.          0.03067485][ 0.01538462  0.05054945  0.01318681  0.05714286  0.03076923  0.05934066
  0.0021978   0.06373626  0.03736264  0.0043956   0.05054945  0.06153846
  0.05054945  0.01978022  0.04835165  0.05494505  0.01098901  0.02637363
  0.01758242  0.01758242  0.02417582  0.02417582  0.01978022  0.06373626
  0.00659341  0.00659341  0.06373626  0.06593407  0.          0.03296703][ 0.03769401  0.05986696  0.01330377  0.01552106  0.05986696  0.0443459
  0.02217295  0.01773836  0.03547672  0.02217295  0.06873614  0.06873614
  0.02439024  0.          0.06873614  0.02217295  0.01995565  0.00886918
  0.03104213  0.02217295  0.02660754  0.01330377  0.05543237  0.05543237
  0.03547672  0.01552106  0.03325942  0.0421286   0.05764967  0.00221729][ 0.04047619  0.02857143  0.04047619  0.02142857  0.05        0.02142857
  0.03333333  0.00952381  0.04761905  0.01190476  0.          0.06904762
  0.04761905  0.          0.04047619  0.07142857  0.0547619   0.01666667
  0.03333333  0.04047619  0.02142857  0.04761905  0.04285714  0.04047619
  0.04047619  0.00238095  0.07380952  0.04761905  0.          0.0047619 ][ 0.02857143  0.04395604  0.04835165  0.01978022  0.01318681  0.01758242
  0.03736264  0.          0.04615385  0.04395604  0.04175824  0.05054945
  0.02417582  0.01098901  0.02857143  0.05714286  0.04835165  0.06153846
  0.          0.03736264  0.00879121  0.06373626  0.06373626  0.06593407
  0.06813187  0.01978022  0.00879121  0.02197802  0.00659341  0.01318681][ 0.04594595  0.07297297  0.00540541  0.03783784  0.02162162  0.07837838
  0.0027027   0.01351351  0.01891892  0.02972973  0.07297297  0.01081081
  0.05135135  0.02432432  0.07567568  0.02432432  0.05675676  0.02702703
  0.02162162  0.02972973  0.          0.00810811  0.02702703  0.01621622
  0.08108108  0.02702703  0.04054054  0.04324324  0.00540541  0.02972973][ 0.02474227  0.05773196  0.00618557  0.01443299  0.0556701   0.04123711
  0.02268041  0.00618557  0.03505155  0.01237113  0.03298969  0.04948454
  0.06391753  0.00618557  0.06391753  0.0371134   0.01030928  0.04123711
  0.02061856  0.03298969  0.00412371  0.06391753  0.05154639  0.06185567
  0.02680412  0.04742268  0.0556701   0.00618557  0.00206186  0.04536082][ 0.03441296  0.05465587  0.01214575  0.01417004  0.05465587  0.04048583
  0.02226721  0.048583    0.03238866  0.02024291  0.06275304  0.06275304
  0.02226721  0.          0.0465587   0.02024291  0.01821862  0.00809717
  0.02834008  0.02024291  0.0242915   0.01214575  0.05060729  0.05060729
  0.03238866  0.04453441  0.03036437  0.03846154  0.048583    0.04453441][ 0.05991736  0.04752066  0.          0.0392562   0.05371901  0.04545455
  0.01859504  0.05165289  0.01446281  0.02272727  0.03719008  0.03512397
  0.0392562   0.01652893  0.02272727  0.03719008  0.02272727  0.04132231
  0.02066116  0.03512397  0.00413223  0.06404959  0.05165289  0.06198347
  0.0268595   0.04752066  0.05578512  0.00619835  0.01859504  0.00206612][ 0.03803132  0.05816555  0.01342282  0.01565996  0.06040268  0.04474273
  0.02237136  0.01789709  0.03579418  0.02237136  0.06935123  0.06935123
  0.0246085   0.00447427  0.05145414  0.02237136  0.02013423  0.00894855
  0.02684564  0.02237136  0.03355705  0.0246085   0.02013423  0.06487696
  0.00671141  0.01565996  0.06935123  0.05145414  0.05369128  0.01118568][ 0.01234568  0.0473251   0.04526749  0.05349794  0.02880658  0.05555556
  0.00205761  0.05967078  0.03497942  0.00411523  0.04526749  0.05761317
  0.0473251   0.01851852  0.03703704  0.05967078  0.01028807  0.02469136
  0.01646091  0.01646091  0.01646091  0.01234568  0.05144033  0.05144033
  0.03292181  0.00617284  0.05967078  0.05761317  0.00411523  0.0308642 ][ 0.05338809  0.0513347   0.01848049  0.05954825  0.04517454  0.02669405
  0.05544148  0.01848049  0.          0.03901437  0.03285421  0.00821355
  0.04928131  0.01848049  0.04722793  0.04928131  0.0349076   0.03285421
  0.02874743  0.0349076   0.0164271   0.04106776  0.03696099  0.04517454
  0.01848049  0.04722793  0.05544148  0.00616016  0.          0.02874743][ 0.03497942  0.05555556  0.01234568  0.01440329  0.05555556  0.00823045
  0.02263374  0.00617284  0.03497942  0.01234568  0.04115226  0.05761317
  0.06378601  0.00617284  0.06378601  0.03703704  0.01028807  0.04115226
  0.01646091  0.05144033  0.00411523  0.0617284   0.05555556  0.05144033
  0.03497942  0.00205761  0.06378601  0.04115226  0.          0.03909465][ 0.0389016   0.0617849   0.01372998  0.01601831  0.0617849   0.04576659
  0.05949657  0.01830664  0.03661327  0.0228833   0.06636156  0.07093822
  0.02517162  0.          0.05263158  0.0228833   0.02059497  0.00915332
  0.03203661  0.0228833   0.02745995  0.01372998  0.05720824  0.02974828
  0.00686499  0.01601831  0.03432494  0.04347826  0.05491991  0.01830664][ 0.02526316  0.05894737  0.00631579  0.02947368  0.01684211  0.06105263
  0.03578947  0.01052632  0.01052632  0.05052632  0.05894737  0.05052632
  0.04631579  0.00421053  0.00631579  0.00210526  0.04631579  0.05473684
  0.01894737  0.05052632  0.04        0.03789474  0.05263158  0.05263158
  0.03368421  0.01473684  0.03157895  0.04        0.05052632  0.00210526][ 0.00856531  0.05781585  0.01498929  0.06638116  0.0620985   0.00214133
  0.04710921  0.01713062  0.03426124  0.02141328  0.06638116  0.06638116
  0.0235546   0.          0.04496788  0.01927195  0.06423983  0.01498929
  0.0620985   0.          0.02569593  0.0235546   0.04925054  0.0235546
  0.02783726  0.01284797  0.0385439   0.01284797  0.05995717  0.03211991][ 0.02107728  0.04918033  0.04683841  0.00468384  0.03044496  0.00468384
  0.02576112  0.02576112  0.04449649  0.03747073  0.04449649  0.0117096
  0.06791569  0.04918033  0.03512881  0.05152225  0.02107728  0.04683841
  0.03278689  0.0234192   0.02810304  0.01405152  0.05854801  0.05620609
  0.          0.00468384  0.06791569  0.07025761  0.          0.02576112][ 0.03413655  0.05421687  0.01204819  0.02610442  0.01204819  0.0562249
  0.0502008   0.          0.01004016  0.04016064  0.03815261  0.062249
  0.02208835  0.01004016  0.02610442  0.05220884  0.04417671  0.0562249   0.
  0.0502008   0.00803213  0.05823293  0.0502008   0.06024096  0.03012048
  0.03012048  0.05421687  0.0060241   0.00200803  0.04417671][ 0.025       0.05384615  0.04230769  0.01346154  0.05192308  0.03846154
  0.02115385  0.03653846  0.03269231  0.01153846  0.03076923  0.04615385
  0.05961538  0.00576923  0.05961538  0.03461538  0.00961538  0.04230769
  0.01923077  0.03269231  0.00384615  0.05961538  0.04038462  0.05769231
  0.025       0.04423077  0.05192308  0.00576923  0.00192308  0.04230769][-328.15  -45.47   45.    -23.6  -217.95  -52.68    8.9    43.76 -182.17
  -10.67 -124.49  -47.94   19.66   95.43  -97.25 -209.45 -118.87   56.79
 -170.86   -9.35  -87.87 -163.72 -114.31 -126.51  -29.65 -288.41  -23.9
   36.85 -201.79 -211.42  -99.64 -114.59 -235.92 -176.42   -7.42  -55.39
 -268.65 -127.58  -84.93 -173.97  -26.27 -238.   -147.8  -170.65 -196.71
 -245.15  -78.93 -192.17  -25.47  -50.15  -79.13 -274.   -134.17  -38.64
  -14.67  -40.8   -73.96 -149.    123.89 -116.52 -199.36 -217.49   78.68
 -148.73 -219.16   12.14 -123.53   43.95   55.12 -136.97  -83.02   12.39
 -194.56 -273.91 -135.32 -262.28  -50.52 -189.37 -225.64  -24.95  -13.73
 -198.6   -54.03   -5.15 -226.64 -240.37  -24.9  -386.38 -194.27   12.14
 -150.15  -74.46  -70.64 -100.99 -158.82  -21.95    0.41  -53.5  -281.48
  -19.44]