[  9.99857163e-02   2.28538780e-02   9.31295529e-02   2.08541637e-02
   1.42836738e-04   8.71304099e-03   2.71389801e-03   7.14183688e-04
   1.88544494e-02   1.02842451e-02   7.14183688e-02   9.28438794e-03
   7.09898586e-02   8.67018997e-02   1.39980003e-02   2.51392658e-02
   1.30695615e-01   1.44122268e-01   3.77088987e-02   1.31695472e-01]
[  1.18818040e-01   2.11508554e-02   2.17729393e-02   4.04354588e-03
   3.98133748e-02   9.33125972e-03   1.29082426e-02   3.57698289e-03
   2.05287714e-02   1.24416796e-03   3.79471229e-02   1.55520995e-04
   7.72939347e-02   9.44012442e-02   1.58631415e-02   2.73716952e-02
   1.52255054e-01   1.56920684e-01   4.10575428e-02   1.43545879e-01]
[ 0.07803468  0.0984104   0.09653179  0.00375723  0.          0.00809249
  0.01184971  0.03800578  0.01849711  0.02947977  0.07254335  0.0099711
  0.07210983  0.00216763  0.01445087  0.02312139  0.14147399  0.14580925
  0.0017341   0.13395954]
[ 0.07156489  0.0969193   0.12636314  0.00899673  0.00899673  0.02467285
  0.016494    0.0009542   0.01826609  0.01853871  0.02835333  0.00886041
  0.0688386   0.01294984  0.01499455  0.02399128  0.13345147  0.13754089
  0.05343511  0.12581788]
[ 0.02014203  0.06726921  0.08573273  0.03305358  0.06714009  0.00361524
  0.058102    0.00064558  0.00464816  0.03757263  0.00645578  0.00309877
  0.03873467  0.10238864  0.01730148  0.01936733  0.11814074  0.1302776
  0.10019367  0.08612008]
[ 0.02111685  0.07895354  0.10652276  0.00023463  0.03003285  0.00715626
  0.09232755  0.00082121  0.01548569  0.01595495  0.11098076  0.00762553
  0.05854059  0.06370249  0.01196621  0.02064758  0.11485218  0.10335523
  0.03144064  0.1082825 ]
[ 0.10985562  0.00125549  0.08223478  0.02291274  0.00062775  0.00957313
  0.02306968  0.00078468  0.0210295   0.02134338  0.07862524  0.01020088
  0.07799749  0.08521657  0.01537979  0.02762084  0.10342122  0.15583804
  0.00313873  0.14987445]
[ 0.07274747  0.09065667  0.0040261   0.00194363  0.          0.00735805
  0.00930168  0.00097182  0.01860336  0.02221297  0.0688602   0.02762738
  0.14146883  0.07510759  0.01860336  0.00360961  0.13202832  0.14008052
  0.0366514   0.12814105]
[ 0.10486891  0.02037453  0.10726592  0.00389513  0.00179775  0.0094382
  0.01243446  0.00344569  0.01977528  0.02037453  0.0552809   0.00973783
  0.03610487  0.08074906  0.09198502  0.02157303  0.14786517  0.15116105
  0.00194757  0.09992509]
[ 0.04778529  0.0751691   0.09906175  0.0002182   0.01396465  0.00665503
  0.03698451  0.00425485  0.04407593  0.01832861  0.10320751  0.06295003
  0.05444032  0.05924067  0.00763692  0.0192014   0.10680777  0.11008073
  0.02923849  0.10069823]
[ 0.08933129  0.01735579  0.08320572  0.01863196  0.00051046  0.07210311
  0.00242471  0.00063808  0.00051046  0.01735579  0.06380807  0.00829505
  0.06342522  0.07542113  0.07784584  0.02246044  0.12493619  0.12876468
  0.03369066  0.09928535]
[ 0.08497468  0.10030951  0.09397862  0.00365785  0.03601576  0.00858188
  0.01280248  0.03700056  0.05402364  0.02841868  0.06978053  0.00900394
  0.03418683  0.0763928   0.00534609  0.04051773  0.06682611  0.14307822
  0.00168824  0.09341587]
[ 0.09279818  0.01935668  0.01992599  0.02077996  0.          0.00868204
  0.00270424  0.00071164  0.01878736  0.02163393  0.07116425  0.00925135
  0.07073726  0.08582408  0.01366354  0.02504981  0.13023057  0.14360945
  0.11044691  0.13464276]
[ 0.09746503  0.09498834  0.09731935  0.00262238  0.00932401  0.00422494
  0.01194639  0.00101981  0.01923077  0.0011655   0.07226107  0.01005245
  0.0354021   0.11596737  0.00553613  0.02534965  0.14787296  0.14466783
  0.00641026  0.09717366]
[ 0.1092701   0.00114269  0.09312955  0.02199686  0.00114269  0.00871304
  0.00957006  0.00099986  0.01885445  0.0194258   0.07084702  0.04642194
  0.07127553  0.11369804  0.0054278   0.02485359  0.13983717  0.14183688
  0.00628482  0.0952721 ]
[  1.02729674e-01   7.70472557e-02   9.80334605e-02   3.78632228e-02
   0.00000000e+00   1.83445847e-02   1.20340475e-02   3.22864690e-03
   1.93718814e-02   1.17405342e-03   3.58086293e-02   1.46756677e-04
   7.35250954e-02   8.90813032e-02   1.49691811e-02   2.58291752e-02
   6.85353684e-02   1.48077488e-01   3.87437628e-02   1.35456413e-01]
[ 0.09174796  0.01792776  0.06907461  0.01924598  0.          0.00804113
  0.00224097  0.00065911  0.01740047  0.01792776  0.06591089  0.00856842
  0.05707883  0.11376219  0.01344582  0.02372792  0.11850778  0.13089902
  0.1022937   0.12153968]
[  8.98442883e-02   1.87405264e-02   8.98442883e-02   2.01185063e-02
   1.37797988e-04   7.30329337e-03   2.61816177e-03   6.88989941e-04
   1.81893344e-02   8.92930963e-02   6.88989941e-02   8.95686923e-03
   6.84856001e-02   1.30908089e-02   1.35042028e-02   5.95287309e-02
   1.26085159e-01   1.39038170e-01   4.07882045e-02   1.24844977e-01]
[ 0.13974565  0.01871071  0.02046484  0.02148809  0.          0.00891683
  0.00277737  0.00073089  0.01929542  0.01988013  0.07308873  0.00950153
  0.0726502   0.08872972  0.01432539  0.03508259  0.13375238  0.14749306
  0.03859085  0.13477562]
[ 0.09351692  0.0562249   0.09351692  0.02094091  0.          0.00874928
  0.00272519  0.00071715  0.01835915  0.0195066   0.07171543  0.00932301
  0.07128514  0.08706254  0.01405622  0.02524383  0.13123924  0.14472174
  0.03786575  0.09323006]
[ 0.0951087   0.01847826  0.08858696  0.01983696  0.          0.00828804
  0.00258152  0.07024457  0.0173913   0.01847826  0.03315217  0.01317935
  0.06752717  0.08682065  0.00516304  0.02391304  0.1330163   0.13709239
  0.03586957  0.12527174]
[ 0.10643731  0.09151996  0.08977288  0.00349415  0.00107512  0.00739148
  0.01115441  0.00094073  0.01733638  0.02687811  0.03279129  0.00873539
  0.0667921   0.07297406  0.01317027  0.02365273  0.13183712  0.13560005
  0.03440398  0.12404247]
[  2.04051887e-02   9.54671331e-02   9.73619006e-02   2.91502696e-04
   1.16601079e-03   8.16207550e-03   1.20973619e-02   3.83326046e-02
   1.89476753e-02   2.91502696e-02   6.85031337e-02   1.45751348e-04
   7.36044308e-02   8.73050576e-02   1.48666375e-02   2.68182481e-02
   1.42690570e-01   1.47063110e-01   5.77175339e-02   5.99038041e-02]
[ 0.08627576  0.00655057  0.10672631  0.00415402  0.          0.00974597
  0.11551366  0.00239655  0.02108963  0.0244448   0.07924589  0.01038505
  0.01837354  0.00495287  0.01629653  0.06902061  0.14618949  0.12030676
  0.00063908  0.15769292]
[ 0.08802817  0.01760563  0.09004024  0.01836016  0.          0.00767103
  0.01848592  0.07306338  0.0165996   0.0331992   0.06287726  0.00817404
  0.0625      0.10852616  0.01332998  0.02263581  0.08287223  0.12688632
  0.0331992   0.11594567]
[ 0.08597046  0.01793249  0.11972574  0.01925105  0.          0.00804325
  0.00250527  0.05129219  0.01951477  0.00105485  0.06592827  0.00843882
  0.0655327   0.08003692  0.01292194  0.02320675  0.12064873  0.13304325
  0.04324895  0.12170359]
[ 0.06315536  0.07870315  0.0189225   0.00120525  0.03097505  0.00638785
  0.01000362  0.00084368  0.04700494  0.01542726  0.05978064  0.00831626
  0.12136917  0.06520429  0.01615042  0.07978788  0.11413764  0.12161022
  0.03181873  0.10919609]
[ 0.09985775  0.01934566  0.09274538  0.02076814  0.          0.00753912
  0.0027027   0.00071124  0.01877667  0.01934566  0.07112376  0.00924609
  0.07069701  0.08520626  0.01450925  0.02503556  0.13015647  0.14352774
  0.03755334  0.1311522 ]
[ 0.10332985  0.0203076   0.07824399  0.02180081  0.          0.00910856
  0.00283709  0.0007466   0.02926684  0.02060624  0.07227117  0.00970584
  0.07421233  0.0906376   0.01463342  0.00716739  0.11751531  0.15051516
  0.03942064  0.13767359]
[  1.12059925e-01   2.03745318e-02   9.76779026e-02   4.49438202e-03
   0.00000000e+00   9.13857678e-03   1.24344569e-02   3.44569288e-03
   1.97752809e-02   1.19850187e-03   3.65543071e-02   1.49812734e-04
   7.44569288e-02   9.09363296e-02   1.52808989e-02   2.63670412e-02
   1.46666667e-01   1.51161049e-01   3.95505618e-02   1.38277154e-01]
[ 0.0745165   0.09286121  0.02005119  0.00142207  0.          0.00767918
  0.01180319  0.00071104  0.01905575  0.01934016  0.07067691  0.0120876
  0.14263367  0.07579636  0.00085324  0.00255973  0.13580774  0.14348692
  0.03754266  0.1311149 ]
[  9.54107965e-02   0.00000000e+00   5.52378295e-02   1.81336309e-02
   7.14186079e-02   8.36936811e-03   2.65029990e-03   1.39489469e-04
   1.86915888e-02   1.89705677e-02   6.91867764e-02   9.06681546e-03
   6.93262659e-02   8.46701074e-02   1.36699679e-02   2.23183150e-02
   1.36560190e-01   1.40744874e-01   3.68252197e-02   1.28609290e-01]
[ 0.09946     0.06944619  0.08388798  0.00313952  0.00100465  0.0719578
  0.01042321  0.00087907  0.01607434  0.02511616  0.0307673   0.00816275
  0.06241366  0.07622755  0.01230692  0.02210222  0.11490644  0.12671104
  0.04922768  0.11578551]
[ 0.0662037   0.01574074  0.06064815  0.01689815  0.          0.00706019
  0.00208333  0.05983796  0.01527778  0.01574074  0.05787037  0.009375
  0.11678241  0.09988426  0.01134259  0.02037037  0.11331019  0.11678241
  0.08888889  0.10590278]
[ 0.10041601  0.01965285  0.09353034  0.02094391  0.00918089  0.00875054
  0.00329938  0.00071726  0.01893559  0.0195094   0.07115192  0.00932434
  0.05293358  0.08707503  0.01405824  0.02524745  0.13125807  0.1438818
  0.03787118  0.13226223]
[ 0.10463734  0.09050073  0.08825472  0.00343506  0.03382217  0.00805919
  0.01096578  0.0051526   0.01743956  0.02642357  0.06553045  0.00858766
  0.06566257  0.08019553  0.00449201  0.02325274  0.12934337  0.11243229
  0.          0.12181266]
[ 0.08415075  0.01755292  0.08415075  0.01884357  0.09912235  0.00580795
  0.00245225  0.00064533  0.01703665  0.01755292  0.06453278  0.00838926
  0.06414559  0.07627775  0.01264843  0.02271554  0.11809499  0.13022716
  0.03665462  0.11899845]
[  8.99186319e-02   3.19955868e-02   8.99186319e-02   5.54406289e-02
   0.00000000e+00   8.41263274e-03   2.62032823e-03   2.34450421e-03
   1.82043856e-02   1.87560337e-02   6.89560061e-02   1.37912012e-04
   6.85422700e-02   8.26092953e-02   1.35153772e-02   2.20659219e-02
   1.26051579e-01   1.39153220e-01   3.64087712e-02   1.24948283e-01]
[ 0.07361963  0.09284254  0.09107021  0.00354465  0.          0.00831629
  0.09856851  0.00095433  0.01799591  0.0208589   0.067621    0.00872529
  0.05057941  0.07402863  0.01390593  0.02399455  0.12447171  0.10252215
  0.00054533  0.12583504]
[ 0.08829902  0.0184182   0.08829902  0.01977248  0.          0.00826111
  0.00257313  0.00067714  0.01895991  0.0184182   0.06771398  0.06080715
  0.06730769  0.08220477  0.01327194  0.02383532  0.12391658  0.1366468
  0.03575298  0.12486457]
[ 0.07073618  0.08946817  0.08750327  0.00340582  0.          0.00628766
  0.01087241  0.03445114  0.01676709  0.02619859  0.06575845  0.00903851
  0.06510348  0.07951271  0.01283731  0.02305476  0.11985853  0.12378832
  0.03458213  0.12077548]
[ 0.10480611  0.02036233  0.10241054  0.02185956  0.00029945  0.0091331
  0.00284474  0.00074862  0.02006288  0.05869142  0.07486151  0.01092978
  0.07441234  0.02141039  0.0149723   0.02395568  0.14657883  0.15107052
  0.00179668  0.13879323]
[ 0.0954719   0.00109111  0.08892526  0.01963993  0.          0.00831969
  0.00259138  0.00095472  0.01827605  0.01745772  0.06764866  0.01377523
  0.13897981  0.00395526  0.0553737   0.03791598  0.12915985  0.13870704
  0.03600655  0.12575014]
[ 0.10921311  0.09367124  0.02198264  0.00140017  0.          0.00742089
  0.01162139  0.00966116  0.01848222  0.01904229  0.0700084   0.00910109
  0.06958835  0.0849902   0.01372165  0.02464296  0.12811537  0.14127695
  0.03696444  0.12909549]
[  1.21960344e-01   2.54395810e-02   1.20463898e-01   2.73101384e-02
   0.00000000e+00   1.14104003e-02   3.17994762e-03   1.87055743e-04
   2.46913580e-02   1.34680135e-02   9.35278713e-02   1.21586233e-02
   9.33408156e-02   2.80583614e-03   1.87055743e-02   3.06771418e-02
   3.94687617e-02   1.88739244e-01   2.24466891e-03   1.70220726e-01]
[ 0.1091954   0.02171137  0.10408685  0.02330779  0.          0.00973819
  0.00303321  0.00079821  0.0210728   0.02171137  0.05938697  0.05124521
  0.03847382  0.09690294  0.01564496  0.0293742   0.12563857  0.16107918
  0.04214559  0.06545338]
[ 0.08194842  0.01948424  0.09340974  0.02148997  0.          0.00816619
  0.00272206  0.00071633  0.01891117  0.01948424  0.07163324  0.00988539
  0.07120344  0.08696275  0.01404011  0.0252149   0.13108883  0.14455587
  0.0469914   0.13209169]
[ 0.10935928  0.02281114  0.109527    0.02448843  0.          0.01023147
  0.00318685  0.00083864  0.02214022  0.02281114  0.04092586  0.01090238
  0.08369675  0.00251593  0.01610198  0.0295203   0.16420664  0.16923851
  0.00201275  0.15548474]
[ 0.09706518  0.01727862  0.08283573  0.0185491   0.          0.00774997
  0.06746284  0.00063524  0.01677042  0.01727862  0.06352433  0.00825816
  0.03049168  0.07711854  0.07749968  0.05488502  0.11624952  0.1281921
  0.03354085  0.08461441]
[ 0.09215799  0.01946193  0.0933028   0.01860332  0.00515169  0.00872925
  0.00271895  0.00071551  0.01888952  0.01946193  0.07155123  0.00930166
  0.07112192  0.08686319  0.01631368  0.02060675  0.13093875  0.14439038
  0.03777905  0.13194047]
[  15.55   48.66   10.92 -133.44  -65.88   16.9   -26.81   -2.22 -118.7
   48.21  -25.04  -89.31  103.91   84.84 -175.05  -62.02 -213.44   93.83
 -122.58  -67.25  -30.07   32.8    -7.61   40.71   37.58  -41.74   74.78
  104.16  -42.26   49.66  -86.67   60.34  -47.91  -38.3   -87.93  -43.82
    0.67   -7.1    44.15 -129.13  -39.09   51.95 -122.86  -11.4    77.57
  -76.56  -74.55 -101.71  -25.52   59.12]
