[ 0.05796286  0.00112549  0.00112549  0.00506472  0.00562746  0.02532358
  0.          0.00619021  0.00450197  0.00112549  0.23804164  0.04164322
  0.00056275  0.00225098  0.00056275  0.00112549  0.          0.00281373
  0.00393922  0.0073157   0.00337648  0.00056275  0.55655599  0.00337648
  0.          0.00393922  0.00506472  0.00056275  0.00844119  0.01181767]
[ 0.02813439  0.0005463   0.01147228  0.00245834  0.00273149  0.15214422
  0.          0.00300464  0.0021852   0.0005463   0.1155422   0.16006556
  0.00027315  0.0010926   0.00027315  0.1403988   0.00437039  0.00136575
  0.00191205  0.00245834  0.03660202  0.04397706  0.27014477  0.0016389   0.
  0.00191205  0.00245834  0.00245834  0.00409724  0.00573614]
[ 0.12294875  0.00479677  0.00050492  0.00227215  0.03483969  0.04165615
  0.          0.06513507  0.03483969  0.02474123  0.10679121  0.01666246
  0.00025246  0.00100985  0.00176723  0.00252461  0.00201969  0.00126231
  0.00378692  0.03559707  0.04190861  0.00025246  0.24968442  0.13077506
  0.          0.02600353  0.00706892  0.00050492  0.03458723  0.00580661]
[ 0.09474708  0.10953307  0.00038911  0.00175097  0.00194553  0.03365759
  0.          0.00214008  0.00194553  0.00661479  0.08190661  0.01284047
  0.00019455  0.00077821  0.00136187  0.00038911  0.          0.00097276
  0.00914397  0.1270428   0.007393    0.05        0.19241245  0.10077821
  0.          0.01381323  0.00466926  0.00038911  0.12626459  0.01692607]
[ 0.12993597  0.00506937  0.00053362  0.00667022  0.00266809  0.0120064   0.
  0.0029349   0.00266809  0.0090715   0.11286019  0.01760939  0.00026681
  0.13767343  0.00186766  0.00053362  0.00640342  0.03548559  0.00400213
  0.03762006  0.01013874  0.          0.26387407  0.07203842  0.
  0.00186766  0.0149413   0.06883671  0.03655283  0.0058698 ]
[ 0.13784319  0.00509482  0.00056609  0.00254741  0.00283046  0.04896688
  0.          0.00084914  0.00056609  0.00962355  0.11972828  0.01868101
  0.00028305  0.00113218  0.00198132  0.03679592  0.0384942   0.07387489
  0.00424568  0.00367959  0.01075573  0.00028305  0.27993207  0.14661761
  0.          0.00198132  0.00679309  0.00056609  0.03877724  0.00651005]
[ 0.00959693  0.02629559  0.00057582  0.12456814  0.00172745  0.08195777
  0.00038388  0.00211132  0.00191939  0.00652591  0.08119002  0.00268714
  0.00019194  0.04990403  0.00019194  0.00038388  0.          0.04932821
  0.0074856   0.0024952   0.0134357   0.          0.18963532  0.00268714
  0.03685221  0.00134357  0.09980806  0.09846449  0.10422265  0.00403071]
[ 0.04347826  0.00126636  0.00759814  0.00379907  0.00422119  0.01983959
  0.          0.05867455  0.          0.00084424  0.17855635  0.00422119
  0.00042212  0.00168848  0.00042212  0.00084424  0.          0.02912621
  0.00295483  0.00548755  0.02954833  0.11017307  0.41747573  0.00295483
  0.          0.00295483  0.00379907  0.00042212  0.00633179  0.06289574]
[ 0.0348916   0.00067751  0.00067751  0.18191057  0.10094851  0.0152439   0.
  0.0145664   0.00271003  0.00067751  0.14600271  0.02506775  0.00033875
  0.00135501  0.00033875  0.00067751  0.          0.04471545  0.00237127
  0.00440379  0.00203252  0.00033875  0.29166667  0.00203252  0.
  0.00237127  0.00304878  0.02201897  0.0050813   0.09383469]
[ 0.12896825  0.00079365  0.10238095  0.00039683  0.00396825  0.01785714
  0.00634921  0.00436508  0.0031746   0.10238095  0.37103175  0.02936508
  0.00039683  0.0015873   0.00039683  0.00079365  0.          0.00198413
  0.00277778  0.00515873  0.00238095  0.00039683  0.18928571  0.00277778
  0.          0.00277778  0.00357143  0.00039683  0.00595238  0.00833333]
[ 0.46801144  0.19553385  0.13765131  0.17210458  0.18506374  0.08515615
  0.13248449  0.31171678  0.20491453  0.2057568 ]
