[ 0.03512115  0.07664035  0.03934114  0.0076232   0.01034577  0.00530901
  0.04396951  0.00231418  0.01756058  0.02749796  0.07065069  0.01020964
  0.116526    0.06071331  0.00054451  0.08154097  0.12945821  0.11162537
  0.02001089  0.13299755]
[ 0.03514029  0.0766821   0.03936257  0.00776355  0.0103514   0.0053119
  0.04399346  0.00667393  0.01757014  0.01879597  0.07014437  0.0102152
  0.11658949  0.06074639  0.07463906  0.01184963  0.12939254  0.11168619
  0.02002179  0.13307001]
[ 0.03546466  0.08115454  0.03740616  0.00737769  0.00983691  0.00504789
  0.04387782  0.00220036  0.01669687  0.09241522  0.08296661  0.00970748
  0.12762102  0.05772716  0.00465959  0.01126068  0.12296143  0.10613513
  0.01902666  0.12645612]
[ 0.02209742  0.0379685   0.03674765  0.00634843  0.03271884  0.01257478
  0.07056525  0.          0.02539372  0.02075449  0.09937737  0.01855695
  0.12281773  0.12257356  0.01220852  0.01037724  0.11207423  0.06983274
  0.06482725  0.10218533]
[  3.63226806e-02   9.71420527e-02   4.06870336e-02   7.88399268e-03
   9.57341968e-03   4.15317471e-02   4.54737435e-02   2.39335492e-03
   1.40785584e-04   1.04181332e-02   4.22356751e-04   1.95691961e-02
   1.20512460e-01   1.41911868e-01   1.36562016e-02   1.22483458e-02
   9.26369140e-02   1.15444179e-01   7.47571449e-02   1.17274391e-01]
[ 0.08279493  0.03338119  0.04737976  0.02225413  0.00813592  0.02715961
  0.02488634  0.00203398  0.00969131  0.00681981  0.09356305  0.0028715
  0.12227806  0.12203877  0.00634123  0.03577411  0.12215841  0.09045226
  0.09392199  0.04606365]
[ 0.01627613  0.03914691  0.04475937  0.02581731  0.00056125  0.03241195
  0.0098218   0.00224498  0.01136523  0.00799776  0.11758103  0.02034517
  0.12487723  0.13862775  0.01403115  0.01304897  0.06145643  0.11056546
  0.07422478  0.13483934]
[ 0.079406    0.05795607  0.08260287  0.00577498  0.00866247  0.03042178
  0.03660926  0.00175312  0.          0.02083118  0.05310921  0.00154687
  0.08827472  0.10549655  0.05651232  0.03073115  0.0952872   0.07466227
  0.07765288  0.09270909]
[ 0.03076556  0.0671357   0.0344622   0.06785118  0.00906272  0.00465061
  0.03851658  0.00202719  0.01538278  0.02408777  0.06141188  0.00894348
  0.10112092  0.11423802  0.00429287  0.01037443  0.11328404  0.09730503
  0.07858335  0.1165037 ]
[ 0.03845583  0.08344469  0.05241277  0.00831477  0.01009651  0.04380104
  0.00994803  0.00311804  0.05716407  0.02999258  0.07884187  0.02123237
  0.05167038  0.06622123  0.00534521  0.01262064  0.14105419  0.11937639
  0.02182628  0.1450631 ]
[ 0.03292916  0.03905552  0.03675814  0.00727505  0.00816847  0.04786216
  0.04326739  0.03484365  0.01633695  0.09112955  0.06675175  0.00191449
  0.05820038  0.05692406  0.00459477  0.02744097  0.1212508   0.10465858
  0.08410976  0.1165284 ]
[ 0.03588317  0.0783032   0.11140473  0.00792768  0.01057024  0.0054242
  0.0449235   0.00236439  0.01794159  0.02809458  0.07162726  0.01043115
  0.08344924  0.0620306   0.00611961  0.01210014  0.14102921  0.11404729
  0.02044506  0.13588317]
[ 0.0234375   0.04023437  0.03919271  0.00638021  0.00169271  0.01315104
  0.02526042  0.          0.02708333  0.00755208  0.10598958  0.01992187
  0.12630208  0.13294271  0.01510417  0.01106771  0.11927083  0.1078125
  0.06914062  0.10846354]
[ 0.02499653  0.04318845  0.0442994   0.00680461  0.00166644  0.01513679
  0.00916539  0.          0.02888488  0.00805444  0.04193862  0.02124705
  0.13914734  0.14164699  0.01388696  0.01166505  0.12748229  0.11387307
  0.07346202  0.13345369]
[ 0.03275164  0.07119373  0.03654527  0.00720789  0.00961052  0.00493171
  0.04084471  0.          0.02630248  0.00531108  0.10495701  0.0193475
  0.12721295  0.12898331  0.01264542  0.01074861  0.11608498  0.07132018
  0.06714719  0.10685382]
[ 0.02580921  0.04434621  0.04292029  0.00684443  0.03821474  0.01468701
  0.08241837  0.00242407  0.01839441  0.02880365  0.07343505  0.01069442
  0.12205903  0.06359618  0.00513332  0.01240553  0.13089976  0.11692571
  0.02081848  0.13917011]
[ 0.02098307  0.03605379  0.0348945   0.00185486  0.03106886  0.01194064
  0.06700672  0.          0.02411315  0.004869    0.0944818   0.01762115
  0.11662416  0.11847902  0.01159286  0.00985393  0.10642244  0.09506144
  0.08381637  0.11326223]
[ 0.03778006  0.01669351  0.04231952  0.00834676  0.0093718   0.04085518
  0.04729829  0.03997657  0.01889003  0.02957973  0.07717089  0.00161078
  0.05037341  0.14028408  0.0046859   0.01273979  0.13911261  0.08258896
  0.07775663  0.12256553]
[ 0.03531016  0.07661895  0.03940014  0.00777096  0.02890252  0.04239945
  0.04621677  0.00449898  0.          0.02726653  0.07239264  0.00149966
  0.04689843  0.13074301  0.00490798  0.01158828  0.12528971  0.11179277
  0.07239264  0.11411043]
[  7.75427996e-02   3.47991496e-02   5.03524673e-03   5.37092984e-03
   2.99876916e-02   1.15251203e-02   6.46749469e-02   1.11894372e-04
   5.19189885e-02   4.69956361e-03   9.10820186e-02   1.62246839e-02
   9.82432584e-02   1.14132259e-01   1.11894372e-02   9.73481034e-03
   1.06299653e-01   8.63824550e-02   7.35146022e-02   1.07530491e-01]
[ 0.03243651  0.070782    0.03633392  0.00741765  0.00955494  0.00490319
  0.04463163  0.00213729  0.01621825  0.02539603  0.07279356  0.00942922
  0.10761881  0.12044254  0.00452602  0.01093789  0.11541363  0.10334423
  0.0828514   0.12283128]
[ 0.03979842  0.04018607  0.03915235  0.00633157  0.00155059  0.01408451
  0.00865745  0.          0.02480941  0.00749451  0.10518155  0.01977
  0.12533919  0.13179997  0.01498902  0.01098333  0.12249645  0.10699057
  0.07274842  0.10763665]
[ 0.03505435  0.07649457  0.0392663   0.00774457  0.01032609  0.02269022
  0.11345109  0.00230978  0.01752717  0.02744565  0.06997283  0.01236413
  0.08179348  0.06929348  0.0048913   0.01616848  0.12907609  0.11141304
  0.01997283  0.13274457]
[ 0.03983957  0.07526738  0.03863636  0.00762032  0.01016043  0.00628342
  0.04318182  0.00227273  0.02606952  0.02700535  0.06885027  0.07847594
  0.11336898  0.05962567  0.00481283  0.01163102  0.12700535  0.10962567
  0.01965241  0.13061497]
[ 0.08053285  0.04223433  0.04056918  0.00756888  0.01029367  0.03557372
  0.03178928  0.00287617  0.01226158  0.00862852  0.11671208  0.0161974
  0.12988193  0.06751438  0.00544959  0.01316985  0.06751438  0.1435059
  0.01983046  0.14789585]
[ 0.0305181   0.06659569  0.04175538  0.01431275  0.03927135  0.0046132
  0.03820677  0.06257393  0.01525905  0.02389401  0.06221907  0.00283889
  0.12041637  0.1192335   0.01182872  0.01029099  0.07783298  0.09699551
  0.0628105   0.09853324]
[ 0.0338006   0.07375868  0.03786192  0.04100616  0.04349535  0.00510939
  0.04231626  0.00222717  0.0169003   0.02646404  0.0674702   0.00982576
  0.11214464  0.05856151  0.03825495  0.01139788  0.12445958  0.10769029
  0.01925848  0.12799686]
[ 0.03805436  0.08054363  0.04134478  0.00815451  0.01087268  0.0055794
  0.04620887  0.00243205  0.01845494  0.06552217  0.07367668  0.01072961
  0.12246066  0.06380544  0.00515021  0.01244635  0.11759657  0.11731044
  0.01988555  0.1397711 ]
[ 0.03758741  0.08202214  0.04210373  0.0083042   0.01107226  0.00568182
  0.04705711  0.002331    0.01879371  0.0294289   0.07502914  0.01092657
  0.05011655  0.06497669  0.00553613  0.01267483  0.13840326  0.11960956
  0.09600816  0.14233683]
[ 0.03503055  0.07644263  0.03923965  0.00665309  0.01031908  0.00515954
  0.04385608  0.00230821  0.01751527  0.02742702  0.06992532  0.0101833
  0.11622539  0.06055669  0.07440597  0.01181263  0.12898846  0.11133741
  0.01995927  0.13265445]
[ 0.03842024  0.06801098  0.03448276  0.00584656  0.00811359  0.03519866
  0.05381219  0.0020284   0.01539196  0.05464742  0.10774371  0.00178976
  0.04104522  0.11430617  0.00429543  0.01038062  0.11335163  0.09784035
  0.07863024  0.11466412]
[ 0.06831923  0.0337364   0.03240629  0.03700121  0.00822249  0.02841596
  0.02539299  0.00592503  0.00979444  0.00677146  0.09455865  0.00677146
  0.1235792   0.12188634  0.0120919   0.01051995  0.11051995  0.09915357
  0.06420798  0.10072551]
[ 0.03261694  0.08723135  0.03780025  0.00707965  0.00859671  0.03729456
  0.04083439  0.00214918  0.00012642  0.02528445  0.06510746  0.01807838
  0.10821745  0.06396966  0.0045512   0.03767383  0.11694058  0.09962073
  0.08331226  0.12351454]
[ 0.03692237  0.06444215  0.0331384   0.00561862  0.00779727  0.0338264
  0.04437564  0.00928793  0.01479188  0.05251691  0.0960899   0.03107442
  0.03944502  0.10984979  0.00412797  0.00997592  0.10893246  0.083018
  0.10468983  0.11007912]
[ 0.0391868   0.07793164  0.00486152  0.00368297  0.01119623  0.00574543
  0.04758397  0.00721862  0.02136123  0.0297584   0.07586918  0.01104891
  0.12610489  0.06570418  0.04301709  0.01281674  0.13995286  0.12080141
  0.02165586  0.13450206]
[ 0.03234105  0.10033076  0.09861571  0.00698273  0.0093103   0.00477766
  0.10278084  0.00208257  0.01580301  0.0247458   0.06406958  0.0091878
  0.10486341  0.05463678  0.00441014  0.00281759  0.11625628  0.10045326
  0.02192821  0.12360652]
[ 0.08255554  0.03772841  0.05205732  0.00236624  0.06783226  0.0308926
  0.02760615  0.00223478  0.01064809  0.0074931   0.10135402  0.00985934
  0.11252793  0.05863021  0.00473248  0.01143683  0.12488497  0.10779545
  0.01892993  0.12843434]
[ 0.03657499  0.07981287  0.05004253  0.00808052  0.01077403  0.02367451
  0.04578962  0.00240998  0.0182875   0.02863623  0.07300822  0.01063227
  0.12134959  0.06322654  0.00510349  0.01233343  0.13467536  0.1162461
  0.02083924  0.13850298]
[ 0.03694158  0.08061283  0.0413803   0.00816151  0.01088202  0.00558419
  0.04624857  0.02133448  0.01847079  0.02892325  0.07373998  0.01059565
  0.12256586  0.06386025  0.0045819   0.01217068  0.1314433   0.08204467
  0.07603093  0.12442726]
[ 0.02232914  0.03836664  0.03713299  0.00592154  0.03306193  0.01270664
  0.07130521  0.00024673  0.02566     0.00518135  0.09647175  0.01887491
  0.1241056   0.12484579  0.01233654  0.01073279  0.11719714  0.10115963
  0.01788798  0.1244757 ]
[ 0.03233488  0.00626645  0.03622008  0.03922797  0.00814638  0.05501943
  0.04348916  0.03421481  0.01666876  0.02531646  0.08158917  0.00187993
  0.0471237   0.12808623  0.00463717  0.01090362  0.11906254  0.10076451
  0.08660233  0.12244642]
[  3.70583166e-02   9.91094513e-02   4.15110600e-02   8.04366561e-03
   9.76730824e-03   4.23728814e-02   6.47802356e-02   2.44182706e-03
   1.43636886e-04   1.06291296e-02   4.30910658e-04   2.05400747e-02
   1.20654984e-01   1.44785981e-01   1.37891411e-02   1.24964091e-02
   1.31284114e-01   4.42401609e-02   7.62711864e-02   1.19649526e-01]
[ 0.03724556  0.08127617  0.0417208   0.00822867  0.01097156  0.00563014
  0.04662913  0.00245416  0.01862278  0.02916125  0.07434676  0.00158799
  0.14205284  0.06438574  0.00519706  0.01255955  0.13728887  0.11837736
  0.02122131  0.1410423 ]
[ 0.03533762  0.00246542  0.03958362  0.00780715  0.00876592  0.0425969
  0.046432    0.03739214  0.01766881  0.02766744  0.07163402  0.00205451
  0.04711683  0.1312149   0.00493083  0.01191618  0.13011916  0.11231338
  0.09135735  0.1316258 ]
[ 0.02295333  0.03965825  0.0386381   0.00624841  0.00153022  0.01389952
  0.00841622  0.          0.02665136  0.00739607  0.1027799   0.01951033
  0.12369294  0.13006886  0.01479214  0.01083907  0.12088753  0.10558531
  0.10022953  0.1062229 ]
[ 0.03323029  0.07251417  0.03722308  0.00734158  0.00875837  0.00502318
  0.04160227  0.00218959  0.01867594  0.02601752  0.06774858  0.00309119
  0.13163318  0.12158681  0.01287996  0.01120556  0.11823802  0.10561566
  0.06813498  0.10729006]
[ 0.03512341  0.00678058  0.03919175  0.00772986  0.00867914  0.04217521
  0.04597234  0.04570111  0.0174939   0.02739354  0.07092487  0.00203417
  0.04665039  0.06048278  0.07431516  0.01179821  0.1285598   0.10713317
  0.08936805  0.13249254]
[ 0.03707962  0.08091406  0.04153492  0.00359299  0.08450704  0.00560506
  0.04613395  0.00244323  0.01853981  0.02903133  0.07372808  0.01077896
  0.04943949  0.07329692  0.0051739   0.01250359  0.13653349  0.11784996
  0.03089968  0.14041391]
[ 0.03705832  0.08086757  0.04151106  0.00876185  0.0109164   0.00560184
  0.04639471  0.01163459  0.01852916  0.02901465  0.073973    0.02915829
  0.11835679  0.05716748  0.00517093  0.01249641  0.13645504  0.11778225
  0.02111462  0.13803505]
[ 0.03863432  0.08430668  0.04327643  0.00853549  0.01138065  0.00584007
  0.04956574  0.00254567  0.01931716  0.03024858  0.0771189   0.01123091
  0.12818209  0.02845163  0.01497454  0.01302785  0.14225816  0.12279125
  0.02201258  0.14630129]
[  29.18 -133.73  -98.79  -58.33  -21.42 -132.31  -97.57 -129.52  -89.03
  -97.12    1.6   -74.8   -62.12  -59.74 -113.53  -89.72 -132.   -131.24
  -80.05 -158.65 -102.01  -75.43   20.68   65.11  -17.84  -30.32   44.97
    7.63  -55.36  -94.91   -9.91   44.55   32.51 -120.89  -85.93  -96.66
 -102.    -19.96 -116.71  -43.99  -77.11   13.59  -83.93  -41.61 -134.76
  -59.94    7.56   53.28   18.14   39.79]
