[ 0.03579452  0.00449304  0.02546054  0.00119814  0.0130298   0.02650891
  0.08401977  0.00089861  0.0130298   0.10304029  0.05346713  0.00524188
  0.03684289  0.13269432  0.01452748  0.07982627  0.07338625  0.14602366
  0.00539164  0.14512506]
[ 0.03780449  0.02372667  0.06722556  0.02056311  0.01297058  0.01787409
  0.08683961  0.00347991  0.03400823  0.03290098  0.05631129  0.00601076
  0.03891174  0.12369503  0.01834862  0.04049351  0.07813983  0.11341348
  0.07655805  0.11072445]
[ 0.05915999  0.03431933  0.0083347   0.03562674  0.05638176  0.04003922
  0.1145612   0.00882497  0.00702729  0.0398758   0.05834287  0.00784442
  0.03497303  0.12910606  0.00522961  0.02238928  0.07746364  0.13809446
  0.04772022  0.07468541]
[ 0.04021404  0.02432301  0.06891519  0.06972596  0.01410735  0.02870115
  0.09161667  0.00324307  0.01410735  0.03372791  0.05724015  0.08918437
  0.04005189  0.12680396  0.01556673  0.00016215  0.07686071  0.13701962
  0.00583752  0.06259121]
[ 0.03115016  0.05404686  0.06509585  0.00026624  0.01158147  0.032082
  0.07521299  0.00026624  0.02862087  0.02795527  0.04752396  0.10729499
  0.0327476   0.12113951  0.01277955  0.00013312  0.06309904  0.09544728
  0.07294995  0.12060703]
[ 0.11838971  0.07884707  0.09254407  0.01548356  0.01036208  0.02489281
  0.06729395  0.01024297  0.02548833  0.02489281  0.04252025  0.00452596
  0.02929967  0.09218676  0.01143402  0.0001191   0.05454979  0.11612673
  0.06538828  0.1154121 ]
[ 0.03146853  0.02017214  0.05930608  0.01748252  0.01169984  0.01519634
  0.07598171  0.07154384  0.02017214  0.01075847  0.04800968  0.00080689
  0.10193653  0.10462614  0.01291017  0.00013448  0.06159225  0.13111888
  0.07477138  0.130312  ]
[ 0.02823818  0.01841621  0.05267035  0.08667894  0.01461019  0.06101903
  0.06936771  0.00270104  0.02639656  0.05696746  0.03990178  0.0645795
  0.02799263  0.09600982  0.01178637  0.00012277  0.05623082  0.11577655
  0.06728054  0.10325353]
[ 0.06890826  0.02961118  0.02476823  0.02850422  0.01314515  0.069185
  0.09256953  0.0041511   0.00484295  0.03376228  0.06697108  0.00249066
  0.02518334  0.1093123   0.01356026  0.00013837  0.06337346  0.13491075
  0.08911028  0.12550159]
[ 0.04354354  0.00412913  0.09253003  0.0243994   0.01632883  0.03322072
  0.10604354  0.00375375  0.02233483  0.03903904  0.06625375  0.01013514
  0.04617117  0.14677177  0.01801802  0.00018769  0.08896396  0.15897147
  0.00675676  0.07244745]
[ 0.03385907  0.02170453  0.06149617  0.01881059  0.01258863  0.03487194
  0.08175373  0.00086818  0.03110982  0.06713934  0.04731587  0.00549848
  0.03559543  0.03906815  0.05093329  0.0001447   0.09289538  0.14107944
  0.083056    0.14021126]
[ 0.10216379  0.02054232  0.05382087  0.01780334  0.0117776   0.03300466
  0.08614078  0.0117776   0.02930704  0.02848535  0.04889071  0.00520405
  0.0336894   0.10709395  0.01314708  0.00013695  0.06491372  0.13297727
  0.07504793  0.1240756 ]
[  4.88260406e-02   2.00106724e-02   1.25533618e-01   2.64140875e-02
   2.86819637e-02   3.21504803e-02   7.53735326e-02   2.93489861e-03
   2.85485592e-02   2.82817503e-02   1.34738527e-02   6.13660619e-03
   3.04162220e-02   1.04322305e-01   2.98826041e-02   1.33404482e-04
   6.10992529e-02   1.34338314e-01   7.36392743e-02   1.29802561e-01]
[  3.50771998e-02   3.29785639e-03   6.43081997e-02   2.96807075e-02
   3.44775896e-03   3.61265178e-02   8.46949483e-02   3.29785639e-03
   3.31284665e-02   3.11797332e-02   5.35152151e-02   6.89551791e-03
   2.93809024e-02   1.17223805e-01   1.67890871e-02   1.49902563e-04
   7.34522560e-02   1.50951881e-01   8.33458252e-02   1.44056363e-01]
[ 0.03141559  0.02699975  0.05387333  0.03356043  0.01097653  0.03040626
  0.06724704  0.00239717  0.04731264  0.09084027  0.04138279  0.01413071
  0.03204643  0.10673732  0.07077971  0.00138784  0.12793338  0.12503154
  0.00454201  0.08099924]
[ 0.08403361  0.03601441  0.00874636  0.03738638  0.01526325  0.04201681
  0.12021952  0.00926085  0.00737438  0.04115932  0.06122449  0.00857486
  0.03670039  0.13548276  0.01646373  0.02349511  0.08128966  0.15074601
  0.0061739   0.07837421]
[ 0.01796306  0.02541942  0.07202169  0.02203016  0.01474326  0.04084054
  0.09557702  0.02203016  0.0364345   0.03524826  0.06049822  0.00779529
  0.04168785  0.15421115  0.01626843  0.01084562  0.07761396  0.16522623
  0.00610066  0.0774445 ]
[ 0.08422104  0.03462051  0.00848868  0.02296937  0.01547936  0.03545273
  0.11701065  0.00898802  0.00549268  0.04061252  0.06241678  0.00832224
  0.04094541  0.12882823  0.01065246  0.001498    0.07623169  0.1409787
  0.04860186  0.10818908]
[ 0.03801932  0.02299555  0.06515407  0.01992948  0.01333742  0.10562625
  0.0081251   0.00306607  0.00659206  0.01778323  0.05472942  0.02728806
  0.03525985  0.11865706  0.01471715  0.00137973  0.06040166  0.13475395
  0.1036333   0.14855128]
[ 0.07923228  0.02591864  0.0277231   0.00164042  0.02444226  0.04068241
  0.10974409  0.0246063   0.09826115  0.03412073  0.05790682  0.00557743
  0.04035433  0.12828084  0.01574803  0.00016404  0.07742782  0.13894357
  0.00590551  0.06332021]
[  2.74337462e-02   1.99760288e-02   2.30390198e-02   2.63683580e-02
   1.58476495e-02   1.34372087e-01   7.52430417e-02   2.92981755e-03
   2.83659608e-02   2.77000932e-02   4.75429485e-02   6.12598215e-03
   3.03635637e-02   1.21187908e-01   1.27846584e-02   1.33173525e-04
   6.09934745e-02   1.34105740e-01   7.64416034e-02   1.29045146e-01]
[ 0.0419454   0.02711987  0.07683963  0.02350389  0.01572952  0.03200145
  0.10215151  0.09654674  0.01536793  0.03760622  0.00596637  0.00687037
  0.04447659  0.14138492  0.01735672  0.          0.08569879  0.15313686
  0.00650877  0.06978847]
[ 0.06719693  0.02879868  0.00699397  0.10010971  0.01659353  0.02921009
  0.07528799  0.05567745  0.02948437  0.02879868  0.04895776  0.00521119
  0.0337356   0.1247943   0.01371366  0.03620406  0.06280856  0.13370817
  0.00493692  0.09777839]
[ 0.03280819  0.02436251  0.06902712  0.02078935  0.01396784  0.03979211
  0.11385415  0.00877051  0.00698392  0.01900276  0.05798278  0.02955985
  0.03475719  0.13870391  0.01559201  0.03784311  0.07698554  0.137567
  0.04742569  0.07422446]
[ 0.06326662  0.02711427  0.06830213  0.02814719  0.01149128  0.03163331
  0.0987734   0.01523564  0.00555197  0.03098773  0.04609425  0.00697224
  0.03176243  0.10613299  0.01239509  0.10135571  0.05913493  0.12588767
  0.00464816  0.12511298]
[ 0.04239092  0.00390209  0.0303299   0.00141894  0.015431    0.04274565
  0.09950337  0.00070947  0.015431    0.1340901   0.06332033  0.00886839
  0.03795672  0.14012061  0.01773679  0.0242994   0.08407237  0.15023058
  0.00638524  0.08105711]
[ 0.03287293  0.02071823  0.05455801  0.0019337   0.0308011   0.03328729
  0.10566298  0.00138122  0.02969613  0.09958564  0.01395028  0.00690608
  0.0339779   0.13121547  0.01353591  0.00013812  0.06325967  0.11698895
  0.07569061  0.13383978]
[ 0.02513421  0.01830161  0.05234261  0.08662762  0.04184968  0.02940459
  0.06893607  0.00268424  0.0261103   0.02537823  0.04355783  0.00561249
  0.09028795  0.0954124   0.00780869  0.01573939  0.05588092  0.12286481
  0.06783797  0.1182284 ]
[ 0.04096675  0.00514227  0.03205348  0.00137127  0.01491258  0.04130956
  0.09616044  0.00239973  0.01491258  0.12958519  0.06119301  0.00857045
  0.03668152  0.1354131   0.06067878  0.02348303  0.0821049   0.14518341
  0.00068564  0.06719232]
[ 0.03733208  0.00468604  0.0267104   0.00124961  0.0135895   0.03764449
  0.08762887  0.00093721  0.0135895   0.10746642  0.05576382  0.00843486
  0.03842549  0.12808497  0.01499531  0.08263043  0.07154014  0.15229616
  0.00562324  0.11137145]
[ 0.09479034  0.01905972  0.04993647  0.01651842  0.01105464  0.09161372
  0.07179161  0.01092757  0.02719187  0.02642948  0.04536213  0.00482846
  0.03125794  0.09936468  0.01219822  0.01626429  0.06073698  0.12363405
  0.06988564  0.11715375]
[  3.45879959e-02   2.17991571e-02   6.23455893e-02   2.87748874e-02
   1.26435111e-02   3.50239791e-02   8.15288476e-02   3.19720971e-03
   3.11001308e-02   3.02281645e-02   5.30446156e-02   6.68507484e-03
   3.32800465e-02   1.13646272e-01   1.39514605e-02   1.45327714e-04
   6.65600930e-02   1.45182386e-01   8.08022090e-02   1.45473042e-01]
[ 0.03339518  0.10475239  0.06293706  0.01855288  0.01227344  0.01612673
  0.07863565  0.01227344  0.0306836   0.0296846   0.05094905  0.00542315
  0.03453689  0.11103183  0.01427144  0.03667761  0.06536321  0.13914657
  0.00513772  0.13814757]
[ 0.0747521   0.0317315   0.00778032  0.03325706  0.01357742  0.03676583
  0.08375286  0.00335622  0.03218917  0.0317315   0.05446224  0.0057971
  0.03508772  0.12906178  0.01525553  0.03951182  0.06987033  0.14874142
  0.00549199  0.14782609]
[ 0.0417038   0.03742648  0.00908929  0.03885225  0.0158617   0.04366423
  0.12493317  0.00962395  0.01906968  0.04277312  0.06362502  0.00962395
  0.03813937  0.14079487  0.01710925  0.02441633  0.08447692  0.15095348
  0.00641597  0.08144716]
[ 0.07469512  0.02286585  0.06722561  0.01981707  0.0179878   0.01707317
  0.08368902  0.00091463  0.03277439  0.03170732  0.05426829  0.00579268
  0.0375      0.11920732  0.0152439   0.03902439  0.07042683  0.10929878
  0.07378049  0.10670732]
[ 0.07453605  0.03194402  0.00775783  0.03316094  0.01353818  0.03665957
  0.0835108   0.00334652  0.03270459  0.03163979  0.05430484  0.00578035
  0.03742014  0.12868877  0.01521144  0.0390934   0.06966839  0.14831153
  0.00547612  0.14724673]
[  2.44729471e-02   2.21141088e-02   6.32463512e-02   2.91906236e-02
   1.28261831e-02   3.55300015e-02   8.32964765e-02   3.24340262e-03
   3.16968893e-02   3.06648975e-02   5.26315789e-02   6.78166003e-03
   3.36134454e-02   1.15288221e-01   1.44478844e-02   1.47427392e-04
   6.75217455e-02   1.48459384e-01   8.19696300e-02   1.42857143e-01]
[ 0.07424242  0.03181818  0.00772727  0.07181818  0.01333333  0.03651515
  0.08318182  0.0030303   0.0319697   0.03151515  0.01530303  0.00575758
  0.03727273  0.11848485  0.01515152  0.03893939  0.07424242  0.14772727
  0.01515152  0.14681818]
[ 0.06617151  0.06293045  0.00688724  0.02957461  0.01201891  0.03254558
  0.0741391   0.00297097  0.02903444  0.02808913  0.06536124  0.00486158
  0.0332208   0.10560432  0.08264686  0.03470628  0.0618501   0.13166779
  0.00486158  0.13085753]
[ 0.01517755  0.05813288  0.0597079   0.02777778  0.01245704  0.03450745
  0.08061283  0.00028637  0.03021191  0.02978236  0.05111684  0.00773196
  0.03522337  0.13029782  0.0045819   0.          0.06557847  0.13960481
  0.07846506  0.1387457 ]
[ 0.01546091  0.02187865  0.06344807  0.02946324  0.01823221  0.03602684
  0.10224621  0.00554259  0.00627188  0.03558926  0.05207118  0.02596266
  0.03121354  0.11522754  0.01400233  0.02027421  0.14396149  0.1163944
  0.00525088  0.14148191]
[ 0.07582792  0.03249768  0.08712473  0.03249768  0.09300526  0.03760446
  0.08495822  0.00340452  0.01346332  0.03218818  0.05462705  0.00588053
  0.03806871  0.12101517  0.0179511   0.00015475  0.0733519   0.13107397
  0.00557103  0.05973383]
[ 0.01601232  0.02309469  0.06543495  0.0200154   0.05280985  0.02725173
  0.10669746  0.00307929  0.03310239  0.03202463  0.04511162  0.00585065
  0.01816782  0.12040031  0.01539646  0.0395689   0.07051578  0.1482679
  0.00800616  0.14919169]
[ 0.03883336  0.00491562  0.02932984  0.03572014  0.05652958  0.08143536
  0.08995576  0.00360478  0.03653941  0.0340816   0.05865968  0.00884811
  0.04030805  0.04424054  0.01638538  0.04211044  0.07504506  0.1597575
  0.00589874  0.13780108]
[ 0.06286887  0.0269438   0.00551706  0.00115473  0.01090582  0.03092122
  0.07197844  0.00076982  0.01116243  0.12933025  0.04580446  0.07261996
  0.03156274  0.10546574  0.01231717  0.06787272  0.05876315  0.12509623
  0.00461894  0.1243264 ]
[ 0.03478515  0.02192341  0.06270096  0.02835428  0.01242327  0.03522362
  0.08257819  0.00321543  0.03083894  0.03040047  0.05217773  0.00672318
  0.03332359  0.11429407  0.01403099  0.          0.06693949  0.14717919
  0.08126279  0.14162526]
[  2.98882331e-02   1.88371217e-02   5.38741680e-02   2.86324250e-02
   1.09255306e-02   9.45623509e-02   7.04508351e-02   2.26045460e-03
   8.32600779e-02   2.61208087e-02   6.09066935e-02   5.77671732e-03
   2.86324250e-02   9.82041944e-02   1.20557579e-02   1.25580811e-04
   5.75160116e-02   1.26459877e-01   6.98229311e-02   1.21687806e-01]
[ 0.03528717  0.00442935  0.02524731  0.00132881  0.05064226  0.03558246
  0.08401004  0.00029529  0.01225454  0.11161967  0.05389045  0.05462867
  0.03159604  0.1166396   0.01417393  0.02022737  0.06998376  0.12505537
  0.00531522  0.14779271]
[ 0.08420685  0.03738644  0.00890985  0.03825996  0.01554857  0.04210342
  0.09591195  0.00384347  0.03756115  0.03633823  0.017645    0.00663871
  0.04018169  0.13661775  0.0174703   0.04489867  0.08001398  0.17033543
  0.00628931  0.07983927]
[ -81.2    21.1   -84.84  -71.24  -54.23  -58.37  -59.52  -35.34  -55.53
   36.55  -43.72  -55.65  -90.1    12.46  -93.32   -0.67   23.3  -110.7
  -40.42  -84.65    2.48 -159.87  -14.05 -143.02   12.21   54.21   25.47
   14.33  -56.59   -0.55   74.92  -65.79  -35.73   92.61 -138.49   88.94
   37.56   37.35   55.28  -28.19   37.25  -38.25 -171.46  -31.28   56.77
  -13.85 -101.45   -9.38 -100.74 -172.34]
