[  5.82435221e-02   5.29695024e-02   9.91745013e-02   1.14652603e-04
   7.45241917e-03   7.15432240e-02   9.40151341e-02   7.38362761e-02
   2.29305205e-03   4.16188947e-02   1.14881908e-01   6.64985095e-03
   2.06374685e-03   1.08576015e-01   2.63700986e-03   2.29305205e-04
   5.64090805e-02   1.16143086e-01   3.22173813e-02   5.89314377e-02]
[ 0.06751773  0.02851064  0.07815603  0.01985816  0.00283688  0.01219858
  0.07319149  0.04297872  0.02524823  0.00893617  0.10184397  0.0048227
  0.03744681  0.02453901  0.06595745  0.02439716  0.10851064  0.13319149
  0.01929078  0.12056738]
[ 0.02710762  0.06221198  0.08444023  0.09650312  0.0010843   0.03957712
  0.07102196  0.02466793  0.01097858  0.01328273  0.13364055  0.00786121
  0.00027108  0.12388181  0.01152074  0.11276769  0.03225806  0.11114123
  0.0010843   0.03469775]
[ 0.05050391  0.02287397  0.06171442  0.00011324  0.0072472   0.0961386
  0.0640924   0.01449439  0.00588835  0.01211641  0.10995357  0.06250708
  0.06194089  0.04755973  0.05718492  0.01936361  0.06986751  0.09930925
  0.03102706  0.1061035 ]
[ 0.08843798  0.01885528  0.07944104  0.0007657   0.00153139  0.05599158
  0.09772205  0.03732772  0.00497703  0.056183    0.08355666  0.02852221
  0.08977795  0.06470138  0.00775268  0.01339969  0.03187213  0.09504211
  0.0474732   0.09666922]
[ 0.12224697  0.00853749  0.08698342  0.02524128  0.01583766  0.10591438
  0.12620638  0.01670379  0.00445434  0.04689433  0.12397921  0.00717644
  0.00024746  0.11754516  0.0105172   0.00791883  0.02932442  0.1172977
  0.01880723  0.0081663 ]
[ 0.03756882  0.02072763  0.09651301  0.01468207  0.05700097  0.06650113
  0.10935982  0.04555759  0.00388643  0.01144338  0.10828025  0.00626147
  0.00064774  0.10212674  0.00777286  0.0185685   0.06876822  0.10828025
  0.02947209  0.08658102]
[ 0.03731696  0.02432688  0.07286254  0.03318375  0.0099197   0.00944733
  0.09707133  0.01665092  0.01393481  0.00885687  0.11820973  0.0521965
  0.0805385   0.07982995  0.00956542  0.0014171   0.03932452  0.11750118
  0.05857345  0.11927256]
[ 0.13089005  0.02698349  0.13303799  0.00120822  0.02147939  0.05410122
  0.03826017  0.00510136  0.01584105  0.01704927  0.04336153  0.01476708
  0.02282186  0.09075044  0.01087394  0.02738623  0.01033696  0.13357498
  0.06658612  0.13558867]
[ 0.10147905  0.0727198   0.08504519  0.02054232  0.00246508  0.07477403
  0.10322514  0.09593262  0.01191454  0.00934675  0.0239318   0.04539852
  0.05269104  0.04272802  0.00133525  0.00986031  0.02434265  0.09747329
  0.02896467  0.09582991]
[  5.44256660e-02   1.11715841e-02   8.75107419e-02   1.43225437e-04
   9.16642796e-03   8.47894586e-02   9.91120023e-02   1.89057577e-02
   7.44772272e-03   1.53251217e-02   1.43511888e-01   8.30707534e-03
   2.86450874e-04   6.21598396e-02   3.29418505e-03   7.36178745e-02
   7.07533658e-02   1.35920940e-01   3.58063592e-03   1.10570037e-01]
[  5.97657827e-02   2.98828914e-02   8.19760398e-02   1.34607619e-04
   1.09032171e-02   7.96877103e-02   1.10378247e-01   6.90537084e-02
   2.69215238e-03   6.60923408e-02   1.36088303e-01   7.80724189e-03
   2.69215238e-04   1.28415668e-01   1.14416476e-02   7.21496837e-02
   3.14981828e-02   4.14591466e-02   1.72297752e-02   4.30744380e-02]
[ 0.09553709  0.01980294  0.05544822  0.01313756  0.00193199  0.05564142
  0.09785549  0.04076507  0.00888717  0.01960974  0.09669629  0.04269706
  0.06588099  0.06761978  0.00647218  0.062983    0.00743818  0.09611669
  0.04791345  0.09756569]
[ 0.09364041  0.06757653  0.08482608  0.01440622  0.05004265  0.05610843
  0.09297697  0.01649133  0.00492844  0.00710833  0.09657852  0.01762866
  0.04928443  0.06406976  0.00180078  0.01326888  0.06511231  0.08795375
  0.03829021  0.07790731]
[ 0.05583031  0.02263985  0.05989669  0.00714364  0.00714364  0.06704033
  0.10418727  0.0601165   0.07627212  0.00296736  0.07890977  0.00373667
  0.03253105  0.04703814  0.06605121  0.02066161  0.07000769  0.10319815
  0.0300033   0.08462468]
[ 0.09745042  0.0227762   0.08963173  0.07308782  0.00045326  0.00974504
  0.07569405  0.01495751  0.00226629  0.04113314  0.11354108  0.00657224
  0.00022663  0.10719547  0.0313881   0.0290085   0.05552408  0.10844193
  0.03184136  0.08906516]
[ 0.09923508  0.00744518  0.08475268  0.0399796   0.0018358   0.03447221
  0.07802142  0.01693014  0.00499745  0.00764916  0.10209077  0.01876594
  0.05303417  0.06853646  0.00958695  0.06976033  0.08944416  0.10147884
  0.04161142  0.07037226]
[ 0.11301762  0.02299245  0.11336079  0.00331732  0.00366049  0.03877831
  0.09849005  0.00434683  0.00571951  0.01269732  0.10009151  0.01212537
  0.058911    0.05502173  0.04449783  0.02562343  0.02699611  0.10672615
  0.04690002  0.10672615]
[ 0.06060606  0.03030303  0.09165181  0.04174094  0.00965538  0.12626263
  0.04233512  0.00564468  0.00742721  0.011735    0.12522282  0.01574569
  0.00044563  0.06194296  0.00074272  0.01440879  0.03505645  0.11957813
  0.06090315  0.1385918 ]
[ 0.125193    0.01145136  0.11103963  0.001158    0.02071539  0.01029336
  0.10344828  0.08337622  0.0128667   0.01376737  0.09662892  0.00746269
  0.000772    0.12171899  0.00720535  0.02238806  0.08196089  0.12905301
  0.00218734  0.03731343]
[ 0.05668642  0.02653955  0.07948982  0.00012883  0.00837413  0.1010049
  0.10371038  0.07253285  0.02293223  0.01481577  0.09250193  0.00025767
  0.00515331  0.07163102  0.04341665  0.02215924  0.08206648  0.12097398
  0.04032466  0.03530018]
[ 0.03808378  0.02385248  0.06103428  0.02806174  0.00641411  0.06253758
  0.0821808   0.01332932  0.06293846  0.00751654  0.10192423  0.04429745
  0.06835037  0.06774905  0.00811786  0.01403087  0.05902987  0.09961916
  0.04970936  0.10122269]
[ 0.10049842  0.01963178  0.08412166  0.01434239  0.00040688  0.05879361
  0.05330078  0.00386532  0.0704913   0.01240972  0.10202421  0.05635235
  0.05238531  0.03946699  0.02532804  0.01739396  0.06316753  0.10222765
  0.02787102  0.09592107]
[ 0.02569043  0.05895954  0.08002569  0.02569043  0.00513809  0.10507386
  0.06730893  0.01528581  0.01875401  0.08156712  0.09428388  0.00436737
  0.00513809  0.02209377  0.04765575  0.02209377  0.07360308  0.1226718
  0.01746949  0.10712909]
[ 0.06008119  0.02787551  0.0834912   0.03802436  0.00866035  0.0714479
  0.11109608  0.01907984  0.0135318   0.01447903  0.09242219  0.00784844
  0.00081191  0.09336942  0.00338295  0.01299053  0.03193505  0.12841678
  0.05453315  0.12652233]
[ 0.13132676  0.01849102  0.13375624  0.00121474  0.02173033  0.04629505
  0.10757187  0.0051289   0.00458901  0.01390201  0.01444189  0.01430692
  0.03495748  0.0562829   0.009313    0.01916588  0.08597652  0.13537589
  0.03684708  0.10932649]
[ 0.1141393   0.00803634  0.00722106  0.01490799  0.00209644  0.06813417
  0.1029583   0.10878174  0.01304449  0.06836711  0.11658514  0.04588866
  0.07488935  0.04472397  0.01549033  0.01118099  0.01257862  0.11786629
  0.01583974  0.03726997]
[  6.59825951e-02   2.67567217e-02   7.91011820e-02   1.29886998e-04
   8.31276789e-03   1.05208469e-02   7.32562670e-02   1.71450838e-02
   2.59773997e-03   5.58514093e-03   1.32224964e-01   7.53344590e-03
   2.59773997e-04   1.22873100e-01   1.20794908e-02   1.08065983e-01
   2.98740096e-02   1.23262761e-01   5.22145733e-02   1.22223665e-01]
[ 0.06166545  0.02476329  0.07392571  0.00036417  0.00776888  0.0718621
  0.0975965   0.01602331  0.01796553  0.04454965  0.12163146  0.00704054
  0.00024278  0.1148337   0.00983248  0.01699442  0.00934693  0.12078174
  0.06020879  0.12260257]
[ 0.05027174  0.02332428  0.0698596   0.04630888  0.00747283  0.06702899
  0.03317482  0.01596467  0.04211957  0.03736413  0.11514946  0.04913949
  0.0776721   0.07653986  0.00600091  0.00022645  0.05593297  0.10745018
  0.03181612  0.08718297]
[ 0.07949922  0.03161189  0.09530516  0.02018779  0.01048513  0.09765258
  0.12832551  0.08309859  0.02785603  0.01924883  0.03223787  0.00532081
  0.00625978  0.02629108  0.01267606  0.02691706  0.01956182  0.14694836
  0.05258216  0.07793427]
[ 0.05228836  0.02442495  0.07315627  0.03331752  0.00758833  0.09864833
  0.09722552  0.01671805  0.01375385  0.00889258  0.08833294  0.05050984
  0.08086317  0.06876927  0.00984112  0.01659948  0.00841831  0.09900403
  0.05987669  0.0917714 ]
[  5.51814034e-02   2.23767108e-02   6.61525092e-02   1.08624810e-04
   2.13990876e-02   6.77818814e-02   8.90723441e-02   5.94177710e-02
   4.75776667e-02   1.33608516e-02   7.77753639e-02   1.06452314e-02
   5.99608951e-02   1.52074734e-02   9.26569629e-02   1.86834673e-02
   6.91940039e-02   1.01998697e-01   1.73799696e-03   1.09711058e-01]
[ 0.0576029   0.02335866  0.09808368  0.00827758  0.00737045  0.06712779
  0.09298106  0.06202517  0.02109083  0.04297539  0.06667423  0.01848282
  0.00464905  0.01587482  0.09626942  0.07755981  0.07223041  0.10647466
  0.03186302  0.02902823]
[ 0.08607252  0.03490342  0.10318536  0.00016943  0.01355473  0.10030498
  0.09556083  0.02507625  0.00881057  0.01677397  0.12910878  0.01524907
  0.05184683  0.0084717   0.0144019   0.09928838  0.04032531  0.07387326
  0.02304304  0.05997967]
[ 0.09117497  0.02555951  0.12550865  0.00928281  0.02085453  0.04310783
  0.06879451  0.00483215  0.00610376  0.03776704  0.11101221  0.01347915
  0.00038149  0.05302645  0.00877416  0.02212614  0.08100203  0.12754323
  0.05200916  0.09766022]
[ 0.12012827  0.02479033  0.12222496  0.03268377  0.08288111  0.04181056
  0.09829798  0.00468673  0.00616675  0.01369018  0.07634435  0.01307351
  0.00024667  0.05352738  0.00357671  0.00024667  0.06092748  0.11507153
  0.03465713  0.09496793]
[  5.66349206e-02   2.59047619e-02   7.73333333e-02   1.26984127e-04
   1.23174603e-02   7.51746032e-02   1.00063492e-01   6.50158730e-02
   2.53968254e-03   6.23492063e-02   1.27238095e-01   7.36507937e-03
   2.53968254e-04   1.20000000e-01   1.26984127e-04   2.20952381e-02
   8.08888889e-02   6.28571429e-02   3.26349206e-02   6.90793651e-02]
[ 0.13989935  0.1030913   0.14248742  0.00129403  0.02300503  0.04874191
  0.04097771  0.0054637   0.00718907  0.01595974  0.12580877  0.01524083
  0.00963336  0.06240115  0.01207764  0.00948958  0.03421999  0.13630482
  0.0201294   0.04658519]
[ 0.05864019  0.05240679  0.08507445  0.          0.00738774  0.0683366
  0.09465543  0.01523722  0.00600254  0.00496364  0.11566432  0.06926007
  0.00392474  0.05055985  0.01719958  0.00392474  0.05679326  0.10954635
  0.09153873  0.08888376]
[ 0.1028481   0.02446446  0.12061831  0.01655307  0.02190847  0.04515579
  0.08142648  0.00413827  0.02166504  0.02908958  0.10649951  0.01302337
  0.05160662  0.08227848  0.01034567  0.01703992  0.0088851   0.05866602
  0.06110029  0.12268744]
[ 0.06385921  0.00188561  0.07655563  0.0354494   0.00804525  0.0744186
  0.10307982  0.0177247   0.01458202  0.02551854  0.12784412  0.05556254
  0.06473916  0.03846637  0.00263985  0.00025141  0.02991829  0.11929604
  0.0353237   0.10483972]
[  6.26773597e-02   2.54164096e-02   7.53855645e-02   1.23380629e-04
   1.28315854e-02   9.87045034e-03   1.12152992e-01   6.48982110e-02
   2.59099321e-03   1.30783467e-02   1.23750771e-01   8.46391117e-02
   3.70141888e-04   5.18198643e-02   9.99383097e-03   8.06909315e-02
   4.50339297e-02   4.47871684e-02   6.51449722e-02   1.14743985e-01]
[ 0.12699203  0.04158367  0.09549303  0.0251494   0.01307271  0.03187251
  0.06997012  0.01643426  0.0059761   0.01332171  0.11080677  0.00722112
  0.00224104  0.11777888  0.02602092  0.09163347  0.02963147  0.11802789
  0.01693227  0.03984064]
[ 0.03279115  0.02680547  0.07924528  0.          0.01249187  0.07703318
  0.10683149  0.01821731  0.00689655  0.01392323  0.1267404   0.07026675
  0.01665582  0.05699414  0.02784645  0.00286272  0.08288874  0.13051399
  0.03994795  0.0710475 ]
[ 0.06405245  0.02471315  0.10061783  0.0171479   0.0020174   0.0736351
  0.12558315  0.06127853  0.00453915  0.01349136  0.12697012  0.00731308
  0.00075653  0.11927878  0.01122179  0.0211827   0.03000883  0.11953095
  0.01966965  0.05699155]
[ 0.05449827  0.02227509  0.07969291  0.          0.03460208  0.06487889
  0.08650519  0.01513841  0.00562284  0.01146194  0.10834775  0.05795848
  0.0841263   0.04736159  0.02292388  0.00064879  0.09656142  0.09634516
  0.00183824  0.1092128 ]
[ 0.05383123  0.02509699  0.01260912  0.03394762  0.00775946  0.07177498
  0.09941804  0.01709505  0.01406402  0.00897187  0.12136275  0.05358875
  0.09238603  0.08923375  0.00982056  0.01697381  0.00957808  0.12063531
  0.06013579  0.08171678]
[  4.94933749e-02   2.00701481e-02   5.93335931e-02   9.74279034e-05
   5.61184723e-02   7.01480904e-02   8.26188620e-02   6.27435698e-02
   1.94855807e-03   3.53663289e-02   9.48947779e-02   5.55339049e-02
   2.49415433e-02   9.25565082e-02   5.19290725e-02   1.94855807e-04
   4.79345284e-02   9.24590803e-02   2.65978176e-02   7.50194856e-02]
[ 0.11360239  0.02736576  0.06358514  0.00747384  0.00747384  0.06806945
  0.09451535  0.06335518  0.02046683  0.00482925  0.0825572   0.00551914
  0.00367943  0.01977693  0.09761987  0.01885708  0.07232379  0.10796826
  0.03242497  0.08853628]
[ -78.1    14.59 -225.99 -115.71  -92.68 -151.98   64.94   28.17  -85.13
   33.25  -79.01 -107.89 -154.97 -181.24  129.32 -128.77 -119.95  -44.23
   23.17 -115.14 -202.64   59.15  -32.72  -42.06 -144.12  110.45  -26.17
   -1.4   -91.44  -23.01   22.93 -197.58   14.71  -56.53  -44.2   -88.53
  122.27 -140.27  -66.    -67.95  -89.44   -4.25  -29.21  -48.26    4.35
  -26.33  -66.27  -30.07   97.9   -90.41]
