[ 0.07196833  0.05851026  0.02267003  0.02382152  0.06671465  0.06282836
  0.0231738   0.          0.00899604  0.02792371  0.06678661  0.07333573
  0.00921195  0.00669306  0.04757107  0.01935948  0.01036344  0.06131702
  0.02346168  0.02670025  0.03303347  0.03360921  0.04670745  0.00460597
  0.00107953  0.00748471  0.04605973  0.00878014  0.03476071  0.07247211]
[ 0.07461573  0.04156096  0.02827936  0.03424862  0.07140725  0.07483958
  0.03357708  0.00014923  0.00932697  0.03372631  0.01208775  0.07633189
  0.00955081  0.00693926  0.04924638  0.02029548  0.01865393  0.06416953
  0.04342635  0.02678705  0.02977168  0.03544247  0.01022235  0.0056708
  0.00201462  0.05320101  0.02029548  0.02574243  0.05506641  0.03335323]
[ 0.0659082   0.07038054  0.02997254  0.03091408  0.06512358  0.05978815
  0.00400157  0.02016477  0.00666928  0.03044331  0.04519419  0.08018831
  0.01145547  0.00117693  0.06049431  0.00258925  0.00196155  0.05986661
  0.00180463  0.02440173  0.02212632  0.05735583  0.07806983  0.04629266
  0.0074539   0.01788937  0.00015692  0.00902315  0.05602197  0.03311102]
[ 0.08977913  0.00402396  0.02816775  0.02950908  0.0742198   0.02235536
  0.05034427  0.02369668  0.01046231  0.03469552  0.05150675  0.07994277
  0.0137709   0.01278727  0.06876509  0.00491818  0.00223554  0.06751319
  0.00491818  0.00777967  0.02530627  0.06572476  0.08897434  0.0471251
  0.00277206  0.02110346  0.00017884  0.01019404  0.01806313  0.03916659]
[ 0.08355526  0.04635486  0.02621505  0.0275466   0.07931092  0.07789614
  0.03745007  0.04260985  0.0104028   0.03761651  0.05592543  0.07448402
  0.01065246  0.00773968  0.05500999  0.02138815  0.03670107  0.0148968
  0.02413449  0.02871172  0.02280293  0.01805925  0.08280626  0.00099867
  0.002247    0.00366178  0.01614514  0.00674101  0.01148469  0.0364514 ]
[ 0.05985437  0.04649116  0.00368088  0.02112507  0.06497559  0.04753141
  0.01976474  0.00536129  0.00648156  0.0358486   0.05697367  0.08177963
  0.01136273  0.00120029  0.05129231  0.00392094  0.00200048  0.06033448
  0.00440106  0.02744659  0.02120509  0.01736417  0.08153957  0.04681123
  0.02952709  0.05697367  0.04657118  0.00448108  0.01848444  0.06521565]
[ 0.08139926  0.05659267  0.03212244  0.03321561  0.06979482  0.06407669
  0.01505214  0.02161117  0.00983855  0.03800875  0.00538177  0.08594013
  0.01227716  0.00395224  0.06752439  0.00445678  0.00210225  0.06348806
  0.00462496  0.02884292  0.02379751  0.0614699   0.08501514  0.04675412
  0.00117726  0.00840901  0.00016818  0.00832492  0.03851329  0.02606794]
[ 0.06091371  0.04662799  0.02770123  0.01928934  0.06018854  0.05525743
  0.01298042  0.01863669  0.00906454  0.06497462  0.0417694   0.07295141
  0.01116751  0.00108774  0.05649021  0.04097172  0.011095    0.06403191
  0.0039884   0.0248731   0.02052212  0.07389413  0.07099347  0.03807107
  0.00210297  0.01769398  0.0004351   0.00833938  0.03328499  0.03060189]
[ 0.08269823  0.04710556  0.00437814  0.02140425  0.04434895  0.05853738
  0.00956705  0.0417545   0.0013783   0.01589103  0.05967245  0.07256365
  0.01491811  0.04775418  0.05561862  0.00275661  0.01126966  0.08083347
  0.0236744   0.02634993  0.00024323  0.04191665  0.07053673  0.0059186
  0.03494406  0.00843198  0.01045889  0.00989136  0.03429544  0.0608886 ]
[ 0.07138122  0.04721915  0.02813996  0.01966851  0.07049724  0.07373849
  0.03307551  0.          0.0092081   0.0332965   0.04950276  0.07506446
  0.0094291   0.00626151  0.04751381  0.0188582   0.01605893  0.05804788
  0.0240884   0.02644567  0.03410681  0.03499079  0.05016575  0.00530387
  0.00198895  0.04309392  0.0188582   0.0067035   0.05436464  0.03292818]
[ 0.08740754  0.05782067  0.01136569  0.02399423  0.07450839  0.06332311
  0.01614649  0.02318239  0.01055385  0.0349991   0.05195742  0.08912141
  0.01425221  0.00126285  0.06954718  0.02787299  0.0022551   0.06810391
  0.00351795  0.02913585  0.02552769  0.01975465  0.08975284  0.00072163
  0.00279632  0.02128811  0.0117265   0.01037344  0.01822118  0.03950929]
[ 0.07166797  0.04128931  0.01354917  0.02909506  0.05790487  0.07024175
  0.01640163  0.00078443  0.00577622  0.03237538  0.05255651  0.06040077
  0.01290737  0.04200242  0.04799258  0.00270983  0.00021393  0.07081224
  0.02966555  0.03458604  0.00078443  0.04314341  0.05490979  0.00520573
  0.02018113  0.05540897  0.01825572  0.02460244  0.01618769  0.06838765]
[ 0.07574537  0.04681708  0.00370669  0.02135375  0.08106366  0.04850927
  0.01982272  0.00523771  0.00652699  0.01595488  0.05930701  0.08243352
  0.01772764  0.0471394   0.04407736  0.00306205  0.0008058   0.08001612
  0.03384367  0.0081386   0.00217566  0.04230459  0.02078969  0.00588235
  0.06406124  0.04971797  0.02127317  0.00717164  0.00805802  0.07727639]
[ 0.07719914  0.04091235  0.03046495  0.02129356  0.07632188  0.07983093
  0.03580828  0.00510408  0.0303852   0.03604753  0.01276019  0.08126645
  0.          0.00550283  0.05143951  0.02073531  0.01738576  0.06539596
  0.02599888  0.02863067  0.03692479  0.03788181  0.05191802  0.00574208
  0.00215328  0.04681394  0.0204163   0.00199378  0.01802377  0.03564878]
[ 0.06487488  0.04131912  0.00586963  0.00069509  0.04309546  0.06286685
  0.0733704   0.02008032  0.00903614  0.03490887  0.05437133  0.0733704
  0.01606426  0.0060241   0.05197714  0.00440222  0.01683658  0.06580167
  0.02517763  0.02587272  0.03575842  0.03166512  0.05012357  0.0057924
  0.00115848  0.00803213  0.0098857   0.0094223   0.07684584  0.0753012 ]
[ 0.06283326  0.03847817  0.00634097  0.02428304  0.0632656   0.05865398
  0.03019167  0.02565211  0.00900706  0.03256953  0.05072777  0.06845367
  0.0311284   0.00569246  0.04878225  0.00367488  0.01513186  0.06139213
  0.02406687  0.02579622  0.0327857   0.03422683  0.04618821  0.00518807
  0.00108085  0.00691742  0.04611616  0.01801412  0.06924629  0.05411443]
[ 0.06384069  0.05791054  0.0055641   0.00065891  0.05959441  0.05966762
  0.06925836  0.01903507  0.00915148  0.03309173  0.05154111  0.06837982
  0.01757083  0.00571052  0.0539571   0.00417307  0.01603338  0.06237646
  0.02386705  0.02628304  0.02452595  0.03418991  0.04766088  0.00534446
  0.01046929  0.00761403  0.00937111  0.00893184  0.07284574  0.07138151]
[ 0.02237847  0.04037197  0.00672866  0.02487337  0.06637938  0.06123838
  0.03273607  0.02691464  0.00945037  0.02457095  0.05322447  0.07182279
  0.01330612  0.00597263  0.04876389  0.00385575  0.01648144  0.06683299
  0.02767067  0.02714145  0.03500416  0.03591139  0.04846148  0.00907235
  0.00597263  0.00786271  0.04838588  0.00922356  0.07325924  0.07613215]
[ 0.07222824  0.05872156  0.0227519   0.02390755  0.06695558  0.06319971
  0.03308053  0.00260022  0.04600939  0.03264717  0.01386782  0.06861683
  0.01271217  0.00570603  0.04889852  0.00368364  0.01516793  0.06153846
  0.02650776  0.02592994  0.03344168  0.03430841  0.0462983   0.00520043
  0.01032864  0.00780065  0.04622607  0.00650054  0.03243048  0.07273384]
[ 0.06465006  0.03959075  0.00652432  0.02439205  0.0650949   0.05738434
  0.03225089  0.02372479  0.0092675   0.02891459  0.0498962   0.07554864
  0.00948992  0.00689502  0.04900652  0.01986951  0.01082444  0.06316726
  0.02416963  0.02750593  0.03432681  0.02513345  0.04811684  0.00474496
  0.03907177  0.04092527  0.00948992  0.00904508  0.03580961  0.06516904]
[ 0.07384434  0.06003545  0.02326097  0.03389455  0.0684537   0.06446611
  0.03322995  0.00236302  0.00863979  0.02990696  0.04017132  0.07524738
  0.00945208  0.00686752  0.04881111  0.01986413  0.01078127  0.06291537
  0.0241471   0.02495939  0.03418993  0.0344853   0.04792497  0.00472604
  0.00110767  0.00767981  0.00945208  0.02791316  0.03684832  0.07436125]
[ 0.07519031  0.04979027  0.02967221  0.02073947  0.07433587  0.07775361
  0.0348765   0.          0.00970949  0.03510952  0.04287712  0.07915178
  0.00994252  0.00660245  0.05010098  0.01988504  0.01569054  0.06120864
  0.02532236  0.02540003  0.03596396  0.03689607  0.05041168  0.00559267
  0.00209725  0.04792605  0.01988504  0.00567034  0.01755476  0.03464347]
[ 0.07362896  0.0536244   0.02905606  0.02030882  0.07279227  0.07613904
  0.03415228  0.          0.00829086  0.03438047  0.05111432  0.07750818
  0.00973606  0.00646535  0.04906062  0.01947212  0.01658173  0.05986157
  0.0026622   0.02456834  0.02152582  0.05560204  0.07568267  0.0006085
  0.00235795  0.01734236  0.0111052   0.00874724  0.05430897  0.03331559]
[ 0.08110823  0.05365364  0.00518959  0.022265    0.0691387   0.05842471
  0.01498284  0.02151168  0.00979325  0.03247677  0.04821294  0.08537708
  0.01858207  0.00092073  0.02167908  0.02586423  0.00209258  0.05323512
  0.02728719  0.03004938  0.0387545   0.03975894  0.05432326  0.00602662
  0.00225998  0.04896627  0.02142797  0.05030552  0.01891688  0.03741525]
[ 0.08255239  0.05460896  0.01081956  0.02266144  0.07036974  0.04856023
  0.01524962  0.0218947   0.00996763  0.0657693   0.04361902  0.06508775
  0.01346056  0.0012779   0.06551372  0.03722951  0.00204464  0.06363946
  0.00332254  0.02751746  0.02274663  0.06227637  0.08613052  0.00068155
  0.00809337  0.01942409  0.01107514  0.00979724  0.01720906  0.0373999 ]
[ 0.08594757  0.0478728   0.02690159  0.03394929  0.08225183  0.04220026
  0.03867641  0.          0.01039966  0.03893425  0.00275032  0.08792437
  0.01100129  0.00799312  0.05681135  0.02208853  0.02148689  0.07331328
  0.00601633  0.03085518  0.03979373  0.02982381  0.05509239  0.00653202
  0.00232058  0.05027933  0.02337774  0.00764933  0.01942415  0.03833262]
[ 0.08410119  0.04665773  0.02638633  0.02764282  0.06952588  0.02094153
  0.00427207  0.02152789  0.00996817  0.03250126  0.04824929  0.08560898
  0.01289998  0.00125649  0.0672642   0.00460714  0.00209415  0.06324342
  0.00460714  0.00728765  0.02370581  0.0615681   0.06190317  0.04406098
  0.00259675  0.06198693  0.04305579  0.00678506  0.01692076  0.03677333]
[ 0.08077882  0.04819374  0.01013758  0.03170006  0.06677931  0.06066457
  0.0144018   0.02067745  0.00941347  0.03121731  0.04698689  0.08222705
  0.01239038  0.00120685  0.0413549   0.00426422  0.02293024  0.06074503
  0.02502213  0.02759675  0.02260842  0.05881406  0.0798938   0.04215947
  0.00249417  0.01898785  0.0207579   0.00410331  0.01625231  0.03524016]
[ 0.07811406  0.04333619  0.0245079   0.02575274  0.07461293  0.07788065
  0.03501128  0.03983506  0.01968412  0.03516689  0.05259472  0.0792811
  0.00995876  0.00723566  0.05142768  0.01999533  0.00941414  0.01392671
  0.02256283  0.02621956  0.02201821  0.03633393  0.05049405  0.00497938
  0.00614642  0.0080915   0.          0.00949195  0.03757878  0.07834747]
[ 0.07363228  0.05986304  0.02319417  0.02370959  0.06796259  0.02672852
  0.03313453  0.          0.00920404  0.02856932  0.04948089  0.07503129
  0.00942493  0.0068478   0.04867094  0.01980708  0.01075031  0.0627347
  0.02400412  0.02761211  0.03401811  0.03482807  0.07326412  0.03858331
  0.03998233  0.01273838  0.01428466  0.01538915  0.02429865  0.03225094]
[ 0.07560728  0.05006639  0.06982738  0.02085449  0.07474811  0.07318597
  0.03506991  0.          0.00945091  0.03530423  0.0524877   0.07959072
  0.01249707  0.00663907  0.05037882  0.01999531  0.01687105  0.06154807
  0.02515036  0.0280403   0.0361634   0.03210185  0.05069124  0.00562368
  0.00242131  0.01530891  0.00015621  0.00898227  0.01702726  0.03421073]
[ 0.08066201  0.04474974  0.0253073   0.02908331  0.06668273  0.00980156
  0.00409737  0.02064755  0.00939986  0.07198522  0.04659757  0.08210814
  0.01237246  0.00120511  0.06194264  0.00441874  0.00200852  0.06065719
  0.00441874  0.02755684  0.0227364   0.05905037  0.07993894  0.04161645
  0.0021692   0.04699928  0.0205672   0.00715032  0.01815699  0.03591227]
[ 0.07449612  0.04968992  0.00976744  0.0255814   0.06434109  0.05914729
  0.01387597  0.01992248  0.00906977  0.03007752  0.04527132  0.07906977
  0.01193798  0.00116279  0.05968992  0.01403101  0.00193798  0.05604651
  0.00426357  0.00674419  0.03186047  0.07527132  0.07697674  0.06046512
  0.0024031   0.01767442  0.00015504  0.00883721  0.05565891  0.03457364]
[ 0.06779114  0.0517311   0.03082883  0.02146719  0.06666129  0.05633121
  0.01444597  0.02106368  0.00944234  0.03131305  0.04648535  0.08231781
  0.01275119  0.00121056  0.06222258  0.02493745  0.00201759  0.06093132
  0.06512792  0.02606731  0.02283916  0.05899443  0.08030022  0.00064563
  0.00250182  0.01840045  0.01049149  0.00928093  0.01630215  0.02509886]
[ 0.06718764  0.05003144  0.0401509   0.02964161  0.07455313  0.02245576
  0.00458098  0.0229947   0.01068894  0.03485134  0.05173808  0.09179916
  0.01383275  0.0128447   0.06925357  0.00494027  0.01661726  0.0678164
  0.00494027  0.03080931  0.02541992  0.01958142  0.08937393  0.05281595
  0.00278451  0.02047966  0.00017965  0.01015     0.01814426  0.0393425 ]
[ 0.06965031  0.04626565  0.02748597  0.0192114   0.06885883  0.07202475
  0.03230681  0.01899554  0.01705281  0.03252267  0.04835228  0.0733199
  0.00935386  0.00611599  0.04640956  0.01841992  0.0153979   0.05669881
  0.02345661  0.02583105  0.03561664  0.03410563  0.04669737  0.0051806
  0.00309397  0.03748741  0.01841992  0.0064038   0.05310117  0.0321629 ]
[ 0.06606738  0.04684645  0.02791785  0.01951326  0.0699408   0.07315647
  0.03281444  0.          0.02784477  0.03303369  0.04911204  0.07447197
  0.01154718  0.00109625  0.05620113  0.0272601   0.00182708  0.05517796
  0.04026895  0.02360593  0.0206826   0.04392312  0.0703793   0.00058467
  0.01154718  0.01666301  0.00950084  0.00372725  0.05320471  0.03208361]
[ 0.08016603  0.05216896  0.01025474  0.0216489   0.06722552  0.05680801
  0.01456824  0.02091642  0.00952226  0.03157809  0.04687882  0.08301457
  0.01041751  0.03784488  0.05249451  0.02083503  0.01774233  0.06413282
  0.02636933  0.00838284  0.03760072  0.03865875  0.05282005  0.00594124
  0.00219744  0.0476113   0.02083503  0.00724343  0.01839342  0.03572882]
[ 0.07388799  0.0473622   0.02822521  0.0196542   0.05984927  0.05157381
  0.01322595  0.01898921  0.009236    0.02453081  0.05201714  0.07019359
  0.01773312  0.00583715  0.05002217  0.04189449  0.01551648  0.06295256
  0.0258608   0.02630412  0.03413625  0.02800355  0.0473622   0.00531993
  0.00110832  0.00768435  0.04728831  0.00901433  0.03317571  0.07204079]
[ 0.07325269  0.04485887  0.00739247  0.02763777  0.07510081  0.06838038
  0.03654234  0.02990591  0.00982863  0.03326613  0.00537634  0.08568548
  0.01327285  0.00126008  0.06476815  0.02595766  0.00478831  0.07417675
  0.00394825  0.02847782  0.02242944  0.06140793  0.08358535  0.00067204
  0.00260417  0.01915323  0.0109207   0.00966062  0.03881048  0.03687836]
[ 0.06691735  0.0409792   0.00184176  0.02540097  0.06737779  0.06254317
  0.03338194  0.02455683  0.00959251  0.02977515  0.05156933  0.07819814
  0.00989947  0.00713683  0.05126237  0.02064308  0.01120405  0.06538255
  0.02501727  0.02893101  0.03553066  0.03092625  0.05471568  0.00491137
  0.02079656  0.00798097  0.00982273  0.00936229  0.03706546  0.07727726]
[ 0.05756503  0.04286594  0.02424196  0.0254733   0.07364938  0.0769586
  0.03463137  0.0394028   0.00961982  0.03478529  0.05171618  0.03901801
  0.01046637  0.00715715  0.05086963  0.02008619  0.06349084  0.01377559
  0.06172079  0.02593505  0.02177928  0.01623826  0.04994613  0.00492535
  0.00053871  0.00800369  0.0098507   0.00938895  0.037171    0.07872864]
[ 0.07898539  0.07200193  0.01011398  0.02143201  0.07553379  0.07778135
  0.0360411   0.          0.02030824  0.03628191  0.05394124  0.08179483
  0.01268261  0.00120405  0.06188794  0.02480334  0.00200674  0.06060363
  0.00313052  0.02592712  0.02271633  0.05867716  0.07986836  0.00064216
  0.00248836  0.00802697  0.01043506  0.00923102  0.01621448  0.0352384 ]
[ 0.0805582   0.04416429  0.02481763  0.03639391  0.05558199  0.07952743
  0.03575959  0.          0.0099112   0.03583888  0.01268633  0.08111323
  0.01030764  0.00737393  0.0524104   0.02037742  0.01982239  0.06755471
  0.00555027  0.02846495  0.03671107  0.03766254  0.05145893  0.02600698
  0.00214082  0.05653346  0.02156676  0.00705677  0.01791944  0.03472883]
[ 0.0689606   0.04566503  0.02721379  0.00078364  0.06810572  0.07131153
  0.03198689  0.          0.00890504  0.03220061  0.04787348  0.07259386
  0.047731    0.00099736  0.05492627  0.02201325  0.00128233  0.06069673
  0.02322434  0.02643015  0.03298426  0.03326922  0.04623495  0.00455938
  0.00220845  0.04388402  0.00911876  0.00869132  0.03440906  0.07173898]
[ 0.06717095  0.04039334  0.00665658  0.02624811  0.06641452  0.06157337
  0.03290469  0.02420575  0.00937973  0.02934947  0.05083207  0.06739788
  0.0096823   0.0070348   0.05        0.02034796  0.05030257  0.05711044
  0.00779123  0.02443268  0.01959153  0.07496218  0.07526475  0.00060514
  0.00204236  0.01255673  0.00983359  0.04742814  0.01527988  0.03320726]
[ 0.05058472  0.05527604  0.02576829  0.02468045  0.06302692  0.05935545
  0.03059559  0.          0.00856677  0.0263802   0.04568942  0.06921403
  0.00870275  0.01013054  0.03841447  0.05310035  0.00013598  0.05792766
  0.02216481  0.02522437  0.03147947  0.06656242  0.04412565  0.00435137
  0.00095186  0.00707098  0.04351373  0.0257003   0.03283927  0.06846614]
[ 0.04635413  0.04484912  0.00662202  0.02475732  0.06606968  0.06125367
  0.03265859  0.02408007  0.00459026  0.00993303  0.04816013  0.07667996
  0.00963203  0.00699827  0.04010836  0.02024231  0.01128753  0.06426368
  0.02453157  0.06644593  0.03484085  0.03514185  0.04883738  0.04334412
  0.00233276  0.01745805  0.00963203  0.00677252  0.03634585  0.07577696]
[ 0.06214591  0.0558703   0.01098231  0.02318487  0.0273686   0.06083849
  0.01560185  0.02658415  0.01019786  0.03381853  0.05020483  0.08890438
  0.01115663  0.0074087   0.04506232  0.0226619   0.02179029  0.06868299
  0.02841454  0.03129086  0.04035562  0.03582324  0.05656759  0.02858886
  0.00235335  0.05098928  0.02231326  0.00148174  0.02039571  0.03896104]
[ 0.07421605  0.04914514  0.02438089  0.00076669  0.06332899  0.04860845
  0.01372384  0.01970406  0.00958368  0.03473127  0.05397531  0.072836
  0.01349383  0.00605689  0.05190524  0.00391014  0.01671395  0.0653224
  0.02560761  0.0226175   0.03549797  0.03825807  0.04914514  0.0055202
  0.00115004  0.00736027  0.06869585  0.00935368  0.0371847   0.07720616]
[ -22.3   -38.67   -8.02 -107.32   -4.58  -77.25  -26.29  -12.08  -56.85
  -15.09  -33.36 -102.36  -26.24  -35.73  -27.83  -84.43  -57.67    8.44
  -51.11   52.17  -31.16   54.98  -35.22  -96.16   13.45  -97.71  -38.41
  -27.83   14.31  -24.88  -53.03  -81.26  -34.17   29.47  -52.46  -97.98
   88.9     2.16   42.85   14.9    -7.94  -43.61    9.29    6.35  -64.32
   -8.5   -40.59  -64.34 -105.01  -74.41]
