[ 0.05040372  0.06557377  0.02438627  0.0090531   0.03719109  0.07715521
  0.03743577  0.02348911  0.00269146  0.01843243  0.06035397  0.06157736
  0.07152761  0.00530136  0.01011337  0.00391485  0.00970557  0.03221597
  0.01476225  0.07022266  0.01076584  0.01109208  0.08229345  0.0363755
  0.01247859  0.03164505  0.0719354   0.0030177   0.02071609  0.0341734 ]
[ 0.05461298  0.06335105  0.00662637  0.01259739  0.01572854  0.06772009
  0.00080099  0.0210442   0.00240297  0.03655429  0.07252603  0.07361829
  0.07303575  0.00495158  0.00873808  0.00356805  0.05519551  0.03109299
  0.01084978  0.04871477  0.01427219  0.01951504  0.07347266  0.03247652
  0.0139081   0.02941819  0.06407923  0.00283987  0.05577805  0.03051045]
[ 0.05870382  0.06793989  0.00712273  0.0435191   0.01565435  0.07279274
  0.00086099  0.02262054  0.00383532  0.03929242  0.07795867  0.07662805
  0.07850657  0.00508766  0.00939261  0.00375704  0.00923607  0.03342204
  0.01416719  0.06739198  0.01048842  0.01064496  0.07897621  0.0349092
  0.01197558  0.03036944  0.05901691  0.0030526   0.01988103  0.03279587]
[ 0.06798405  0.03226976  0.01114938  0.01006164  0.0413343   0.02628716
  0.03000363  0.02692168  0.00290065  0.02048586  0.09137056  0.08584119
  0.09091733  0.00589195  0.01087745  0.00435098  0.01069616  0.03870558
  0.00516679  0.0649021   0.00036258  0.03779913  0.08683829  0.00108774
  0.00135968  0.0305475   0.0363488   0.0275562   0.07904278  0.02093909]
[  6.21740210e-02   7.15291001e-02   6.20912327e-03   9.02392582e-03
   3.37776306e-02   8.23743687e-02   3.00521566e-02   2.39258217e-02
   8.27883103e-05   3.99039656e-02   8.26227337e-02   6.25051743e-02
   4.06490604e-02   5.38124017e-03   9.27229075e-03   9.27229075e-03
   9.43786737e-03   3.53506085e-02   4.71893369e-03   5.90280652e-02
   5.62960510e-03   3.58473384e-02   7.93112013e-02   4.35466512e-02
   3.89105058e-03   2.78996606e-02   3.38604189e-02   1.32461296e-03
   7.22741949e-02   1.91240997e-02]
[ 0.0696073   0.03312861  0.00232645  0.01032942  0.03647869  0.0508096
  0.03080216  0.02763819  0.00297785  0.02103108  0.09380235  0.04048018
  0.09315094  0.00939885  0.01749488  0.00521124  0.05527638  0.0159129
  0.01684348  0.01386562  0.01377257  0.03945654  0.03294249  0.05285688
  0.01293505  0.03610646  0.01126     0.00549042  0.05453192  0.09408152]
[ 0.06002401  0.06946779  0.01752701  0.00360144  0.01728691  0.07442977
  0.00088035  0.02312925  0.00264106  0.01968788  0.07971188  0.08091236
  0.08027211  0.00520208  0.00960384  0.00384154  0.00672269  0.0344938
  0.01448579  0.06890756  0.01056423  0.01088435  0.0807523   0.03569428
  0.0122449   0.03121248  0.05042017  0.00312125  0.01776711  0.0745098 ]
[ 0.0588005   0.06796117  0.00712496  0.00352333  0.07704353  0.07281553
  0.00086126  0.02262762  0.00258378  0.03930473  0.07798309  0.07915753
  0.07853116  0.00508926  0.00939555  0.00375822  0.00923896  0.03343251
  0.01417163  0.06960539  0.01033511  0.00062637  0.07398998  0.03492014
  0.01197933  0.03037895  0.04901347  0.00305355  0.01988725  0.03280614]
[ 0.04384222  0.05476731  0.00759081  0.00780363  0.0323496   0.06711124
  0.02348184  0.02050227  0.00234109  0.01610386  0.07065834  0.05356129
  0.06193246  0.00489501  0.00851305  0.00347616  0.04469353  0.03029228
  0.01284052  0.04746027  0.03206583  0.02099886  0.07214813  0.03164018
  0.01340806  0.02866061  0.06299659  0.00390182  0.05405789  0.06590522]
[ 0.06175381  0.03062989  0.0074928   0.00897489  0.03754632  0.06603541
  0.02725401  0.02445451  0.0454508   0.01860848  0.08299712  0.07797448
  0.08258543  0.005352    0.03095924  0.00395224  0.00971593  0.0351585
  0.00469329  0.05870729  0.00559901  0.03499382  0.0788802   0.00098806
  0.00370523  0.02774804  0.0330177   0.00395224  0.07179909  0.01902017]
[ 0.0458491   0.05964834  0.00793827  0.00823503  0.0338304   0.05949996
  0.02455672  0.02203428  0.00712219  0.05475184  0.074783    0.07010906
  0.07441205  0.00749314  0.01276059  0.00296758  0.04406855  0.0126864
  0.01357667  0.05126493  0.01098004  0.03145634  0.03561095  0.06113213
  0.0126864   0.02878552  0.00890274  0.00437718  0.04347504  0.07500556]
[ 0.04749542  0.02718387  0.00694869  0.00969762  0.0739157   0.0722358
  0.0203879   0.02206781  0.00251985  0.01725718  0.06627978  0.05765119
  0.04467013  0.00587966  0.0091631   0.0037416   0.00901038  0.03260538
  0.01382101  0.07063225  0.0149664   0.02947465  0.07704643  0.0340562
  0.01947159  0.03084911  0.0681124   0.00297801  0.0780391   0.03184178]
[ 0.06225616  0.07022495  0.00755375  0.0090479   0.03253922  0.03204117
  0.03195816  0.0273097   0.04258322  0.01875986  0.080767    0.07329626
  0.08325724  0.00564456  0.00871586  0.02390637  0.02033701  0.0141114
  0.00439944  0.02091807  0.01386237  0.0293019   0.08441936  0.06889682
  0.0131153   0.03760272  0.00929692  0.0050635   0.03004897  0.03876484]
[ 0.04711084  0.02713828  0.0264522   0.04246074  0.01646592  0.07089495
  0.00083854  0.0220308   0.00251563  0.03338924  0.07592621  0.07706968
  0.07645983  0.00495502  0.04817808  0.04268943  0.00899527  0.03255069
  0.0137216   0.06563501  0.00030492  0.01036743  0.07691721  0.03369416
  0.01166336  0.02957768  0.04772069  0.00297301  0.01936271  0.03194084]
[ 0.06930327  0.03289595  0.0084088   0.004343    0.01995934  0.09184994
  0.00101645  0.02818333  0.00304934  0.04620218  0.09203474  0.09342081
  0.09268157  0.0085012   0.00517464  0.01561634  0.04731103  0.05119202
  0.00452781  0.06200333  0.01811125  0.00665311  0.07031972  0.02938459
  0.01321382  0.01811125  0.01108852  0.00508224  0.00979486  0.04056551]
[ 0.06837451  0.07931443  0.0096636   0.0099371   0.0415717   0.07311514
  0.02999362  0.02634698  0.01176042  0.04375969  0.06454554  0.00711095
  0.01741271  0.00592579  0.01093992  0.00437597  0.02242684  0.02707631
  0.02233567  0.07265931  0.01203391  0.01239858  0.09198651  0.04066004
  0.0139484   0.03537241  0.06873917  0.01486006  0.02315617  0.03819856]
[ 0.04717057  0.08089833  0.00088545  0.02640264  0.02857603  0.01239636
  0.05006842  0.01295983  0.01054496  0.03871851  0.077598    0.05135636
  0.01408677  0.00096595  0.01481124  0.03235933  0.04121388  0.06455768
  0.00491025  0.05385173  0.01070595  0.03155437  0.08122032  0.07711503
  0.00603719  0.02825404  0.0330838   0.00708364  0.0291395   0.03147388]
[ 0.06354855  0.00847314  0.00635486  0.00940519  0.03863752  0.05710896
  0.02838502  0.02533469  0.00279614  0.06253177  0.08439248  0.06397221
  0.03058804  0.00652432  0.01016777  0.00415184  0.05346551  0.02533469
  0.01533638  0.05668531  0.05998983  0.02236909  0.07888493  0.02160651
  0.01584477  0.03423149  0.07524148  0.00330452  0.02152178  0.01381122]
[ 0.05942006  0.06686737  0.00213912  0.00863572  0.03660276  0.03121534
  0.0305023   0.0260656   0.04571383  0.08001901  0.07201711  0.04840754
  0.0693234   0.00538742  0.00823958  0.00380288  0.01941055  0.03501822
  0.00419902  0.01742988  0.01315164  0.04381239  0.0805736   0.06544129
  0.01132942  0.03588972  0.0088734   0.00483283  0.02868008  0.03699889]
[ 0.0635701   0.07357179  0.00771317  0.00381421  0.01830819  0.0786574
  0.00093236  0.02449568  0.00279708  0.04254958  0.08442109  0.07484319
  0.08501441  0.00779793  0.00474657  0.01432446  0.04407527  0.04695711
  0.00449229  0.05670453  0.01661299  0.01966435  0.06450246  0.02695372
  0.03381929  0.01661299  0.00949313  0.0263604   0.00898457  0.0372097 ]
[ 0.06163202  0.07132879  0.00221875  0.00336922  0.01775002  0.0764237
  0.00073958  0.03418522  0.00271181  0.04125236  0.08184732  0.0784781
  0.08242255  0.00534144  0.00986112  0.00394445  0.00969677  0.03508916
  0.02013313  0.07075355  0.01084723  0.01117594  0.08291561  0.03673268
  0.01257293  0.0318843   0.05144219  0.00320486  0.01561344  0.03443175]
[  7.32064422e-02   8.47242557e-02   2.44021474e-02   1.06393363e-02
   4.45095168e-02   7.82820888e-02   3.21132260e-02   2.82088824e-02
   9.76085896e-05   4.68521230e-02   6.91068814e-02   1.07369449e-02
   1.86432406e-02   6.34455832e-03   1.17130307e-02   4.68521230e-03
   1.15178136e-02   4.16788677e-02   1.76671547e-02   8.40409956e-02
   1.28843338e-02   1.24938995e-02   4.85114690e-02   4.35334309e-02
   1.49341142e-02   3.78721327e-02   6.11029771e-02   3.80673499e-03
   2.47925817e-02   4.08979990e-02]
[ 0.06319545  0.03023868  0.00806931  0.00671027  0.03873269  0.06812197
  0.02811518  0.02522721  0.00271808  0.01928141  0.08561964  0.08043829
  0.08434554  0.00857895  0.01596874  0.00475665  0.05045443  0.01452476
  0.01265608  0.05614542  0.01257114  0.01189162  0.08570458  0.0154591
  0.01299584  0.03295677  0.07491718  0.00331266  0.01070245  0.03558991]
[  6.69523299e-02   7.74861632e-02   1.08909123e-02   9.73040528e-03
   4.07070166e-02   7.19514372e-02   2.93697554e-02   2.57989645e-02
   8.92697733e-05   4.28494912e-02   5.74897340e-02   9.81967506e-03
   1.70505267e-02   5.71326549e-03   4.99910730e-03   4.28494912e-03
   1.05338332e-02   3.81181932e-02   1.61578290e-02   7.68612748e-02
   3.57079093e-04   3.78503839e-02   4.28494912e-02   7.36475629e-02
   1.24084985e-02   3.46366720e-02   1.07123728e-02   2.81199786e-02
   5.23120871e-02   9.02517408e-02]
[ 0.05046069  0.08654095  0.00094721  0.02824421  0.02505812  0.01360544
  0.05011625  0.05519676  0.01128046  0.03590803  0.08301042  0.05493843
  0.00404719  0.00103332  0.01584431  0.03453027  0.04408852  0.06906054
  0.00525273  0.01369155  0.01136657  0.03651081  0.08688539  0.03840524
  0.00680272  0.02936364  0.03539137  0.00757771  0.03117196  0.03366916]
[ 0.06779355  0.00903914  0.01111814  0.00994305  0.04121848  0.06960137
  0.02991955  0.02720781  0.02603272  0.02042846  0.09111453  0.06246045
  0.09066257  0.00587544  0.01084697  0.00433879  0.01066618  0.03859713
  0.00506192  0.06444906  0.00614661  0.03769321  0.08659496  0.0010847
  0.0042484   0.0304619   0.03624695  0.00433879  0.07592877  0.02088041]
[ 0.04911575  0.08423435  0.00092197  0.02757522  0.03042494  0.01290755
  0.0488643   0.0570782   0.0109798   0.04023133  0.07015338  0.0098902
  0.01986422  0.00100578  0.01542201  0.03377755  0.06437013  0.04576314
  0.00511273  0.00502892  0.0378845   0.01408097  0.07384125  0.06956668
  0.01332663  0.03520241  0.06369961  0.0032688   0.02128908  0.0351186 ]
[ 0.04511162  0.07736721  0.00084681  0.02525019  0.02794457  0.01185527
  0.04611239  0.05242494  0.00023095  0.0369515   0.06443418  0.04849885
  0.05411855  0.04033872  0.01416474  0.03102386  0.0591224   0.04203233
  0.00469592  0.00469592  0.01508853  0.01301001  0.0678214   0.06143187
  0.01224018  0.02986913  0.05850654  0.00300231  0.0195535   0.03225558]
[ 0.04670006  0.05900118  0.00788156  0.00817619  0.0713023   0.06968179
  0.02438126  0.02128757  0.00714496  0.01664702  0.07336476  0.05561285
  0.06371538  0.00567177  0.00883913  0.00360931  0.04640542  0.03145256
  0.01333235  0.07284915  0.03859753  0.01001768  0.07432233  0.03285209
  0.01126989  0.02857985  0.04493223  0.00287272  0.01863583  0.03086329]
[ 0.06054735  0.07007346  0.00734641  0.00363284  0.01227093  0.07507871
  0.00024219  0.02333091  0.00330992  0.04052636  0.08040688  0.08161783
  0.08097199  0.00524744  0.00968758  0.00387503  0.00952612  0.03188827
  0.01461209  0.05400823  0.01582304  0.02131267  0.08145637  0.0411722
  0.0205861   0.02228142  0.07168806  0.00314846  0.02050537  0.03382579]
[ 0.04810376  0.08249877  0.00090297  0.02692497  0.02454441  0.0126416
  0.04785749  0.05590215  0.01075357  0.0394024   0.06870793  0.05171565
  0.01436546  0.00098506  0.01510425  0.03570842  0.06304384  0.04465605
  0.00467903  0.00500739  0.01608931  0.01379084  0.08282712  0.06813331
  0.0183057   0.03185027  0.06238713  0.00311936  0.01559678  0.03439501]
[ 0.04870751  0.0835342   0.0009143   0.0272629   0.03017206  0.01280027
  0.00590142  0.05660377  0.01213532  0.03590724  0.06957028  0.05236472
  0.01454576  0.00108054  0.01546006  0.0334968   0.06383509  0.04538276
  0.00507024  0.00507024  0.01629125  0.01396393  0.08386668  0.06898845
  0.01321586  0.02161084  0.06317014  0.00324163  0.06366886  0.0321669 ]
[ 0.06121924  0.08616994  0.00094315  0.02263569  0.03043814  0.01320415
  0.04998714  0.00282946  0.0112321   0.03849781  0.08265455  0.05478865
  0.00402984  0.00102889  0.03789762  0.03438223  0.04389951  0.05847552
  0.00385836  0.01346137  0.01131784  0.039098    0.0865129   0.03824059
  0.02872331  0.02923776  0.03523965  0.00754523  0.03103833  0.04141302]
[ 0.06234932  0.00831324  0.00623493  0.0092277   0.03790839  0.03474936
  0.02751683  0.03533128  0.00274337  0.04539031  0.0827999   0.06276498
  0.08321556  0.0064012   0.00997589  0.00274337  0.05245656  0.03549755
  0.01504697  0.0556156   0.01629396  0.02194696  0.08246737  0.04206501
  0.01554576  0.0335855   0.0738216   0.00324216  0.02119877  0.01355059]
[ 0.06207582  0.07184241  0.00753187  0.00372455  0.01787783  0.07763615
  0.00091045  0.02391988  0.00273134  0.0307896   0.08243668  0.0836782
  0.08301606  0.00761463  0.00463499  0.0351763   0.04237709  0.04320477
  0.00438669  0.05537163  0.01622248  0.01920212  0.0631518   0.02632015
  0.03302433  0.01622248  0.01009767  0.00984936  0.02996193  0.03501076]
[ 0.05403412  0.08086676  0.00101429  0.03024435  0.03273398  0.0142923
  0.05366528  0.01484555  0.0120793   0.04435224  0.08888889  0.05882895
  0.01613647  0.0011065   0.01696634  0.03697556  0.0472107   0.0746888
  0.00562471  0.01300138  0.01217151  0.03614569  0.09377593  0.04112494
  0.00728446  0.00783771  0.02581835  0.00811434  0.03337944  0.03679115]
[ 0.06768489  0.08078778  0.00072347  0.02636656  0.02918006  0.01237942
  0.04670418  0.05474277  0.01045016  0.03858521  0.06728296  0.05064309
  0.01406752  0.00096463  0.014791    0.0323955   0.06173633  0.04389068
  0.00490354  0.00490354  0.01575563  0.01350482  0.08110932  0.06672026
  0.01278135  0.03118971  0.06109325  0.00313505  0.01784566  0.03368167]
[ 0.06337387  0.02978407  0.00752875  0.00918342  0.03772648  0.06635228
  0.02738479  0.02457185  0.00264747  0.0160503   0.08339538  0.07834864
  0.04045669  0.00835609  0.0155539   0.00463308  0.04914371  0.01414743
  0.01497477  0.05468685  0.01224456  0.04037396  0.03971209  0.06817242
  0.01149996  0.03276247  0.00992802  0.00488128  0.04848184  0.08364358]
[ 0.04970314  0.08524173  0.00093299  0.02782019  0.00364716  0.01170483
  0.04944869  0.05776081  0.01111111  0.04071247  0.07099237  0.04529262
  0.01484309  0.00101781  0.01560645  0.03409669  0.06513995  0.04631043
  0.00517388  0.00534351  0.01662426  0.01424936  0.085581    0.07039864
  0.01348601  0.03290925  0.06454623  0.00322307  0.02154368  0.03553859]
[ 0.00880033  0.06674969  0.00888335  0.00921544  0.02731424  0.07853881
  0.02748028  0.02399336  0.00273973  0.01876297  0.08268991  0.05238688
  0.07247821  0.00572852  0.01029473  0.01469489  0.05213782  0.03545039
  0.01502698  0.05554172  0.01627231  0.0222499   0.07314238  0.03702781
  0.0158572   0.03370693  0.07372354  0.00323786  0.02108759  0.03478622]
[ 0.05020992  0.08611087  0.00094251  0.02810385  0.03041727  0.0131951
  0.05055265  0.01379488  0.0112244   0.03847142  0.08259789  0.05432268
  0.03692914  0.00102819  0.01576557  0.03435867  0.04386942  0.07968469
  0.00522663  0.01345215  0.01131008  0.03632936  0.0864536   0.03821438
  0.00676891  0.02373404  0.03521549  0.00754006  0.03101705  0.03315911]
[ 0.06156625  0.06599901  0.00090297  0.00369397  0.01773108  0.07634214
  0.00024626  0.02372353  0.00287309  0.04186505  0.06074536  0.0829913
  0.08233459  0.00533574  0.01001478  0.00394024  0.00968642  0.03505172
  0.01485799  0.05491709  0.01608931  0.02167132  0.08282712  0.03398457
  0.01559678  0.03316368  0.07289443  0.0084551   0.02085044  0.03964866]
[  6.23493225e-02   7.34890681e-02   7.48191870e-03   9.06143487e-03
   3.79083881e-02   6.66722088e-02   2.73505695e-02   2.55216560e-02
   8.31324300e-05   8.24673705e-02   5.88577604e-02   9.14456730e-03
   1.58782941e-02   5.40360795e-03   3.15903234e-02   3.99035664e-03
   2.11156372e-02   3.54975476e-02   1.57120293e-02   5.49505362e-02
   1.23035996e-02   3.52481503e-02   3.99035664e-02   6.85011223e-02
   1.15554078e-02   3.22553828e-02   1.80397373e-02   4.90481337e-03
   4.87156040e-02   8.40468867e-02]
[ 0.05720824  0.02715484  0.00694127  0.00846682  0.03478261  0.06117468
  0.0252479   0.02265446  0.00244088  0.01723875  0.07688787  0.07223494
  0.07635393  0.00282227  0.05339436  0.00434783  0.05537757  0.01304348
  0.01372998  0.06567506  0.01006865  0.01525553  0.07696415  0.02425629
  0.01045004  0.02959573  0.04286804  0.04202899  0.01937452  0.03196034]
[ 0.04850592  0.08318848  0.00091052  0.02715007  0.03004718  0.01283006
  0.04825759  0.05636951  0.01216787  0.0410562   0.04809205  0.052148
  0.00389041  0.0009933   0.0205281   0.03335817  0.0635709   0.04519493
  0.00496648  0.00504925  0.01622382  0.01390613  0.08351958  0.04685043
  0.01316116  0.03211655  0.0205281   0.00322821  0.04850592  0.08368513]
[ 0.06536687  0.00870398  0.00792062  0.00966142  0.03969014  0.07050222
  0.02881017  0.02585081  0.00278527  0.01967099  0.08216555  0.08242667
  0.08712682  0.0310732   0.01636348  0.00417791  0.05178867  0.0148838
  0.01296893  0.05753329  0.01288189  0.03690487  0.04177909  0.07172078
  0.01209853  0.03377143  0.01044477  0.00235007  0.0221081   0.03646967]
[ 0.02226172  0.05724441  0.00851183  0.00420915  0.02020391  0.08698906
  0.00084183  0.02703208  0.04835843  0.04489758  0.06622393  0.01038256
  0.06575624  0.00607988  0.02319708  0.00448976  0.01103732  0.03694696
  0.01693013  0.06182771  0.01346927  0.03965953  0.03891123  0.08306052
  0.01599476  0.02431952  0.01159854  0.00551866  0.05481246  0.08923394]
[ 0.05351791  0.06193806  0.00870558  0.00777794  0.02797203  0.05722849
  0.02361924  0.02062223  0.00235479  0.03582132  0.06193806  0.07214214
  0.07157129  0.00463822  0.00856287  0.00342515  0.04495504  0.03046953
  0.01291566  0.05173398  0.01370059  0.02797203  0.07214214  0.03139717
  0.0133438   0.02882831  0.06336521  0.03931783  0.01812473  0.02989867]
[ 0.06462585  0.05944987  0.00791186  0.00820763  0.03371783  0.06994972
  0.02447501  0.02136942  0.00244011  0.01671103  0.07364685  0.05582668
  0.06455191  0.00036971  0.00887311  0.00362319  0.04658385  0.06943212
  0.01338361  0.04946761  0.01567584  0.01952085  0.07475599  0.03297841
  0.01412304  0.0300207   0.06566105  0.00288376  0.01878143  0.03098196]
[ 0.06198347  0.00892562  0.00619835  0.00917355  0.03768595  0.0768595
  0.02735537  0.02487603  0.00404959  0.05570248  0.08231405  0.06239669
  0.08272727  0.00636364  0.00991736  0.00404959  0.05214876  0.03528926
  0.01495868  0.0546281   0.01619835  0.02710744  0.08198347  0.04214876
  0.01545455  0.03355372  0.02909091  0.00305785  0.02033058  0.01347107]
[  -6.08  126.4    47.21  -62.6     4.87   77.22  -66.14  -32.29   59.1
  -12.76   44.94  -37.99   -3.59  -54.74   28.3    10.36  -22.23  -16.01
  -73.39  -62.61  -81.68   52.41    1.68   -4.52  118.22  -66.27   51.62
  -38.47  -65.91   19.1    19.96    5.21  -50.49    7.19  -25.85  -30.36
  -21.49   10.49  136.68  -95.88  -25.17   42.86   12.09 -131.32 -102.01
  -29.66  -52.74   11.89  -73.56  -41.48]
