[ 0.05267469  0.02383878  0.0077005   0.08306709  0.02555911  0.08052757
  0.01736708  0.03702793  0.00483329  0.06520849  0.01277955  0.07454739
  0.01613828  0.01351683  0.06955026  0.03923978  0.00786434  0.02580487
  0.00180224  0.02785287  0.00425985  0.00901122  0.07684116  0.05857295
  0.00335873  0.04464651  0.01572868  0.02990088  0.05857295  0.01220611]
[ 0.04877497  0.02193743  0.0071617   0.07161704  0.02352054  0.07410479
  0.01598191  0.03618545  0.00444779  0.06000754  0.07387863  0.06860158
  0.01485111  0.01243875  0.06400302  0.03611006  0.01688654  0.02404825
  0.0016585   0.06422917  0.01372032  0.00836789  0.06106295  0.05390124
  0.00806634  0.00248775  0.01447418  0.02751602  0.05390124  0.01605729]
[ 0.05461409  0.00721477  0.00251678  0.00083893  0.0317953   0.08238255
  0.01837248  0.04832215  0.07508389  0.04018456  0.02785235  0.06946309
  0.01652685  0.01979866  0.08481544  0.05494966  0.01879195  0.02667785
  0.00184564  0.02852349  0.01501678  0.0091443   0.07869128  0.06166107
  0.00293624  0.00813758  0.01627517  0.03196309  0.04907718  0.01652685]
[ 0.05632462  0.00744073  0.0025956   0.0008652   0.0326181   0.0849628
  0.01894791  0.05260426  0.07743554  0.04075099  0.00657553  0.07163869
  0.01721751  0.02041876  0.08522236  0.0566707   0.01384323  0.02751341
  0.00190344  0.02941685  0.01540059  0.00891158  0.07838726  0.06359232
  0.00302821  0.00839246  0.01678491  0.03296418  0.05052777  0.01704447]
[ 0.04067984  0.01810038  0.00564486  0.05430114  0.01914345  0.05681679
  0.02871518  0.03791876  0.01540066  0.06025279  0.05601914  0.03994355
  0.03926862  0.02675175  0.04669285  0.03233526  0.01282366  0.02221131
  0.00092036  0.05902565  0.05644864  0.03018775  0.05558964  0.04405449
  0.00067493  0.02202724  0.04540434  0.01527795  0.04730642  0.01006258]
[ 0.05005839  0.04966913  0.00171273  0.07886337  0.03184118  0.0776956
  0.0062281   0.05239393  0.00708447  0.01409109  0.02553523  0.06453873
  0.04585442  0.03332036  0.04710004  0.01105489  0.00786298  0.06594005
  0.03168548  0.06959907  0.01121059  0.00568315  0.07084469  0.01603737
  0.01377968  0.03775788  0.0239782   0.00731802  0.02358895  0.01767225]
[ 0.05757207  0.02561653  0.05244877  0.04350469  0.02717958  0.08188607
  0.0389024   0.05019104  0.00494964  0.06382424  0.01771448  0.07189997
  0.01710663  0.04237582  0.08761723  0.01241751  0.0194512   0.02761375
  0.01302536  0.02952414  0.00503647  0.00955193  0.03707885  0.06208753
  0.00295241  0.00286558  0.01667246  0.03030566  0.04541507  0.00321292]
[ 0.05355821  0.00707528  0.00246812  0.00115179  0.03118058  0.0807898
  0.01735911  0.04738791  0.07363225  0.03940765  0.04837515  0.06812012
  0.01620732  0.01941588  0.08037845  0.05388729  0.01842863  0.02352941
  0.00180995  0.0266557   0.01464418  0.00913204  0.08243521  0.06046894
  0.00287947  0.00798026  0.01596051  0.03134513  0.04812834  0.01620732]
[ 0.06255071  0.06417329  0.00381308  0.04234951  0.02279734  0.05873763
  0.03115366  0.01557683  0.00730164  0.0304235   0.02174266  0.06717508
  0.03675158  0.018822    0.03772513  0.0531397   0.05711504  0.02579912
  0.00146033  0.02758397  0.01444102  0.00892423  0.07350316  0.05800746
  0.04161934  0.00786954  0.01557683  0.00949213  0.04762291  0.03675158]
[ 0.04929002  0.05999554  0.04490372  0.07531039  0.0231953   0.06876812
  0.03449558  0.04326816  0.02326965  0.01657869  0.0243848   0.03315739
  0.05263549  0.01397666  0.06371274  0.00951602  0.01553788  0.03442123
  0.00163557  0.02423612  0.01070552  0.00089213  0.07434391  0.05337893
  0.0103338   0.02780462  0.03330607  0.03754368  0.02252621  0.01687607]
[ 0.0529536   0.05878068  0.04399446  0.04581543  0.02272562  0.06737563
  0.03379707  0.04239202  0.02279846  0.01624299  0.00466167  0.06919659
  0.05156967  0.01150849  0.06242261  0.00932333  0.01536893  0.03372423
  0.00160245  0.06103868  0.01048875  0.00087406  0.06817685  0.05346347
  0.01012455  0.02607619  0.03277733  0.03678345  0.02207007  0.01187268]
[ 0.04999623  0.02224568  0.04554709  0.07638941  0.02352764  0.06975341
  0.03498982  0.04388809  0.02360305  0.01681623  0.00542945  0.07224191
  0.05338964  0.01417691  0.06462559  0.00965236  0.01591132  0.03491441
  0.001659    0.04388809  0.01085891  0.00090491  0.07058291  0.04449137
  0.01048186  0.028203    0.03378327  0.03808159  0.02284896  0.01711786]
[ 0.06628201  0.0212766   0.04356293  0.07306167  0.0225027   0.06613776
  0.01442481  0.06043996  0.02719077  0.01608366  0.00519293  0.06909484
  0.05106383  0.01355932  0.06181031  0.00923188  0.01521818  0.0287775
  0.00129823  0.06043996  0.01038586  0.00086549  0.07212405  0.05178507
  0.01464118  0.02582041  0.03231158  0.00901551  0.04219257  0.01420844]
[ 0.04836193  0.00638883  0.00222866  0.00074289  0.02815541  0.07295149
  0.01567491  0.04279028  0.06529975  0.03558428  0.00564594  0.06158532
  0.01478345  0.01753213  0.07258005  0.03915014  0.01664067  0.0236238
  0.00044573  0.02525815  0.01797786  0.04628185  0.06968279  0.07362009
  0.00252582  0.00780031  0.05244781  0.03751579  0.02250947  0.0742144 ]
[ 0.05140187  0.02259844  0.04626934  0.07760074  0.02390072  0.07101272
  0.03554466  0.00536234  0.02397732  0.01708289  0.00061284  0.07338747
  0.05423625  0.01440172  0.06565038  0.00980542  0.01616363  0.03477861
  0.00168531  0.06419488  0.0110311   0.00091926  0.07170216  0.0550023
  0.01064808  0.02742454  0.03431898  0.03868546  0.02321128  0.01738931]
[ 0.0506997   0.02255869  0.04618796  0.07746425  0.02385868  0.07333486
  0.07463486  0.04419974  0.00451174  0.05620555  0.01567638  0.06331727
  0.01506462  0.01781754  0.07715837  0.01093523  0.01712931  0.02439397
  0.00168234  0.00642349  0.01422345  0.00841172  0.07180546  0.05406439
  0.00267645  0.04167623  0.01468227  0.0263822   0.03999388  0.0028294 ]
[ 0.04934137  0.02195431  0.04495051  0.07538885  0.02321947  0.06883977
  0.036913    0.04331324  0.02329389  0.01644712  0.00059537  0.07129568
  0.05507182  0.01875419  0.06377912  0.00952594  0.01570291  0.0344571
  0.00163727  0.04331324  0.01071668  0.00089306  0.06965841  0.05343455
  0.01034457  0.02664285  0.03334078  0.03758279  0.02240083  0.01719134]
[ 0.05199089  0.02316815  0.0474358   0.07955706  0.02450326  0.07264588
  0.03204272  0.00549753  0.0245818   0.01688526  0.00062829  0.07523757
  0.05560355  0.01476478  0.06730543  0.01005262  0.01657111  0.03636221
  0.00172779  0.06581324  0.0113092   0.00094243  0.07350978  0.05646745
  0.01091652  0.02811592  0.03518417  0.03966072  0.0036912   0.01782769]
[ 0.04878233  0.02194074  0.01673829  0.07645329  0.02367489  0.07411596
  0.01598432  0.03619091  0.00444847  0.06001659  0.03528613  0.05896102
  0.03415517  0.01244062  0.06401267  0.03611551  0.01688909  0.03370278
  0.05232602  0.02563523  0.00407148  0.00588102  0.07072306  0.05375858
  0.0032421   0.00248812  0.01447636  0.02752017  0.05390937  0.01605971]
[ 0.05186576  0.02307752  0.04732848  0.07924587  0.02440742  0.07236173
  0.01501995  0.04552922  0.02448564  0.01744504  0.00563248  0.07494328
  0.04537276  0.01470703  0.06704217  0.0100133   0.01634984  0.03621998
  0.00172104  0.06054917  0.00140812  0.00093875  0.07322225  0.04615505
  0.00086052  0.02800595  0.03512478  0.03950559  0.02370336  0.01775796]
[ 0.01137391  0.02191925  0.00647785  0.07600181  0.02372703  0.07396806
  0.00979211  0.00497138  0.066511    0.05528774  0.00542332  0.0715577
  0.04368786  0.01416089  0.06455258  0.00964146  0.01589334  0.03487496
  0.00165713  0.06312142  0.01084664  0.00097921  0.07170835  0.05408255
  0.01047002  0.02696595  0.07238626  0.03818921  0.02282314  0.01694788]
[ 0.04763958  0.02090968  0.04340016  0.07278868  0.02241862  0.06646547
  0.03334052  0.0441187   0.02134081  0.01602357  0.00517353  0.04577136
  0.0165984   0.01444277  0.05180714  0.0480707   0.05496874  0.02601135
  0.00625135  0.06122009  0.03104117  0.00761658  0.06510024  0.05353165
  0.01861033  0.01702953  0.01379608  0.01817921  0.05137601  0.00495797]
[ 0.04897182  0.04859101  0.00167555  0.07715156  0.02399086  0.07600914
  0.00609292  0.05125666  0.00693069  0.06549886  0.03564356  0.06930693
  0.0102818   0.01256664  0.04028941  0.01942117  0.01523229  0.06808835
  0.00898705  0.02071592  0.01355674  0.01934501  0.03229246  0.07631379
  0.02277228  0.00616908  0.014623    0.03876618  0.05445545  0.01500381]
[ 0.06305561  0.01991593  0.00592654  0.06098822  0.02150093  0.06774171
  0.0322514   0.03342292  0.02170767  0.01219764  0.03142444  0.0546482
  0.04899731  0.02949487  0.04169251  0.00978568  0.01323134  0.05836951
  0.02804769  0.06105713  0.00992351  0.00530632  0.06243539  0.04947971
  0.00075805  0.02473985  0.05106471  0.01605678  0.05313211  0.01164634]
[ 0.05675181  0.00714846  0.00261529  0.00087176  0.03303984  0.08560718
  0.01839421  0.05021358  0.07802284  0.0305989   0.0062767   0.07218202
  0.00601517  0.02057362  0.0851713   0.05710051  0.0195275   0.02737338
  0.00749717  0.04079854  0.01551739  0.00967658  0.08177142  0.06407462
  0.00305117  0.00845611  0.01133293  0.03251678  0.05099817  0.01682504]
[ 0.05190586  0.02306046  0.00729059  0.08043427  0.02472462  0.07789841
  0.03264918  0.03550202  0.01228307  0.06117759  0.03201522  0.0664078
  0.01561138  0.01323401  0.04699263  0.07314367  0.01267929  0.0252001
  0.0017434   0.0269435   0.01473968  0.00816229  0.07433236  0.05666059
  0.00530945  0.0026151   0.01521515  0.03019257  0.05658135  0.0152944 ]
[ 0.05503207  0.03349434  0.00696809  0.0396706   0.02470504  0.07324412
  0.03674083  0.04608441  0.02478423  0.01765777  0.00570116  0.07585715
  0.04592604  0.01488637  0.06785969  0.01140233  0.01670758  0.03634492
  0.00174202  0.06635521  0.05067701  0.00095019  0.03357352  0.05685327
  0.01100641  0.02834745  0.03547391  0.03998733  0.0239924   0.0179745 ]
[ 0.0456643   0.02018045  0.04160066  0.06949514  0.02148908  0.06343412
  0.03195812  0.04008541  0.02155796  0.03271575  0.00495902  0.06598251
  0.04876369  0.01294855  0.0590261   0.00922929  0.04965907  0.03188925
  0.00151526  0.05771747  0.00991804  0.000551    0.06446725  0.04890144
  0.00957366  0.02465735  0.03195812  0.03478201  0.02968524  0.01563469]
[ 0.04972251  0.00284986  0.04529774  0.0759712   0.03299835  0.0719214
  0.07334633  0.04342283  0.00427479  0.05512224  0.01499925  0.07169642
  0.0339733   0.01739913  0.07567122  0.01072446  0.01679916  0.02354882
  0.03044848  0.02549873  0.0139493   0.00824959  0.07042148  0.05362232
  0.00262487  0.00247488  0.00479976  0.02617369  0.03922304  0.00277486]
[ 0.04990156  0.02233833  0.04573679  0.07670756  0.02362562  0.07261851
  0.03528699  0.04376798  0.00431622  0.05535363  0.01544752  0.06269877
  0.01491746  0.01514463  0.07640466  0.01082841  0.01696199  0.06285022
  0.03558988  0.02574587  0.01408451  0.00832955  0.07110404  0.05414206
  0.00265031  0.00249886  0.01453885  0.02642738  0.03960321  0.00037862]
[ 0.05219692  0.0479474   0.00240539  0.00016036  0.03038807  0.07873637
  0.03720334  0.0479474   0.02509622  0.01788005  0.00577293  0.07681206
  0.05676716  0.01507377  0.06871392  0.01026299  0.0169179   0.03712316
  0.00184413  0.06719051  0.01186658  0.00096216  0.07504811  0.05692752
  0.01114496  0.0287043   0.03592046  0.0404907   0.02429442  0.01820077]
[ 0.05239036  0.02331094  0.04772817  0.08020545  0.02465429  0.03263532
  0.01667325  0.04551561  0.07072303  0.03785065  0.00600553  0.06542868
  0.01556697  0.01864876  0.07720269  0.0517582   0.01770051  0.02512841
  0.00173844  0.02686685  0.03429475  0.00877124  0.05389174  0.04764915
  0.00276571  0.00766495  0.01564599  0.03010668  0.04622679  0.01525089]
[ 0.06366546  0.02010854  0.00598386  0.06157807  0.02623156  0.06839688
  0.03256332  0.03367659  0.0041052   0.01259393  0.03172836  0.0576816
  0.04947119  0.02991929  0.04209574  0.00988032  0.01565544  0.05893404
  0.02831895  0.06164765  0.01001948  0.00535764  0.06303924  0.04995825
  0.00076538  0.02497913  0.04926245  0.01732535  0.05364598  0.01141108]
[  6.87476209e-02   2.21545489e-02   7.15645223e-03   7.68176627e-02
   2.86258089e-02   6.96612105e-02   2.10125619e-02   3.65435858e-02
   4.49181576e-03   6.55500571e-02   3.77617054e-02   7.41530263e-02
   5.40540541e-03   1.01256186e-02   7.43814237e-02   6.93566806e-02
   1.76627332e-02   2.37533308e-02   1.75104682e-03   2.58850400e-02
   1.84240579e-02   7.61324705e-03   6.16673011e-02   5.44347164e-02
   3.12143129e-03   7.61324705e-05   1.47696993e-02   2.83974115e-02
   5.55005710e-02   1.49980967e-02]
[ 0.05461285  0.02429984  0.00230643  0.08344316  0.02570016  0.0761944
  0.01738056  0.04744646  0.07372323  0.03945634  0.0062603   0.02602965
  0.01622735  0.01680395  0.08047776  0.05378913  0.01589786  0.02586491
  0.00181219  0.02800659  0.01466227  0.00914333  0.07726524  0.06054366
  0.00288303  0.00799012  0.01598023  0.03138386  0.04818781  0.01622735]
[ 0.04676132  0.02083775  0.04153422  0.07155471  0.02147348  0.0653387
  0.03277531  0.04096913  0.0221092   0.01575192  0.02260366  0.0676697
  0.04096913  0.01327965  0.02373384  0.04520732  0.01490429  0.03270467
  0.001554    0.05919333  0.01469238  0.00056509  0.0661157   0.06879989
  0.00981846  0.03432931  0.03164512  0.0356714   0.02140284  0.01603447]
[ 0.05263158  0.02255639  0.00728626  0.07859856  0.02914503  0.07619564
  0.01643283  0.03720642  0.00457329  0.06170064  0.03627626  0.07053717
  0.01278971  0.01278971  0.06642896  0.0371289   0.017363    0.00364313
  0.00170529  0.0649562   0.01612278  0.00093016  0.07255252  0.0556546
  0.00085265  0.02899     0.03472599  0.03914425  0.02224634  0.01883575]
[ 0.05102748  0.02270453  0.04648657  0.07858077  0.06341876  0.07111522
  0.03571154  0.04479335  0.00438698  0.01716309  0.0153929   0.07373201
  0.01477719  0.03417225  0.06595859  0.00985146  0.01623951  0.036866
  0.01154468  0.02616794  0.00415608  0.0084661   0.07219272  0.05502963
  0.00330947  0.00253983  0.01477719  0.02809205  0.05502963  0.01631648]
[ 0.05421442  0.00699017  0.00243843  0.00089409  0.03080549  0.07981793
  0.05876615  0.04681785  0.03113062  0.03893359  0.00617736  0.06730066
  0.01601235  0.01918231  0.07941153  0.05323905  0.01820694  0.02584735
  0.00438917  0.02763554  0.01446802  0.00894091  0.07624157  0.05974153
  0.00284483  0.04950012  0.01576851  0.04137202  0.04689913  0.01601235]
[ 0.05917569  0.06124799  0.00360734  0.04006447  0.02156727  0.06539259
  0.03438483  0.01473636  0.00675416  0.02862844  0.0205695   0.06355054
  0.03476859  0.01811344  0.03568962  0.04044823  0.05403331  0.02440709
  0.00168854  0.06539259  0.01366183  0.0084427   0.07199325  0.05718014
  0.04198327  0.00744493  0.01596439  0.02924246  0.04505334  0.01481311]
[ 0.05744287  0.00758846  0.00264714  0.0065296   0.03326568  0.07535516
  0.01861819  0.05082502  0.07897291  0.04226595  0.00670608  0.07306097
  0.01738286  0.02082414  0.08620842  0.05779582  0.01976529  0.00547075
  0.00158828  0.03000088  0.01570634  0.00979441  0.03758934  0.06485485
  0.00344128  0.05373687  0.01994176  0.03361864  0.05161917  0.01738286]
[ 0.06858556  0.02166254  0.00644629  0.0662619   0.02338655  0.07368263
  0.03507983  0.03627914  0.00427254  0.0135672   0.03418035  0.06693651
  0.05329436  0.03208155  0.04534892  0.01064388  0.01439172  0.02511056
  0.03050746  0.06641181  0.01079379  0.00577168  0.02953302  0.05366914
  0.00082453  0.02690953  0.05546811  0.01881418  0.05779177  0.01229293]
[ 0.01098988  0.0472802   0.00237192  0.00079064  0.02980708  0.07764073
  0.01668248  0.04601518  0.0652277   0.01763125  0.0056926   0.0757432
  0.05605629  0.03510436  0.06767868  0.01012018  0.01668248  0.07708729
  0.00173941  0.06625553  0.0113852   0.00094877  0.07337128  0.05645161
  0.00592979  0.02830487  0.03542062  0.03992726  0.003716    0.0179475 ]
[ 0.05220393  0.02121234  0.04343137  0.06363702  0.02128425  0.06651327
  0.03336449  0.04141799  0.05961027  0.03444309  0.00546487  0.05953836
  0.01430934  0.01696987  0.07025239  0.04709858  0.016107    0.02286618
  0.00158194  0.02444812  0.01279931  0.00798159  0.0668728   0.05285108
  0.00251672  0.0069749   0.05062199  0.02739628  0.04206515  0.01416553]
[ 0.04983723  0.0494497   0.00139513  0.07851496  0.02193458  0.07735235
  0.00620059  0.05216246  0.00705317  0.06665633  0.03627345  0.0705317
  0.0115486   0.01278871  0.0410014   0.03960626  0.01550147  0.06929158
  0.00666563  0.00620059  0.01441637  0.00976593  0.03301814  0.05782049
  0.03340567  0.0062781   0.01488141  0.03945125  0.05572779  0.01526895]
[ 0.0512265   0.02282752  0.04642885  0.07838737  0.02445253  0.07157781
  0.03095257  0.04503598  0.02422038  0.01725606  0.00557146  0.07289329
  0.05478604  0.01454771  0.06128608  0.00990482  0.01632748  0.03582759
  0.00170239  0.02646444  0.01114292  0.00092858  0.072429    0.05555985
  0.01075602  0.02275014  0.03466687  0.03907761  0.02344657  0.01756558]
[ 0.04607366  0.02050035  0.03752606  0.07039611  0.02168172  0.06316887
  0.03252259  0.0400278   0.06219597  0.033287    0.00500347  0.05753996
  0.01417651  0.01612231  0.05010424  0.04551772  0.01556637  0.01987491
  0.00152884  0.02362752  0.0123697   0.00528145  0.06504517  0.04989576
  0.00965949  0.02487839  0.03113273  0.03509382  0.05663655  0.03356498]
[ 0.08070146  0.00714761  0.01296543  0.00615027  0.04213763  0.08161569
  0.03856383  0.04305186  0.02468418  0.01853391  0.00598404  0.07829122
  0.05884309  0.015625    0.07122673  0.0106383   0.01221742  0.03848072
  0.00182846  0.06964761  0.01196809  0.00390625  0.07795878  0.0610871
  0.00290891  0.00839428  0.01612367  0.03166556  0.05127992  0.01637301]
[ 0.05406528  0.00697616  0.00780666  0.0008305   0.03147579  0.08221908
  0.00689312  0.06909725  0.07432937  0.03978075  0.00099659  0.0688481
  0.01636077  0.01968275  0.08113944  0.05439748  0.01860311  0.02508097
  0.00249149  0.0388672   0.01345403  0.0197658   0.03670791  0.06195499
  0.02483182  0.00672702  0.01594552  0.04227224  0.05938045  0.01901835]
[ 0.04974085  0.04935407  0.00170186  0.03875609  0.02684304  0.07720275
  0.00866404  0.05206158  0.00703953  0.06652742  0.07581032  0.0703953
  0.01028854  0.01276398  0.0409221   0.03705423  0.01547149  0.06915758
  0.00665274  0.02599211  0.00386787  0.0098244   0.07256131  0.05654831
  0.00270751  0.00750367  0.01500735  0.0294732   0.04525412  0.01485263]
[ -78.43   -5.66   40.08  -53.52  -77.18  -47.07   -5.15  -88.63    3.92
   65.1   100.45 -104.37  -69.94  -79.11  -91.31   28.47  -36.41  107.47
  -94.88  -94.87  -42.14    5.81   45.37   55.17   25.18  -60.46   43.32
  -62.6    11.52  -36.4   -12.48   -7.55  -35.36  -47.62   -9.84  -10.13
 -164.47   -7.91   33.47  -51.9  -125.56   21.79   30.85   -0.37 -117.68
    2.02   48.63  -64.19  -22.89  -40.08]
