[ 0.09186916  0.05028037  0.02831776  0.00252336  0.05186916  0.03934579
  0.00205607  0.00598131  0.00831776  0.00130841  0.00607477  0.06327103
  0.07981308  0.01205607  0.03579439  0.05242991  0.01196262  0.0117757
  0.00635514  0.07738318  0.00607477  0.05626168  0.06682243  0.05719626
  0.02747664  0.01588785  0.04607477  0.02813084  0.00953271  0.04775701]
[ 0.07797944  0.04818503  0.02401221  0.00248956  0.04151943  0.03501446
  0.04858657  0.0469001   0.01686476  0.02312881  0.06737873  0.04368776
  0.0775779   0.00401542  0.00754899  0.06561195  0.00112432  0.00016062
  0.00160617  0.07621266  0.00522004  0.00706714  0.0699486   0.08022808
  0.06151622  0.01300996  0.01517828  0.0048185   0.00281079  0.03059749]
[ 0.07027195  0.04896568  0.02843418  0.02711707  0.0406756   0.02262338
  0.04687379  0.          0.00666305  0.00255675  0.06484853  0.0697296
  0.07825211  0.0106144   0.04927559  0.06345394  0.02200356  0.00697296
  0.00092973  0.05237468  0.00550089  0.00712792  0.04299992  0.06469358
  0.04757109  0.01069187  0.02370807  0.00976214  0.00596576  0.06934222]
[ 0.06765123  0.00656374  0.02260013  0.00216305  0.03856195  0.03252033
  0.04512568  0.04355933  0.01566346  0.0215559   0.06243007  0.06959051
  0.06339972  0.00962184  0.00932349  0.04199299  0.00954725  0.00939808
  0.00537033  0.06175878  0.00872678  0.04460357  0.07481167  0.05519505
  0.01238159  0.03177445  0.03796524  0.02237637  0.04639367  0.02737376]
[  8.60724234e-02   5.42246982e-02   5.84958217e-03   2.04271123e-03
   9.28505107e-05   4.52181987e-02   5.62674095e-02   9.28505107e-04
   7.70659239e-03   7.42804085e-04   7.49303621e-02   5.06035283e-02
   4.40111421e-02   6.22098422e-03   4.14113278e-02   8.79294336e-02
   2.41411328e-02   5.94243268e-03   3.71402043e-04   6.75023213e-02
   9.56360260e-03   2.30269266e-02   8.16155989e-02   9.27576602e-02
   5.32961931e-02   1.55988858e-02   1.75487465e-02   5.75673166e-03
   3.24976787e-03   3.53760446e-02]
[ 0.08689119  0.05887033  0.02554583  0.00274021  0.04897021  0.03712543
  0.00194467  0.02970034  0.00786706  0.00689472  0.03703704  0.05940069
  0.04013082  0.00026518  0.00830903  0.07292495  0.00247503  0.02386635
  0.00035358  0.0838858   0.00327057  0.01918147  0.06549987  0.08830549
  0.07867056  0.00300539  0.01599929  0.00247503  0.02731371  0.06108017]
[ 0.0765718   0.04909076  0.02201745  0.02332219  0.04215934  0.0251162
  0.00758379  0.04175161  0.00668678  0.00269102  0.06792791  0.05520672
  0.08236158  0.03335236  0.0042404   0.06670472  0.00097855  0.00994863
  0.033597    0.07665335  0.00546359  0.00856234  0.0723314   0.06841719
  0.0083177   0.0125581   0.00407731  0.01549376  0.00383267  0.07298377]
[ 0.07158213  0.0504021   0.02412612  0.02149853  0.04180269  0.02428537
  0.00740505  0.          0.00652918  0.00254797  0.06680468  0.07174138
  0.07787244  0.01090851  0.05000398  0.0652122   0.00732542  0.00979377
  0.03280516  0.06592882  0.00931603  0.04729676  0.07922605  0.0484115
  0.00302572  0.01289912  0.03893622  0.00350346  0.01831356  0.03049606]
[ 0.07380584  0.0489869   0.03238669  0.02294735  0.04272113  0.02506306
  0.01798356  0.04166328  0.00667263  0.0443486   0.06810969  0.07592156
  0.07990886  0.01122955  0.00943934  0.06664497  0.00227846  0.00732362
  0.03352592  0.07649117  0.00805599  0.0058589   0.05134673  0.06794694
  0.00577752  0.01122955  0.00406868  0.01285703  0.01424038  0.03116608]
[ 0.07091583  0.04985407  0.02390155  0.00489075  0.04141358  0.02398044
  0.00733612  0.          0.00646841  0.00268202  0.06602508  0.0710736
  0.07777865  0.01080697  0.04953853  0.06460519  0.00220872  0.00962373
  0.0324998   0.06531514  0.00796718  0.04693539  0.0784886   0.04827641
  0.00299755  0.01341011  0.03888933  0.00347085  0.04843417  0.0302122 ]
[ 0.06961437  0.00696918  0.02315317  0.0024005   0.04003407  0.03376181
  0.04189252  0.04522224  0.05590832  0.00247793  0.06481338  0.07216974
  0.06582004  0.00998916  0.06930463  0.06326467  0.00991172  0.00975685
  0.00100666  0.02911569  0.0475453   0.04584172  0.07766765  0.02779929
  0.04266687  0.01440297  0.0102989   0.00464612  0.00797584  0.00456869]
[ 0.07698236  0.05137866  0.02320603  0.02414797  0.0011132   0.02637438
  0.00796369  0.0548039   0.00702175  0.          0.07167323  0.06893304
  0.05634526  0.01173146  0.00556602  0.06859051  0.02192156  0.01078952
  0.00582291  0.07090255  0.00864874  0.05163555  0.0831478   0.05240623
  0.00393903  0.01455729  0.04221613  0.02568933  0.00873437  0.04375749]
[ 0.07166705  0.0441028   0.02352667  0.02080907  0.04076403  0.0239149
  0.00722106  0.          0.00636695  0.00248466  0.07120118  0.06995885
  0.07593757  0.05039211  0.0295054   0.06607656  0.02080907  0.00947279
  0.00217408  0.07236587  0.00551285  0.00714341  0.04775215  0.06483423
  0.04751922  0.01071512  0.02375961  0.00978337  0.00722106  0.06700831]
[ 0.07198167  0.0562579   0.02394121  0.01058786  0.0051359   0.03832174
  0.05799621  0.00079014  0.0090866   0.00363464  0.06613464  0.07119153
  0.0772756   0.01082491  0.00821745  0.06471239  0.02141277  0.01975348
  0.00221239  0.07364096  0.00560999  0.00600506  0.04914665  0.06597661
  0.04851454  0.01090392  0.03429204  0.00995575  0.00576802  0.07071745]
[ 0.08318048  0.05796038  0.02705429  0.00284299  0.05089875  0.03851798
  0.00055026  0.00733676  0.00742847  0.00128393  0.02668745  0.06346295
  0.04136097  0.00027513  0.00862069  0.07492663  0.00110051  0.02402788
  0.00036684  0.08703228  0.00926266  0.00807043  0.08061262  0.09161775
  0.05264123  0.03906823  0.01733309  0.01137197  0.00320983  0.08189655]
[ 0.07810265  0.04274591  0.02407437  0.02780868  0.04171301  0.06515176
  0.00738916  0.04075957  0.00651518  0.00262196  0.06618465  0.05124742
  0.05736533  0.01215636  0.00921659  0.04346099  0.00095344  0.00969331
  0.03527729  0.07468616  0.0460035   0.0058001   0.05013507  0.06634356
  0.0284443   0.01223582  0.00397267  0.01509614  0.00373431  0.07111076]
[ 0.09357449  0.05121371  0.00371252  0.00580676  0.05283198  0.03998096
  0.00209424  0.00847216  0.00771061  0.0013327   0.02770109  0.05178486
  0.06149453  0.04940505  0.00818658  0.07777249  0.00342694  0.00095193
  0.00190386  0.09033793  0.00961447  0.03274631  0.0829129   0.09509757
  0.06073298  0.01627796  0.01799143  0.0118039   0.00028558  0.0328415 ]
[ 0.06713546  0.04678016  0.02242783  0.05906736  0.0388601   0.02161362
  0.04478164  0.          0.00518135  0.00236862  0.06188009  0.06661732
  0.07475944  0.01014064  0.00917839  0.06062176  0.02042931  0.00666173
  0.00088823  0.06905996  0.00525537  0.00562546  0.04137676  0.06180607
  0.04544782  0.01021466  0.02264989  0.04722428  0.00569948  0.06624722]
[ 0.07334128  0.04513309  0.02407628  0.02256655  0.04171633  0.02447358
  0.00738975  0.00063568  0.00651569  0.00254271  0.0792213   0.07159317
  0.07755264  0.0102503   0.03019468  0.06507747  0.02129519  0.00969408
  0.00349623  0.07405642  0.00564164  0.00731029  0.0488677   0.06634883
  0.049265    0.01096544  0.02336114  0.02018276  0.00611839  0.07111641]
[ 0.07469573  0.06809323  0.02919418  0.04287646  0.0411264   0.034683
  0.04812664  0.05663829  0.01169358  0.00381831  0.04621748  0.07421844
  0.06769549  0.01026171  0.00501153  0.04096731  0.01527325  0.00747753
  0.04613794  0.07477528  0.00532973  0.00580702  0.04892212  0.06642272
  0.00811391  0.0110572   0.00127277  0.01511415  0.01360274  0.02537587]
[ 0.07167344  0.0504664   0.0241569   0.02535279  0.04185602  0.02423663
  0.00757395  0.00063781  0.04735709  0.00255122  0.07693534  0.03101331
  0.07797178  0.00071753  0.00892928  0.06529538  0.01259667  0.00972654
  0.03284701  0.06601292  0.0080523   0.04735709  0.07932711  0.04847325
  0.00302958  0.05437296  0.03930479  0.00350793  0.00813203  0.03053496]
[ 0.08022289  0.05589952  0.02679993  0.0252963   0.04563948  0.02511941
  0.01954714  0.          0.00769503  0.          0.028392    0.0796922
  0.0638599   0.05740315  0.01096763  0.02715372  0.08031134  0.00513002
  0.00247656  0.07960375  0.0061914   0.00813727  0.00406864  0.07385459
  0.0543959   0.01362109  0.02432337  0.0096409   0.00681054  0.07774633]
[ 0.03720098  0.05952157  0.02853645  0.03899039  0.04944434  0.02976078
  0.00875871  0.          0.00809945  0.          0.03023168  0.08485591
  0.01375024  0.03701262  0.01167828  0.07713317  0.03729516  0.01148992
  0.00263703  0.08476173  0.00659258  0.00866453  0.05255227  0.07864005
  0.05782633  0.01450367  0.02891317  0.00960633  0.00725184  0.08429083]
[ 0.0774931   0.0424123   0.02128498  0.02254631  0.0407568   0.06472211
  0.00733149  0.04162397  0.00654316  0.0026015   0.06566811  0.05841545
  0.07709894  0.01206149  0.00914466  0.06456445  0.0011825   0.00835633
  0.03247931  0.07410327  0.00528183  0.00575483  0.04974379  0.06582578
  0.03831297  0.01214032  0.00394166  0.01497832  0.0030745   0.07055577]
[  7.17379321e-02   4.63028585e-02   2.38601465e-02   1.05520120e-02
   7.87463580e-05   3.81919836e-02   5.77998268e-02   7.87463580e-04
   9.05583117e-03   3.62233247e-03   6.59107016e-02   5.07914009e-02
   7.70139381e-02   1.07882510e-02   8.18962123e-03   6.44932672e-02
   2.11040239e-02   9.60705567e-03   2.28364438e-03   7.33916056e-02
   2.57500591e-02   4.63028585e-02   4.84290102e-02   6.57532089e-02
   4.83502638e-02   1.08669974e-02   2.40963855e-02   8.66209938e-03
   5.74848413e-03   7.04779904e-02]
[ 0.07085931  0.04994871  0.02517162  0.02509272  0.04395171  0.02414582
  0.00733844  0.          0.00647045  0.00252505  0.06596702  0.07109603
  0.07717194  0.03101081  0.04955417  0.06462558  0.00220942  0.00962677
  0.03251006  0.06533575  0.00544465  0.0468713   0.07851337  0.04797601
  0.00284068  0.01341435  0.0389016   0.00315632  0.00804861  0.03022173]
[ 0.07858342  0.04300903  0.0216644   0.02286354  0.04644656  0.02462227
  0.00759453  0.04093053  0.00655528  0.04372852  0.06659205  0.05172276
  0.07818371  0.01223119  0.00927332  0.06547286  0.00095931  0.00975298
  0.03165721  0.07514589  0.01558878  0.0058358   0.05044368  0.06675194
  0.01886642  0.01231114  0.00399712  0.01518906  0.00375729  0.07026941]
[ 0.07152997  0.04984227  0.02358044  0.02255521  0.04140379  0.02302839
  0.04771293  0.          0.00678233  0.00252366  0.06600946  0.07097792
  0.079653    0.01080442  0.00977918  0.06458991  0.02239748  0.00694006
  0.00094637  0.0785489   0.00559937  0.00725552  0.04408517  0.06585174
  0.04589905  0.01088328  0.02413249  0.02003155  0.00607256  0.0705836 ]
[ 0.07087684  0.05373058  0.02571938  0.02699262  0.04456328  0.02597403
  0.02962397  0.          0.00696036  0.01358119  0.02724726  0.07919531
  0.07215007  0.01094983  0.03250997  0.04795858  0.01086495  0.01069519
  0.00577201  0.07028266  0.00857313  0.05109923  0.08242085  0.04923181
  0.01476954  0.01443001  0.04176216  0.02546473  0.00322553  0.04337493]
[ 0.03940433  0.04500962  0.02468     0.00259349  0.0467665   0.03522128
  0.00184054  0.00602359  0.01012298  0.00117125  0.0699406   0.07537857
  0.08182046  0.01146156  0.05253911  0.04777043  0.04517694  0.01020664
  0.03446833  0.06927131  0.00811512  0.04434033  0.0832427   0.05086589
  0.00317912  0.01422237  0.04124488  0.00368108  0.00819878  0.03204217]
[ 0.08486153  0.05613772  0.02834955  0.02675898  0.04912051  0.02956587
  0.00870135  0.          0.01104042  0.          0.03003368  0.0723241
  0.0675524   0.01281811  0.0116018   0.07662799  0.0370509   0.01141467
  0.00261976  0.08738772  0.0065494   0.00860778  0.05183383  0.078125
  0.00954341  0.01440868  0.02572979  0.01029192  0.00720434  0.08373877]
[ 0.07610904  0.05358957  0.02565188  0.02692177  0.05528276  0.02573654
  0.00787335  0.          0.00694209  0.00270911  0.02717575  0.07915679
  0.07196072  0.0109211   0.03242465  0.04749407  0.0113444   0.01066712
  0.00575686  0.07009821  0.0302235   0.05096512  0.08220454  0.00846597
  0.04724009  0.01439214  0.04173722  0.0253979   0.00829665  0.04326109]
[ 0.07474895  0.05134435  0.02453839  0.02299968  0.04251701  0.02891156
  0.05944282  0.00080985  0.00931325  0.00502106  0.03150308  0.07296728
  0.07920311  0.01141885  0.00858439  0.06632653  0.02170392  0.00469712
  0.00226757  0.07677357  0.00574992  0.0074506   0.04980564  0.06762229
  0.04972465  0.0111759   0.02478134  0.01020408  0.00591189  0.07248137]
[  7.65224696e-02   4.90550189e-02   2.54514910e-02   1.25997480e-02
   8.39983200e-05   3.66232675e-02   7.81184376e-03   3.35993280e-03
   1.51196976e-03   8.06383872e-03   8.10583788e-02   7.56824864e-02
   6.06467871e-02   1.15077698e-02   3.19193616e-02   6.87946241e-02
   2.25115498e-02   1.02477950e-02   2.35195296e-03   8.09743805e-02
   5.87988240e-04   7.72784544e-03   5.23309534e-02   7.01385972e-02
   7.29105418e-02   1.15917682e-02   2.57034859e-02   1.05837883e-02
   6.46787064e-03   7.51784964e-02]
[ 0.07231275  0.04951426  0.03376684  0.03478533  0.04113131  0.02796929
  0.05750548  0.00078345  0.02906612  0.00360389  0.06620182  0.05053275
  0.07662175  0.01073331  0.00814792  0.06291131  0.02099655  0.00955813
  0.00219367  0.07301786  0.00556252  0.00094014  0.0682388   0.06541836
  0.04810404  0.01081166  0.02397368  0.00987151  0.00571921  0.03000627]
[ 0.08405152  0.05856732  0.02807895  0.02650357  0.04865165  0.02928366
  0.00852562  0.00083403  0.0079696   0.          0.02974701  0.03604856
  0.06672227  0.01269576  0.01149106  0.07589658  0.03669725  0.01130572
  0.00268742  0.08636827  0.00648689  0.00852562  0.05170976  0.0773793
  0.05671393  0.01427115  0.02844963  0.01019368  0.00713558  0.07700862]
[ 0.08643278  0.04765673  0.02558692  0.04739295  0.04879979  0.03411589
  0.00052757  0.00738591  0.00712213  0.00123099  0.02558692  0.05908731
  0.03991911  0.00026378  0.00791348  0.07183681  0.00105513  0.02374044
  0.00035171  0.08344324  0.00888068  0.00782555  0.06515431  0.08783962
  0.07544184  0.00369296  0.06102172  0.01389255  0.0146839   0.0421173 ]
[ 0.07158128  0.04437892  0.03413196  0.06796904  0.03988205  0.02034648
  0.01570217  0.03833395  0.01548102  0.00243273  0.06170291  0.06877995
  0.07224475  0.01009952  0.04629561  0.06037597  0.00442315  0.00663472
  0.03273129  0.06870623  0.0084777   0.00530778  0.04651677  0.06214523
  0.00523406  0.01017324  0.00361224  0.00206414  0.02270549  0.05152967]
[ 0.07455631  0.05249627  0.02512855  0.02637253  0.04353956  0.02521148
  0.00762979  0.00265384  0.00680046  0.00265384  0.02662133  0.0561453
  0.08110798  0.01069829  0.03168021  0.04652513  0.03184608  0.01044949
  0.00563941  0.06833637  0.00837618  0.04859844  0.08168851  0.05075469
  0.00381489  0.01409852  0.04105158  0.02487975  0.04826671  0.0423785 ]
[ 0.08206027  0.04491193  0.02262292  0.04257451  0.04315886  0.02571166
  0.00742967  0.04274146  0.00951665  0.00275482  0.06953836  0.05651557
  0.08164288  0.01277235  0.00968361  0.06836965  0.00100175  0.01026797
  0.03439352  0.07847066  0.00559312  0.006094    0.05267552  0.06962184
  0.0085149   0.01285583  0.00417397  0.01569413  0.00392353  0.07471408]
[ 0.07714455  0.04945381  0.03886866  0.01134728  0.01092387  0.04107037
  0.06215598  0.00084681  0.00694386  0.00279448  0.07053942  0.04648997
  0.08281819  0.01295622  0.00982302  0.08019307  0.01202473  0.0103311
  0.03488864  0.0809552   0.00567364  0.00618173  0.05343382  0.07104751
  0.00863748  0.0130409   0.00423406  0.01608942  0.00398002  0.0751122 ]
[ 0.07756648  0.01215182  0.02138404  0.02256766  0.04079539  0.02430364
  0.00733844  0.06068019  0.0040243   0.00362976  0.06604592  0.07109603
  0.07717194  0.01586049  0.00820642  0.04442516  0.02114732  0.00962677
  0.04261027  0.07354218  0.00560246  0.005997    0.04852837  0.06588811
  0.04844946  0.01088929  0.02414582  0.0099424   0.00576028  0.07062258]
[  7.85141774e-02   5.03318107e-02   4.05067655e-03   1.15487374e-02
   8.61846074e-05   4.17995346e-02   6.32595019e-02   8.61846074e-04
   7.06713781e-03   2.49073515e-02   4.97285185e-02   5.55890718e-02
   8.42885461e-02   1.31862449e-02   9.99741446e-03   7.04128243e-02
   1.03421529e-03   1.05145221e-02   3.55080583e-02   8.10135310e-02
   5.77436870e-03   6.29147634e-03   5.43824873e-02   7.17917780e-02
   8.79082996e-03   1.32724295e-02   3.18883047e-02   3.84383349e-02
   4.05067655e-03   7.16194088e-02]
[ 0.08255648  0.04518351  0.02275972  0.02670698  0.04341984  0.02586714
  0.00781053  0.04434366  0.00688671  0.00277148  0.07012682  0.05685731
  0.08213656  0.01284958  0.00974217  0.06878307  0.0063828   0.01024607
  0.03460149  0.07894516  0.00562694  0.00613085  0.05299404  0.07012682
  0.00856639  0.01293357  0.0095742   0.015957    0.00394726  0.07516587]
[ 0.08195765  0.04352176  0.02793063  0.02384526  0.04310489  0.02567951
  0.00775388  0.04268801  0.00717025  0.00275138  0.06945139  0.01509088
  0.08154077  0.01142238  0.03168251  0.06828414  0.02234451  0.01017175
  0.0023345   0.06703352  0.00591963  0.00783725  0.05127564  0.06961814
  0.05102551  0.01150575  0.02551276  0.01050525  0.00641988  0.07462064]
[ 0.07822159  0.05008718  0.02401331  0.00221905  0.04160723  0.02440957
  0.00737042  0.          0.00649865  0.00253606  0.07647805  0.07156443
  0.07750832  0.01165002  0.00919322  0.06490728  0.00095102  0.00966873
  0.03265177  0.07449675  0.01545411  0.00847995  0.05000793  0.06617531
  0.02837217  0.01220479  0.00269456  0.05563481  0.02401331  0.07093042]
[ 0.08686048  0.00229743  0.02394628  0.02527172  0.04586021  0.02721569
  0.00821773  0.04524167  0.00724574  0.00291597  0.07360608  0.05982151
  0.08641866  0.01351948  0.00883626  0.072369    0.00106035  0.01078024
  0.03640541  0.08306088  0.00627375  0.00645047  0.0541663   0.0737828
  0.00901299  0.01360785  0.01572855  0.0167889   0.00415304  0.07908456]
[ 0.06474095  0.07464942  0.02544294  0.03207658  0.00109161  0.030901
  0.00780922  0.          0.00688555  0.00268704  0.07045092  0.07565707
  0.08212276  0.0115039   0.05340499  0.067428    0.00235116  0.01032832
  0.03745067  0.06952725  0.02964145  0.00688555  0.08355026  0.05105382
  0.00856495  0.01427492  0.04106138  0.00310689  0.00319086  0.03216055]
[  7.32963231e-02   4.69868855e-02   2.43784697e-02   1.07812374e-02
   8.04569957e-05   3.51597071e-02   5.90554349e-02   8.04569957e-04
   9.25255451e-03   3.37919382e-03   6.73425054e-02   7.24917532e-02
   7.86869418e-02   1.10226084e-02   8.36752756e-03   6.58942795e-02
   2.15624749e-02   9.81575348e-03   1.60913991e-03   7.49859200e-02
   8.93072653e-03   6.19518867e-03   4.65846005e-02   6.71815914e-02
   6.99975863e-02   1.11030654e-02   2.46198407e-02   9.97666747e-03
   8.44798455e-03   7.20090112e-02]
[  7.48869708e-02   4.80065762e-02   2.49075216e-02   1.10152076e-02
   8.22030415e-05   3.98684751e-02   6.03370325e-02   1.15084258e-03
   9.94656802e-03   3.78133991e-03   6.89683518e-02   7.40649404e-02
   8.03945746e-02   7.39827374e-04   5.91861899e-03   7.78462803e-02
   2.15371969e-02   9.37114673e-03   2.30168516e-03   7.66132347e-02
   5.83641595e-03   6.24743115e-03   5.05548705e-02   6.86395397e-02
   5.05548705e-02   1.13440197e-02   2.51541307e-02   1.03575832e-02
   6.00082203e-03   7.35717222e-02]
[  22.81 -156.63 -101.09   18.48   29.51   13.02  -11.27   -4.78  -58.8
   56.3   -77.23  -22.61   51.38  115.24   -5.75   52.76   53.04   -7.02
  -49.51  -13.05  -89.31   85.79   18.84  -53.42  -27.88  -11.93   35.13
 -110.82   44.77   33.89   43.11  -60.37   17.13  -81.82  -10.44  -83.13
 -118.7   -57.76  -92.25   46.95   88.98  -12.89  -44.53  -28.47   13.43
  -25.58  -14.86   39.66  -23.38   47.7 ]
