[ 0.03915919  0.06116168  0.02979504  0.05690525  0.05441687  0.05913169
  0.00216096  0.03221793  0.06004846  0.00209548  0.05644686  0.04197499
  0.04524917  0.00405998  0.00189902  0.01001899  0.00222644  0.03568856
  0.01100124  0.02828891  0.03961758  0.06116168  0.06495973  0.05782202
  0.03162858  0.01021544  0.04040338  0.00753061  0.01774605  0.03496824]
[ 0.05232628  0.05800742  0.05101064  0.03301041  0.01447195  0.02834589
  0.04000718  0.02110992  0.04981462  0.03833274  0.04568831  0.04969501
  0.01483076  0.01728262  0.02589403  0.05435953  0.0203923   0.00609975
  0.05812702  0.01817964  0.0163856   0.01052506  0.05848583  0.0083722
  0.05717019  0.03869154  0.04754216  0.0080134   0.03175457  0.02607344]
[  5.98505532e-02   7.18494036e-05   5.56114384e-02   6.62451502e-02
   4.05230637e-02   1.93993390e-02   4.33251904e-02   9.41227188e-03
   1.66690616e-02   3.29788763e-02   4.16008047e-02   4.56962207e-02
   2.79494180e-02   1.65253628e-03   7.83158500e-03   1.30765915e-02
   1.60942664e-02   7.97528381e-03   1.37232361e-02   2.60813335e-02
   4.02356660e-02   6.99813192e-02   3.47751114e-02   6.30837764e-02
   3.19729846e-02   5.54677396e-02   4.58399195e-02   6.46644633e-03
   4.28940940e-02   6.35148728e-02]
[ 0.05413858  0.05462389  0.03208412  0.04642761  0.04928552  0.00792666
  0.02227015  0.02777029  0.05057967  0.04809922  0.04896198  0.00593152
  0.03531949  0.00603936  0.05036398  0.0414667   0.03165274  0.03192235
  0.03283904  0.03434888  0.0211917   0.03219197  0.01504449  0.03343219
  0.02151523  0.01784848  0.05478566  0.00021569  0.04588838  0.04583446]
[ 0.03739938  0.05783282  0.02817337  0.05356037  0.05120743  0.05591331
  0.00216718  0.06216718  0.05678019  0.00198142  0.03752322  0.0396904
  0.05888545  0.00383901  0.00179567  0.00848297  0.00210526  0.03374613
  0.0104644   0.02674923  0.03721362  0.05783282  0.06142415  0.05517028
  0.06160991  0.00916409  0.03820433  0.01108359  0.00489164  0.03294118]
[ 0.04159059  0.05984987  0.05809157  0.0513965   0.02292554  0.03097315
  0.03144654  0.01460743  0.00270508  0.02556299  0.03800636  0.00067627
  0.01068506  0.05477785  0.01413404  0.0436194   0.00378711  0.02989112
  0.03097315  0.02718604  0.05971461  0.06782985  0.00520728  0.05376344
  0.03550416  0.0376006   0.0619463   0.01974708  0.05721242  0.00858863]
[ 0.02886086  0.04886595  0.05268858  0.02962538  0.05695719  0.01414373
  0.0145897   0.04663609  0.00375892  0.01255097  0.04415138  0.0273318
  0.02395515  0.06243629  0.00516055  0.00108308  0.00981142  0.03969164
  0.04478848  0.0230632   0.03567788  0.06409276  0.03083588  0.05568298
  0.02835117  0.05746687  0.03765291  0.00573394  0.03803517  0.05632008]
[ 0.06908641  0.06523682  0.00570564  0.05918746  0.05403176  0.01010518
  0.02839073  0.035265    0.06448065  0.06152471  0.03980202  0.05251942
  0.02674091  0.03732728  0.04268921  0.01251117  0.01539836  0.00254348
  0.00591187  0.01966041  0.03732728  0.00103114  0.0663367   0.03224032
  0.0019248   0.02509108  0.0357462   0.02433491  0.05403176  0.01381728]
[ 0.06118734  0.04599552  0.01505181  0.04977597  0.01939233  0.04291515
  0.00021003  0.06650798  0.02037244  0.06342761  0.05411649  0.01554187
  0.00637076  0.00980118  0.01071129  0.00014002  0.03703444  0.00266032
  0.03815458  0.01568188  0.01694203  0.02436292  0.04466536  0.03927471
  0.03395407  0.04130496  0.06384766  0.03605433  0.05635676  0.06818818]
[ 0.02846597  0.03666166  0.03734985  0.03403403  0.04723473  0.01313814
  0.00975976  0.05411662  0.05211461  0.04004004  0.0467968   0.01995746
  0.01564064  0.01820571  0.02708959  0.05686937  0.02133383  0.00638138
  0.06081081  0.01901902  0.01701702  0.01101101  0.06118619  0.00875876
  0.06381381  0.04047798  0.04973724  0.04041542  0.03522272  0.02733984]
[ 0.0594491   0.01809895  0.04960698  0.01004029  0.02642182  0.0325649
  0.05482529  0.04676663  0.03652817  0.02992272  0.04551159  0.01334302
  0.06572429  0.003633    0.03626395  0.02285488  0.04366206  0.00680362
  0.00614307  0.05039963  0.04518132  0.00158531  0.01023846  0.01426779
  0.06354449  0.06024176  0.05343814  0.01836317  0.02206222  0.05251338]
[ 0.01157608  0.05230903  0.00581899  0.04289959  0.02575214  0.0474805
  0.03769964  0.05627089  0.03237588  0.0534233   0.03677108  0.04760431
  0.00526185  0.00637613  0.03379968  0.05286616  0.04426148  0.04067104
  0.          0.01881887  0.0089142   0.02859973  0.03367587  0.06320416
  0.05565185  0.04364244  0.01244274  0.01002848  0.05441377  0.03739012]
[ 0.02361552  0.06912029  0.02092252  0.06691065  0.01325784  0.06511532
  0.03335175  0.05420522  0.0223726   0.03853059  0.01553653  0.0025549
  0.01581273  0.00428118  0.0644248   0.00946002  0.00234774  0.03763292
  0.01166966  0.02983013  0.04122359  0.06228421  0.06849883  0.05931501
  0.06870598  0.01077199  0.04260461  0.00787184  0.00089767  0.03687336]
[ 0.03825369  0.05671261  0.02762766  0.05252292  0.05021556  0.02374158
  0.0021252   0.04541867  0.05568037  0.00194304  0.03679641  0.03892161
  0.0422005   0.00376465  0.02094845  0.05841278  0.02070557  0.00777218
  0.06084158  0.01949117  0.00315745  0.02841703  0.05561965  0.05932358
  0.03011719  0.00686138  0.04590443  0.02070557  0.06199526  0.0238023 ]
[ 0.03883136  0.05756903  0.02804487  0.05331607  0.05097387  0.05565828
  0.0021573   0.0620069   0.0565212   0.00197239  0.03735207  0.03950937
  0.04259122  0.0038215   0.00172584  0.01516272  0.02490138  0.04949458
  0.01010848  0.02989398  0.02471647  0.06256164  0.02520957  0.00240385
  0.04659763  0.04000247  0.03987919  0.04024901  0.05072732  0.00604043]
[ 0.02619288  0.00435496  0.00340823  0.04828326  0.009846    0.06103257
  0.00599596  0.02291088  0.05402676  0.01085584  0.06109568  0.0578768
  0.04033072  0.05995961  0.06134814  0.02429942  0.01022469  0.03439788
  0.0106665   0.02726584  0.04014138  0.06298914  0.05453168  0.0562358
  0.05876041  0.009846    0.03919465  0.00725827  0.00094673  0.0357233 ]
[ 0.02198775  0.04070796  0.02505106  0.02818244  0.00299523  0.02402995
  0.05833901  0.03587474  0.05949626  0.00136147  0.0275017   0.03492172
  0.06671205  0.0162015   0.06004084  0.01776719  0.0023145   0.03710007
  0.01150442  0.02940776  0.04118448  0.06358067  0.06752893  0.06065351
  0.06773315  0.01061947  0.04200136  0.00782845  0.0010211   0.03635126]
[ 0.03996425  0.05962717  0.02898366  0.05522217  0.02004597  0.05764811
  0.00632022  0.06409602  0.05854188  0.0020429   0.03868744  0.04092186
  0.0604571   0.00395812  0.01002298  0.00881001  0.01806691  0.0566905
  0.0136619   0.00983146  0.06377681  0.03645301  0.00874617  0.06032942
  0.00568182  0.02598315  0.05081716  0.02208887  0.02196118  0.0505618 ]
[ 0.04369449  0.04037892  0.014328    0.04363529  0.01539372  0.04724689
  0.02670219  0.04363529  0.00965068  0.04209591  0.05381883  0.04079337
  0.0223209   0.05186501  0.04860864  0.05968028  0.0053286   0.05867377
  0.00828893  0.05968028  0.00153937  0.05399645  0.00722321  0.04233274
  0.0589106   0.00923623  0.03653049  0.02190645  0.0008881   0.03161634]
[ 0.04434482  0.05658206  0.02756406  0.05264433  0.03459139  0.05470406
  0.0030896   0.06094384  0.05942933  0.00193857  0.03622706  0.03883201
  0.04186103  0.00327134  0.00175683  0.00829951  0.03307688  0.03350094
  0.01023808  0.02617072  0.03659054  0.05730902  0.061065    0.05385594
  0.0237475   0.0607621   0.0141758   0.03495487  0.01260071  0.01587205]
[ 0.0287393   0.03691404  0.0534551   0.03320986  0.0441308   0.03027207
  0.01002682  0.05524333  0.03685017  0.041193    0.04802657  0.05294418
  0.01539149  0.02675948  0.01743518  0.05805339  0.00542853  0.00651424
  0.06207689  0.019415    0.01749904  0.01175118  0.06246008  0.0097075
  0.04553583  0.04272576  0.04195938  0.03723336  0.02209733  0.02695108]
[ 0.06317973  0.05437858  0.00333187  0.01005846  0.02407745  0.05444144
  0.06236248  0.05494436  0.02847803  0.0067266   0.03124411  0.00289181
  0.05903062  0.00125731  0.02954674  0.03702772  0.06393412  0.05639027
  0.01596781  0.03199849  0.00025146  0.03231282  0.01496197  0.01697366
  0.06022506  0.03262715  0.049978    0.04061105  0.03338153  0.02740932]
[ 0.02345679  0.05987654  0.00322359  0.06646091  0.01316872  0.06440329
  0.03312757  0.05384088  0.02222222  0.0382716   0.0154321   0.00253772
  0.01570645  0.00301783  0.06371742  0.06707819  0.0233882   0.00877915
  0.06982167  0.02421125  0.00411523  0.03223594  0.05925926  0.06111111
  0.06879287  0.01508916  0.04231824  0.00788752  0.00082305  0.03662551]
[ 0.03819401  0.05906159  0.02877197  0.05469837  0.05229543  0.0571013
  0.00626028  0.03111167  0.05798659  0.00202352  0.03832048  0.0405337
  0.04369546  0.00392058  0.00183382  0.00866321  0.00214999  0.03446313
  0.01068673  0.02731757  0.03825724  0.06298217  0.05792336  0.06076894
  0.03136461  0.01523966  0.04780574  0.02149994  0.04837486  0.01669407]
[ 0.03706204  0.05731116  0.0276738   0.05307725  0.05025465  0.05589986
  0.00214763  0.06160643  0.05626802  0.00196355  0.03718476  0.03933239
  0.04240044  0.00380438  0.00177947  0.00840646  0.00208627  0.03344174
  0.01037001  0.02650795  0.0371234   0.05718844  0.0608701   0.05356814
  0.02405351  0.06148371  0.03006688  0.03589618  0.01472664  0.01644474]
[ 0.05220092  0.04264469  0.03565669  0.03308845  0.04557128  0.02831034
  0.01319955  0.04784089  0.04975214  0.03852356  0.01517052  0.04963268
  0.01481216  0.0173804   0.01821657  0.05429135  0.02036672  0.0060921
  0.05805411  0.01815684  0.01636505  0.01051186  0.06032372  0.0083617
  0.06098071  0.04055426  0.04748253  0.03858329  0.03171475  0.02616019]
[ 0.02180592  0.05475574  0.00373471  0.05867116  0.00138546  0.04325041
  0.00192759  0.04319017  0.05493645  0.02505873  0.00433709  0.00656587
  0.04692488  0.05288838  0.04668393  0.04174447  0.02969701  0.04951509
  0.05855069  0.01831215  0.01650503  0.01060177  0.05891211  0.00843323
  0.05758689  0.03897356  0.04788868  0.03891332  0.03198602  0.02626348]
[ 0.02813331  0.03623323  0.03691337  0.03413096  0.04668274  0.02930811
  0.00970754  0.0534842   0.0515056   0.03988128  0.04723923  0.05138193
  0.0153342   0.0021641   0.02677302  0.05620479  0.02108452  0.00241143
  0.01824028  0.01898225  0.05731775  0.04340568  0.02355778  0.02225932
  0.01811661  0.04216905  0.05274222  0.0568231   0.02819514  0.02961726]
[ 0.00786445  0.05402813  0.00601023  0.04219949  0.02659847  0.04904092
  0.03893862  0.0581202   0.03548593  0.05517903  0.03797954  0.05121483
  0.00537084  0.00658568  0.0351023   0.02212276  0.04424552  0.01476982
  0.00185422  0.04878517  0.04303069  0.0342711   0.00991049  0.01381074
  0.06150895  0.05831202  0.05172634  0.01783887  0.01726343  0.0508312 ]
[ 0.03932093  0.05030583  0.02839845  0.05398827  0.05960554  0.05636
  0.00205967  0.06266384  0.0572338   0.00299588  0.03782299  0.04000749
  0.0431282   0.00386968  0.00181001  0.01291974  0.00212208  0.03401573
  0.010548    0.02696293  0.03776058  0.05829484  0.06191487  0.06360005
  0.06210211  0.00973661  0.03850955  0.00767694  0.00093621  0.03332917]
[ 0.02847445  0.0482117   0.05198315  0.02922874  0.05619461  0.01395437
  0.01439437  0.04198881  0.00370859  0.02847445  0.04330882  0.02696587
  0.02363442  0.06134892  0.00509146  0.00106858  0.0016343   0.03916022
  0.04418882  0.02281727  0.03570306  0.06424037  0.02438871  0.05493746
  0.03199447  0.05669747  0.04016594  0.00565718  0.0456974   0.05468603]
[ 0.03535679  0.05467424  0.02663467  0.05063513  0.0484107   0.05285957
  0.00204882  0.05877188  0.05344495  0.01685887  0.03547386  0.03752268
  0.04044957  0.00362934  0.00544401  0.00801967  0.00187321  0.03190306
  0.00989288  0.0252883   0.03471287  0.05467424  0.05619622  0.05204004
  0.02294679  0.0586548   0.0586548   0.03377627  0.01404905  0.01510273]
[ 0.05397061  0.0440904   0.06057799  0.0340867   0.03871804  0.0292701
  0.02537977  0.06224528  0.05662591  0.00197604  0.04532543  0.04057058
  0.06243053  0.01173274  0.00179079  0.00845992  0.00222305  0.03377794
  0.01043596  0.02667655  0.03735952  0.04186736  0.05335309  0.05502038
  0.06144251  0.0096332   0.03414845  0.0071014   0.01673459  0.03297518]
[ 0.03624439  0.02416293  0.05563226  0.04987919  0.04757795  0.05195029
  0.00212864  0.04976412  0.04815326  0.02951329  0.01449776  0.04780808
  0.01426763  0.01674146  0.02491083  0.04493154  0.019618    0.01323208
  0.05591992  0.01748936  0.01990565  0.01012542  0.05649522  0.00816937
  0.05868139  0.03722241  0.05218042  0.03716488  0.03054884  0.02508342]
[ 0.06268036  0.01731427  0.03744715  0.01020066  0.02040132  0.02771626
  0.05570096  0.01530099  0.03704449  0.03040064  0.03791692  0.01355614
  0.04959399  0.00369103  0.01087175  0.0594591   0.04798336  0.06341856
  0.00429501  0.02046842  0.00107375  0.03315214  0.03664184  0.06610295
  0.06570029  0.0475807   0.01375747  0.01087175  0.05898933  0.04066841]
[ 0.02013339  0.03727482  0.01901141  0.02580565  0.0341582   0.0539176
  0.05541358  0.03284922  0.06046251  0.00124665  0.02717696  0.03210123
  0.06108583  0.0147728   0.03902013  0.00137131  0.01764009  0.05535124
  0.04525338  0.02555632  0.06227015  0.03559185  0.00853955  0.05890419
  0.00754223  0.02536932  0.04967899  0.02156704  0.02144237  0.04949199]
[ 0.00746883  0.03095133  0.01917843  0.061333    0.01221596  0.05892778
  0.06354833  0.0222166   0.04259763  0.01784923  0.01474777  0.02240648
  0.04500285  0.02487499  0.03196405  0.01265903  0.05753529  0.02443193
  0.0131021   0.02784986  0.04645864  0.01367175  0.03810368  0.0338629
  0.05582632  0.03829356  0.06183936  0.01411482  0.05253497  0.03443256]
[ 0.00205141  0.01589846  0.03237387  0.06167062  0.04628502  0.03763062
  0.02275787  0.05032374  0.02077056  0.03679723  0.03083531  0.00237195
  0.01468043  0.00397461  0.05147766  0.04628502  0.02391179  0.00820565
  0.06526059  0.02083467  0.00102571  0.0298096   0.05872171  0.06160651
  0.06461953  0.00737227  0.04846465  0.02186038  0.06237579  0.04974678]
[ 0.02625505  0.0338142   0.049221    0.03185228  0.04356607  0.02735141
  0.03860358  0.04991344  0.00375072  0.03704559  0.04223889  0.05210617
  0.01431044  0.01679169  0.02498557  0.0542989   0.01967686  0.00634737
  0.05608771  0.01754183  0.01581073  0.03969994  0.05643393  0.00807848
  0.05885747  0.0373341   0.04495095  0.0372764   0.03064051  0.02515868]
[ 0.02898464  0.0348768   0.0498155   0.03291275  0.04398286  0.03011546
  0.00934413  0.0519581   0.04957743  0.03850732  0.03785264  0.0494584
  0.01476015  0.01731937  0.02624688  0.0541007   0.0202952   0.00607071
  0.05785026  0.01809308  0.01630758  0.01047494  0.05058922  0.00833234
  0.06046899  0.03945959  0.04719676  0.0384478   0.03160338  0.02499702]
[ 0.0344926   0.03871852  0.02781109  0.04939752  0.04722746  0.05156759
  0.00291246  0.0573925   0.02312832  0.00182742  0.03460682  0.03660556
  0.03671978  0.02609788  0.02883902  0.01142139  0.05350922  0.02204329
  0.01176403  0.0525384   0.03049512  0.01256353  0.04899777  0.03055222
  0.05059677  0.00525384  0.05602193  0.03831877  0.04739878  0.0311804 ]
[ 0.02399663  0.07023576  0.02126017  0.07023576  0.01347179  0.06532417
  0.03003087  0.02687342  0.04722144  0.05557115  0.01410328  0.02483862
  0.04848442  0.00435027  0.00147348  0.00975302  0.00238563  0.03824025
  0.02982038  0.03031154  0.0065254   0.06553466  0.06960427  0.06027224
  0.03388998  0.01066517  0.04329217  0.00806904  0.03697727  0.03718776]
[ 0.02924916  0.03767035  0.05483415  0.03497043  0.04853433  0.03047056
  0.01002828  0.05560555  0.05354847  0.04120597  0.04911288  0.05316277
  0.0159424   0.01870661  0.01960658  0.0255207   0.0219208   0.00655696
  0.06222679  0.0195423   0.01761378  0.00925688  0.06286963  0.02436359
  0.06396246  0.04294163  0.03966315  0.00739265  0.00096426  0.04255593]
[ 0.03455823  0.05379565  0.02620666  0.04982145  0.04763276  0.05189494
  0.00938832  0.05782744  0.0528165   0.00184311  0.03490381  0.03691971
  0.03979956  0.00357102  0.00167031  0.0078908   0.03144799  0.0350766
  0.0097339   0.02488193  0.03484622  0.02430596  0.05713627  0.03939638
  0.05874899  0.03726529  0.04578966  0.03720769  0.03058403  0.02303882]
[ 0.03471074  0.05146006  0.02506887  0.04865014  0.04578512  0.04991736
  0.00865014  0.0476584   0.04589532  0.0353168   0.04209366  0.04578512
  0.01366391  0.0230854   0.02297521  0.05008264  0.01873278  0.00561983
  0.05355372  0.01674931  0.01509642  0.00969697  0.0538843   0.0077135
  0.05619835  0.03608815  0.04336088  0.03911846  0.0292562   0.02413223]
[ 0.03158625  0.04068032  0.05921555  0.04276293  0.05241236  0.03269698
  0.00242971  0.06969802  0.06365845  0.00222145  0.04206873  0.04449844
  0.045748    0.00430406  0.00201319  0.00951059  0.00242971  0.03783409
  0.01173204  0.02998959  0.04199931  0.0648386   0.06914266  0.06171468
  0.05241236  0.01082957  0.02547726  0.00798334  0.00104131  0.03707046]
[ 0.04051708  0.06006817  0.02926233  0.05563059  0.0531867   0.05807447
  0.01871503  0.06457007  0.05125732  0.00205801  0.03903788  0.04122452
  0.04444016  0.00398739  0.0019937   0.02527494  0.01041868  0.03505049
  0.01086887  0.02778314  0.04071001  0.06006817  0.04733423  0.05730272
  0.02900508  0.00977555  0.03968101  0.00739597  0.00096469  0.03434304]
[ 0.00027858  0.03833296  0.0313684   0.0549922   0.05220637  0.0290283
  0.03699577  0.01560062  0.05259639  0.01626922  0.03939158  0.05131491
  0.05254067  0.01075329  0.00245153  0.00718743  0.03081123  0.0492534
  0.04111879  0.04769334  0.01894361  0.04819478  0.05081346  0.04540896
  0.05371072  0.00434589  0.04072877  0.0252953   0.00016715  0.05220637]
[ 0.03521455  0.05445429  0.02652752  0.05043144  0.04821595  0.05264692
  0.00204058  0.05853545  0.04600047  0.00186567  0.03533116  0.03737174
  0.04028685  0.00361474  0.00075793  0.00752099  0.00186567  0.03177472
  0.00985308  0.02541978  0.03527285  0.05445429  0.05783582  0.05183069
  0.02285448  0.05841884  0.0285681   0.0339319   0.03346549  0.05363806]
[ 0.02716077  0.04144408  0.00691672  0.04594275  0.03171568  0.04217511
  0.0381263   0.05555868  0.0520722   0.03520216  0.05342181  0.01996289
  0.04858573  0.02716077  0.02440533  0.02030029  0.05145364  0.02524883
  0.01422707  0.01788225  0.01282123  0.03582073  0.04982286  0.02851038
  0.05735815  0.05747062  0.00359894  0.04740482  0.01349604  0.01473317]
[ 0.05398061  0.04409857  0.04873078  0.03409301  0.04663084  0.02927552
  0.00957322  0.06200976  0.0566364   0.00222346  0.03748996  0.0395899
  0.04255451  0.00382929  0.00080292  0.00846149  0.00209993  0.03366068
  0.0104379   0.04273979  0.03736644  0.05768637  0.06225681  0.05503057
  0.06126861  0.00599098  0.0150701   0.02099932  0.05910691  0.01630535]
[ 0.03972639  0.05301237  0.02992634  0.05794528  0.05439358  0.05939227
  0.00230203  0.06603525  0.06031308  0.00210471  0.03985793  0.04531702
  0.04544857  0.00407787  0.00190739  0.00901079  0.00223625  0.03584583
  0.0111155   0.02841358  0.03952907  0.06129966  0.0602473   0.06320705
  0.03282031  0.01026046  0.04163378  0.00651144  0.00098658  0.03512234]
[ 0.04043386  0.0599448   0.03125602  0.05551633  0.02021693  0.05898209
  0.00224633  0.06443746  0.05878955  0.00205378  0.03889352  0.04113985
  0.04434889  0.00372248  0.00186124  0.02522303  0.00218214  0.03549195
  0.01084654  0.02772608  0.03780245  0.0599448   0.06366729  0.05718503
  0.06385983  0.01001219  0.03959951  0.00738078  0.00096271  0.03427251]
[ 0.03991277  0.05312892  0.02993458  0.05715985  0.05464878  0.05967092
  0.00218066  0.06634507  0.06059605  0.00211458  0.05696161  0.04235776
  0.0456618   0.00409701  0.00191634  0.00059473  0.00224675  0.05293068
  0.01116765  0.02881121  0.03997885  0.05332717  0.0655521   0.05887795
  0.04883367  0.0103086   0.04077182  0.00746712  0.00099121  0.00145378]
[ 0.03113566  0.0409389   0.01484294  0.05101829  0.01967553  0.04024853
  0.00241629  0.06931308  0.06330687  0.00220918  0.04183638  0.04425268
  0.04770452  0.00414222  0.00200207  0.02823611  0.00234726  0.03762513
  0.04701415  0.02098723  0.04176735  0.0644805   0.05081118  0.06151191
  0.06869175  0.01090784  0.04259579  0.00793925  0.0031757   0.03686572]
[ 0.04015089  0.05971485  0.02909021  0.03893613  0.05287386  0.05965092
  0.00831149  0.06048207  0.01860495  0.04155745  0.0535132   0.01419347
  0.01400166  0.00895083  0.00990985  0.00012787  0.03382137  0.00242951
  0.03484432  0.01227543  0.01547216  0.03043284  0.05613452  0.05217058
  0.02691644  0.03772137  0.05779682  0.03292628  0.0514673   0.04552139]
[ 0.05842588  0.03051666  0.00985031  0.00714631  0.04683728  0.03099952
  0.00946403  0.00637373  0.02646065  0.03969097  0.0593916   0.05842588
  0.06286818  0.03689039  0.00936746  0.02578465  0.00183486  0.00405601
  0.04451956  0.01863834  0.01661033  0.01371318  0.06663448  0.07040077
  0.04519556  0.07011106  0.01728634  0.07774022  0.03042009  0.00434573]
[ 0.02832244  0.03647681  0.05309679  0.03436041  0.04699658  0.02950514
  0.00952381  0.05384376  0.04786804  0.00902583  0.03958917  0.05172736
  0.01543729  0.01811391  0.026953    0.05658263  0.02122627  0.00684718
  0.0605042   0.01892312  0.01705571  0.01095549  0.06087768  0.0087146
  0.06324308  0.04027389  0.04948646  0.00834111  0.04898848  0.02713974]
[ 0.03549089  0.05391624  0.00081588  0.01577373  0.0548681   0.05683982
  0.05187653  0.06309491  0.00584716  0.04419364  0.06533859  0.06635844
  0.00407941  0.03814251  0.04521349  0.05792766  0.01441392  0.00040794
  0.0048953   0.05853957  0.03589883  0.02413652  0.02311667  0.00115583
  0.0534403   0.0090427   0.00781887  0.00611912  0.04059016  0.06064727]
[ 0.03080662  0.05038098  0.05432212  0.0221361   0.04190751  0.01458224
  0.0147793   0.04387809  0.00387546  0.02949291  0.04525749  0.01136364
  0.02469785  0.0641093   0.00111666  0.00111666  0.00065686  0.03882028
  0.04617709  0.02384393  0.03678403  0.06607987  0.03179191  0.05747504
  0.02923016  0.06029953  0.04144771  0.02633999  0.05839464  0.02883605]
[ 0.00447024  0.03989859  0.02455298  0.02735522  0.00293568  0.05764612
  0.05931412  0.03929811  0.06471844  0.01841473  0.02908994  0.04276755
  0.05684548  0.01581265  0.05884708  0.00040032  0.02301841  0.01988257
  0.05717908  0.0599146   0.01647985  0.04116627  0.04063251  0.02548706
  0.0246197   0.00780624  0.04149987  0.0549106   0.03996531  0.00507072]
[ 0.0190891   0.01742361  0.00935238  0.0025623   0.06014989  0.02145923
  0.06380117  0.04990071  0.01076164  0.04009993  0.03926718  0.05028506
  0.03535968  0.03311767  0.02190763  0.02126706  0.05528153  0.05688297
  0.01370828  0.02831337  0.06399334  0.03657677  0.00903209  0.06053424
  0.00775094  0.02607136  0.05098969  0.02216386  0.02203574  0.05086157]
[ 0.03392695  0.05050045  0.01741843  0.01507864  0.05245028  0.06239438
  0.04536592  0.06031457  0.0055895   0.0588847   0.04608085  0.06343429
  0.00383465  0.00922917  0.00994411  0.00012999  0.03438191  0.00246978
  0.03542181  0.01247888  0.01572858  0.03093722  0.04146627  0.01982322
  0.02736254  0.03841154  0.05823476  0.03347199  0.05232029  0.06291434]
[ 0.03267974  0.04144222  0.01544207  0.05077929  0.01960784  0.04402787
  0.00998348  0.06794513  0.02090067  0.06507218  0.06011635  0.01594484
  0.01580119  0.04029304  0.04776269  0.06119371  0.03375709  0.0027293
  0.04194498  0.04338146  0.03792286  0.02549738  0.02442002  0.01501113
  0.01975149  0.00955254  0.01285642  0.02880126  0.06385118  0.03153056]
[ 0.00173522  0.05430591  0.00604113  0.04248072  0.02673522  0.04929306
  0.03913882  0.05841902  0.03566838  0.01844473  0.03804627  0.04942159
  0.00546272  0.00661954  0.03528278  0.03046272  0.04453728  0.00250643
  0.00186375  0.06548843  0.04318766  0.03489717  0.03508997  0.06330334
  0.06291774  0.0124036   0.03065553  0.01041131  0.05623393  0.03894602]
[ 0.05804002  0.02174892  0.0480664   0.00990927  0.02779744  0.03069301
  0.05340712  0.06415289  0.03551895  0.02889132  0.04459173  0.01299788
  0.04755164  0.00353903  0.00887974  0.05083328  0.04600734  0.06132167
  0.          0.02811917  0.00102953  0.03037128  0.00997362  0.01389872
  0.06190078  0.05868348  0.05154108  0.01788817  0.02149154  0.05115501]
[ 0.0380297   0.05638054  0.02360256  0.05221538  0.04992153  0.05450924
  0.00211276  0.05867439  0.05535434  0.00193167  0.03658095  0.03869371
  0.04153085  0.00277677  0.00175057  0.05903658  0.02058433  0.00772667
  0.06145117  0.02710371  0.00313896  0.02825063  0.05529398  0.05801038
  0.02994084  0.0068212   0.04563564  0.00513099  0.06163226  0.01617771]
[ 0.02398149  0.07019143  0.02573452  0.06794755  0.01346329  0.06584391
  0.01591754  0.05504523  0.0227193   0.03912769  0.00680177  0.00259449
  0.01605778  0.00434752  0.0651427   0.0098871   0.00224388  0.03821611
  0.0118505   0.03029241  0.04242339  0.06661524  0.06058481  0.06247809
  0.0697707   0.0019634   0.04326485  0.00806395  0.01998457  0.03744478]
[ 0.05745842  0.04693971  0.05607784  0.03628953  0.04956939  0.03116166
  0.01018999  0.03234501  0.06028532  0.00210374  0.03970811  0.04214056
  0.04542765  0.01249096  0.006114    0.00900664  0.00223522  0.03582933
  0.01111038  0.02853198  0.03977385  0.06146867  0.06534745  0.0417461
  0.06541319  0.01025574  0.05732693  0.00756032  0.00098613  0.03510617]
[ 0.04228188  0.06268456  0.02194631  0.05805369  0.05550336  0.06060403
  0.00234899  0.06738255  0.04436242  0.00228188  0.00630872  0.04302013
  0.04637584  0.00416107  0.00194631  0.00919463  0.00228188  0.03657718
  0.01134228  0.02899329  0.04060403  0.06268456  0.06657718  0.05872483
  0.06677852  0.0104698   0.0414094   0.00771812  0.00100671  0.03637584]
[ 0.02691142  0.04556526  0.04912969  0.02762431  0.05310996  0.01318838
  0.01360423  0.03968395  0.00350502  0.05732787  0.0409315   0.02548565
  0.05275352  0.05798135  0.00481198  0.00100992  0.00154459  0.03701063
  0.0417632   0.02180241  0.03350561  0.05976356  0.02875304  0.05192182
  0.02643617  0.05358522  0.03796115  0.00534664  0.03546605  0.05251589]
[ 0.0266612   0.03439587  0.04599789  0.03984531  0.04424001  0.0221493
  0.00896519  0.05068557  0.0488105   0.03756006  0.04482597  0.04869331
  0.01453182  0.01705145  0.02531349  0.0532638   0.01998125  0.0059768
  0.05695535  0.02168053  0.01605531  0.0103129   0.05355678  0.01195359
  0.05976796  0.03791164  0.04834173  0.03785304  0.0311145   0.02554787]
[ 0.03641864  0.05433708  0.02647042  0.05032288  0.04811216  0.0525336
  0.00203619  0.05840945  0.05334807  0.00186166  0.03525511  0.03618593
  0.03810577  0.01396242  0.05433708  0.01495142  0.03414975  0.03449881
  0.03542964  0.03705858  0.02286346  0.03473151  0.01669672  0.03606958
  0.02391064  0.0192565   0.05922392  0.00023271  0.01972192  0.04950841]
[ 0.06759577  0.06389282  0.0012792   0.05796809  0.0529186   0.00989699
  0.02780583  0.03467313  0.0114455   0.06012253  0.06113243  0.00895442
  0.04652259  0.00188514  0.00195247  0.00922373  0.0022891   0.03669292
  0.01137817  0.02908503  0.00626136  0.06288292  0.06678785  0.06860567
  0.06752845  0.01050293  0.04154043  0.00774254  0.03548105  0.03595233]
[ 0.0580481   0.05486818  0.0047988   0.0497803   0.04544403  0.00849907
  0.02387835  0.02977567  0.03931545  0.03497919  0.05226642  0.00635985
  0.03763876  0.00647549  0.05400093  0.04816142  0.03393848  0.03428538
  0.03521045  0.03682932  0.02272202  0.03451665  0.01659343  0.03584644
  0.02295328  0.01913737  0.05504163  0.00023127  0.04920213  0.04920213]
[ 0.04079518  0.06048048  0.03049926  0.05653047  0.05355177  0.04183125
  0.0022664   0.06501327  0.05937965  0.01036068  0.05581817  0.04150748
  0.04474519  0.00401476  0.00187787  0.00887133  0.00220164  0.03529107
  0.01094347  0.02797384  0.03917633  0.06048048  0.06423622  0.05769604
  0.06443049  0.01023117  0.03995338  0.00744674  0.00097131  0.00142459]
[ 0.05911006  0.01803581  0.0504871   0.01007109  0.02843602  0.03350448
  0.05463402  0.04870985  0.03633491  0.02981833  0.04548447  0.01329647
  0.04864402  0.00362033  0.01066351  0.05818852  0.04706424  0.06009742
  0.          0.02007636  0.00105319  0.03041074  0.03593997  0.06062401
  0.03126646  0.0466693   0.01349394  0.01066351  0.05779358  0.03580832]
[ 0.03467807  0.02808924  0.02814704  0.04999422  0.04779794  0.0521905
  0.01681886  0.05802797  0.05299965  0.0018495   0.0054329   0.03704774
  0.04155589  0.02641313  0.02918738  0.01155936  0.05415559  0.02230956
  0.01190614  0.02358109  0.03456248  0.01271529  0.04958964  0.03092128
  0.05103456  0.03490926  0.05669865  0.01288868  0.04802913  0.03490926]
[ 0.05926756  0.05596509  0.00489473  0.04959604  0.01138173  0.05537536
  0.02524031  0.02258654  0.03968862  0.04670637  0.01185351  0.02087633
  0.04381671  0.02718641  0.02978121  0.01179454  0.05525742  0.02276346
  0.00459987  0.02411983  0.03526567  0.01297399  0.05048063  0.03155039
  0.05201392  0.03561951  0.05761632  0.01315091  0.05272159  0.0358554 ]
[ 0.01972091  0.05772114  0.01747203  0.05702918  0.04532349  0.00847653
  0.02381502  0.03061931  0.03932649  0.04365125  0.05235844  0.00634298
  0.03776958  0.03229155  0.02433399  0.04434321  0.03384846  0.03419444
  0.03511706  0.03580902  0.02266175  0.0344251   0.01654942  0.03217622
  0.02300773  0.03465575  0.05858609  0.00023065  0.04907162  0.04907162]
[ 0.03379439  0.05734579  0.06183178  0.03476636  0.06684112  0.01659813
  0.01704673  0.04934579  0.00441121  0.03386916  0.05151402  0.02878505
  0.01338318  0.00463551  0.00216822  0.00964486  0.00014953  0.04074766
  0.01263551  0.01315888  0.04403738  0.06983178  0.06459813  0.06646729
  0.02930841  0.0557757   0.01749533  0.06228037  0.01794393  0.01958879]
[ 0.03621755  0.05696468  0.02728308  0.05186784  0.04719074  0.05414643
  0.0020987   0.06020267  0.02812256  0.01055346  0.03537807  0.04107453
  0.02254602  0.05852372  0.00509684  0.00101937  0.00155903  0.00665587
  0.04215386  0.0217665   0.03381903  0.0603226   0.02902201  0.05240751
  0.02668346  0.05504587  0.03807639  0.00563651  0.03579781  0.05276728]
[ 0.02929936  0.06044586  0.0011465   0.02095541  0.0122293   0.05980892
  0.01961783  0.02286624  0.04388535  0.05044586  0.01280255  0.02254777
  0.04515924  0.02910828  0.03216561  0.01273885  0.05968153  0.02458599
  0.01312102  0.02598726  0.03808917  0.01414013  0.05464968  0.03407643
  0.05617834  0.03859873  0.06452229  0.01420382  0.05292994  0.03401274]
[ 0.06066473  0.06124556  0.00535657  0.05556631  0.05072604  0.00948693
  0.02665376  0.03323653  0.06053566  0.05763149  0.05859955  0.00858341
  0.04252985  0.00400129  0.00187157  0.00884156  0.00219426  0.03517264
  0.01090674  0.0279445   0.04730558  0.06027751  0.06402065  0.05750242
  0.05595353  0.01006776  0.0398193   0.00729268  0.00090352  0.0351081 ]
[ 0.00376636  0.05394191  0.00497925  0.04219598  0.02706671  0.04870731
  0.03913182  0.05802745  0.0354293   0.06326205  0.03370571  0.04909033
  0.00542611  0.00657517  0.03606767  0.02208746  0.04436642  0.00759655
  0.00185126  0.04870731  0.04289818  0.03421641  0.00989467  0.0137887
  0.06141079  0.0623045   0.05164379  0.01978934  0.02132142  0.05075008]
[ 0.04397801  0.04578961  0.03735632  0.02573713  0.04891304  0.0198026
  0.03785607  0.04616442  0.04635182  0.00412294  0.0178036   0.05466017
  0.05103698  0.01205647  0.0367941   0.05684658  0.01136932  0.04610195
  0.03210895  0.04385307  0.02248876  0.03273363  0.04597701  0.01493003
  0.02992254  0.03467016  0.04541479  0.0416042   0.00562219  0.00793353]
[ 0.02784407  0.03683985  0.0519552   0.03378006  0.0462028   0.02802766
  0.00960774  0.05293434  0.05097607  0.00838382  0.04675356  0.05085368
  0.01517655  0.01780797  0.02649777  0.05562695  0.02086776  0.00624197
  0.06144055  0.0029374   0.01676764  0.01126002  0.05984946  0.00856741
  0.06144055  0.04155192  0.04865063  0.04002203  0.03445322  0.02668135]
[ 0.03986333  0.05909896  0.02879018  0.05473298  0.05232852  0.05713743
  0.00221463  0.03113136  0.05802329  0.0020248   0.03821817  0.04055935
  0.04372311  0.00392306  0.00183498  0.00866869  0.00215135  0.03448494
  0.04309036  0.02733485  0.03828145  0.05909896  0.06074412  0.05637813
  0.06295874  0.00987092  0.03929385  0.00727664  0.00094913  0.03581372]
[ 0.05876987  0.01785249  0.04893146  0.05896534  0.01250977  0.06118061
  0.0314699   0.05114673  0.02111024  0.03635653  0.01465989  0.00293198
  0.01075059  0.01237946  0.06052906  0.00892624  0.00221527  0.03550951
  0.01101121  0.02814699  0.03941882  0.06085483  0.06463383  0.05805317
  0.06482929  0.04352359  0.04020068  0.00749283  0.00097733  0.0346625 ]
[ 0.0218936   0.0640804   0.02042123  0.00973049  0.02765508  0.03258434
  0.05287754  0.01459574  0.03533705  0.03002369  0.04308303  0.00473721
  0.04730811  0.0035209   0.01037065  0.05671852  0.04564368  0.05895909
  0.          0.019525    0.00102426  0.06235196  0.03495295  0.06305614
  0.06267204  0.04513155  0.02643877  0.01037065  0.05627041  0.0386659 ]
[ 0.04813615  0.05931288  0.02889439  0.06305963  0.02000381  0.05937639
  0.00222265  0.06375818  0.0579793   0.00203213  0.03797549  0.04070617
  0.03651489  0.00393726  0.00184162  0.00870007  0.00215914  0.03460977
  0.0107322   0.02794183  0.03842002  0.06032895  0.04673906  0.0564552
  0.02489363  0.06363117  0.03111704  0.0366419   0.015241    0.01663809]
[ 0.00592173  0.0599897   0.02516735  0.05567714  0.0532312   0.05812307
  0.00276777  0.0646241   0.06108393  0.00205973  0.03900618  0.05773687
  0.04473481  0.00399073  0.00186663  0.00875386  0.00218847  0.03919928
  0.01036303  0.02780639  0.03894181  0.06011843  0.0638517   0.05735067
  0.0640448   0.00901133  0.03971421  0.0073378   0.0009655   0.03437178]
[ 0.06651917  0.02020649  0.05538348  0.01120944  0.03185841  0.01939528
  0.00730088  0.0740413   0.06762537  0.00235988  0.00693215  0.04727139
  0.0509587   0.00457227  0.00213864  0.01010324  0.00250737  0.04019174
  0.01246313  0.03185841  0.04461652  0.06887906  0.07315634  0.06556047
  0.07455752  0.01150442  0.04550147  0.00848083  0.00346608  0.03938053]
[ 0.04833606  0.05095472  0.0248227   0.0471904   0.04468085  0.05570104
  0.05226405  0.0386252   0.03011457  0.02471358  0.03671577  0.01102019
  0.0542826   0.00300055  0.00883797  0.04833606  0.05297327  0.04980906
  0.          0.01663939  0.00087289  0.02520458  0.02978723  0.05373704
  0.05340971  0.03867976  0.01118385  0.00883797  0.0462084   0.03306056]
[ 0.05772431  0.01753488  0.04806092  0.00979137  0.05292461  0.06188404
  0.00633559  0.06437988  0.05868424  0.00204787  0.03775758  0.04306924
  0.04422117  0.00396775  0.00185588  0.00979137  0.00217586  0.03487777
  0.01081531  0.02764623  0.03871752  0.05964418  0.06348394  0.05497248
  0.06367592  0.00895943  0.03948547  0.04038142  0.00095994  0.03417381]
[ 0.04385049  0.06501009  0.0316698   0.06013782  0.03006891  0.02721515
  0.00243614  0.01642653  0.06382683  0.00222733  0.04218     0.04454653
  0.04809633  0.00431545  0.00201851  0.01399039  0.0034802   0.03793415
  0.01176307  0.02784158  0.04211039  0.06278277  0.06911673  0.0597898
  0.06925593  0.01085822  0.06090346  0.00793485  0.00104406  0.03716851]
[ 0.05583142  0.05506748  0.00337408  0.01018589  0.02438248  0.05513114
  0.06315253  0.0557041   0.02883881  0.00668449  0.03163993  0.00292844
  0.05977846  0.00127324  0.02992106  0.03749682  0.0632162   0.05710466
  0.0161701   0.03240387  0.00025465  0.04901961  0.01311434  0.01655208
  0.06493506  0.04106188  0.0180163   0.0451999   0.03380443  0.02775656]
[ 0.04949738  0.04197284  0.05778614  0.03244959  0.04438305  0.02786432
  0.00922932  0.05084945  0.04896831  0.04144377  0.01481394  0.04885074
  0.01269767  0.01710658  0.02545412  0.05320087  0.02004585  0.0064664
  0.04397155  0.01787079  0.01610722  0.01034625  0.05749221  0.00822997
  0.0599612   0.03803421  0.04673447  0.04226677  0.0312151   0.02468991]
[ 0.00026103  0.04502741  0.03673975  0.06440877  0.06114591  0.03817541
  0.04554946  0.02669016  0.05984077  0.00208823  0.03954581  0.04705038
  0.04509267  0.00404594  0.00189246  0.00894022  0.00221874  0.03556513
  0.01102845  0.02819107  0.03948055  0.06095014  0.06473506  0.05814409
  0.0628426   0.01018011  0.04026364  0.00737405  0.01768468  0.0348473 ]
[ 0.0326408   0.04673333  0.02357391  0.04481633  0.04284752  0.04678514
  0.00202062  0.02549091  0.04269209  0.02155329  0.03663023  0.04771773
  0.04885757  0.02492099  0.00227967  0.0365266   0.03196726  0.04580074
  0.01170924  0.04435003  0.01740842  0.04481633  0.04766592  0.04305476
  0.0499456   0.00404124  0.03782187  0.01678669  0.02668256  0.0518626 ]
[ -10.4    58.46 -180.24    4.76   42.98 -131.98   71.11 -242.12 -163.59
   71.05 -223.9   -79.98 -181.   -188.08 -214.31 -132.73 -181.2  -334.45
 -186.93  122.45 -112.35  -21.15  -93.02  -67.22 -315.45   -1.43  -69.67
 -224.82  -10.55 -139.85 -176.81  -86.74  -31.43 -172.74   68.2  -139.77
  -21.79  -71.04  -65.48   60.65 -116.1  -151.66 -129.34 -105.43 -136.69
 -182.64  -48.66  -53.23 -205.94 -169.64  -49.04    3.12   11.29 -181.46
 -109.3  -220.47 -191.9  -248.96  -48.2   -80.9  -182.49 -143.93 -180.88
  -63.58 -297.84 -102.61 -119.1  -100.2  -116.33  -24.87  -16.04 -133.97
  -46.51  -82.84 -129.65  -69.77 -164.88   17.54 -123.22  -56.63  -47.4
   37.49 -160.74 -147.39    3.43 -117.51 -184.71 -100.69   54.91  -91.9
 -164.03   -3.79   10.86 -128.28 -134.7   -61.54 -172.01 -123.32 -121.38
 -258.33]
