[ 0.04641281  0.02247099  0.0192842   0.00890668  0.01789508  0.08138585
  0.01830364  0.01233862  0.03521817  0.0340742   0.02745547  0.01250204
  0.03350221  0.05245955  0.0546658   0.04077464  0.02320641  0.02582121
  0.00114398  0.05850629  0.02549436  0.02810917  0.04126491  0.01242033
  0.00277823  0.02933486  0.06847524  0.06651414  0.06520673  0.0340742 ]
[ 0.00444664  0.02898551  0.00074111  0.00823452  0.03194993  0.04660738
  0.0196805   0.04306653  0.00494071  0.01663373  0.0615942   0.06653491
  0.07987484  0.02462121  0.07320487  0.02000988  0.01119895  0.0111166
  0.01613966  0.05451252  0.03713768  0.00650527  0.06513505  0.03639657
  0.05261858  0.00049407  0.00757576  0.05492424  0.0444664   0.07065217]
[ 0.03470862  0.02332272  0.05558276  0.01450784  0.00483595  0.05105289
  0.05350147  0.03226004  0.05778648  0.05252204  0.0278526   0.01175318
  0.01297747  0.05123653  0.04101371  0.02320029  0.02105779  0.05705191
  0.03366797  0.03605534  0.05074682  0.00275465  0.05552155  0.04034035
  0.02320029  0.04248286  0.02497551  0.00140793  0.04774731  0.01487512]
[ 0.04199815  0.03102066  0.01837805  0.00326858  0.01399938  0.0519889
  0.01165587  0.05883441  0.01362936  0.05815603  0.05272895  0.00135677
  0.03379587  0.05050879  0.00166512  0.03385754  0.02306506  0.00135677
  0.03663275  0.05396238  0.04637681  0.05531915  0.05044712  0.05149553
  0.05359235  0.02781375  0.02886216  0.0511255   0.02121492  0.02189331]
[ 0.03826149  0.03505522  0.07239045  0.03811899  0.02287139  0.07089419
  0.01774136  0.0162451   0.04837905  0.05172782  0.01018881  0.01075882
  0.02736017  0.02693267  0.06519416  0.04517278  0.01717136  0.00940506
  0.04125401  0.03455647  0.06127538  0.03355896  0.03455647  0.03719273
  0.02579266  0.00263627  0.02052013  0.01866762  0.00213751  0.0639829 ]
[ 0.06116325  0.05541723  0.06141863  0.02323948  0.05541723  0.05548107
  0.01002362  0.03339079  0.02655941  0.00268148  0.01404584  0.04086063
  0.05535338  0.00363915  0.00089383  0.04507438  0.02777246  0.02209028
  0.01659963  0.02860244  0.0164081   0.02751708  0.0545234   0.04232906
  0.04750048  0.00874673  0.05056503  0.04737279  0.05062887  0.01468429]
[ 0.02662127  0.05827271  0.0270082   0.03923541  0.0006191   0.00116081
  0.00897694  0.00015477  0.05657019  0.00170252  0.04480731  0.07266677
  0.02414487  0.05873704  0.0374555   0.05726668  0.05154001  0.01849559
  0.02600217  0.05920136  0.05749884  0.03211577  0.02043027  0.00897694
  0.06546974  0.05006965  0.00170252  0.02615694  0.01338802  0.05355208]
[ 0.03124622  0.0368778   0.0129587   0.00714545  0.01943805  0.06122078
  0.0485043   0.05135037  0.01634976  0.03506116  0.06097856  0.03185176
  0.04281216  0.05564975  0.02040693  0.05843527  0.0271285   0.0323362
  0.04202495  0.04795931  0.0109604   0.03348674  0.04026886  0.06182633
  0.04256994  0.00829599  0.01665254  0.00266441  0.00678212  0.03675669]
[ 0.03393393  0.02288288  0.05471471  0.02174174  0.03897898  0.05543544
  0.03171171  0.04144144  0.00912913  0.00018018  0.05099099  0.00618619
  0.05963964  0.03111111  0.04468468  0.0560961   0.0172973   0.00216216
  0.0375976   0.03039039  0.04366366  0.05237237  0.04834835  0.04930931
  0.02648649  0.05459459  0.04006006  0.00624625  0.02234234  0.01027027]
[ 0.05612606  0.01298395  0.00655099  0.02909585  0.0348796   0.04544381
  0.04780453  0.03110246  0.05571294  0.05051936  0.01174457  0.0075543
  0.00507554  0.05695231  0.05465061  0.0223678   0.02242682  0.05878187
  0.03245987  0.0345255   0.04892587  0.0177644   0.02331209  0.03889282
  0.05258499  0.05594901  0.02431539  0.00135741  0.04579792  0.01434136]
[ 0.03717592  0.04693864  0.00821103  0.06439516  0.03206827  0.00232754
  0.00737053  0.05308075  0.02599082  0.03704662  0.04299476  0.05437383
  0.0316157   0.05340402  0.00368527  0.00678865  0.05139975  0.00536626
  0.01280145  0.04066723  0.04008534  0.05379194  0.03064589  0.01732721
  0.06471843  0.05611948  0.00543092  0.04499903  0.04163703  0.02754251]
[ 0.02374641  0.03611663  0.04252264  0.05594213  0.01932847  0.00176717
  0.05312569  0.05478242  0.00149105  0.04058979  0.040148    0.00458361
  0.00933289  0.05135852  0.04616744  0.00905677  0.05279435  0.01590457
  0.04053457  0.05146896  0.02595538  0.02772255  0.04213607  0.03114645
  0.01634637  0.04318533  0.0506406   0.0193837   0.04986746  0.04285399]
[ 0.02577851  0.02894068  0.03464632  0.04495772  0.00776792  0.05004468
  0.05733141  0.02124149  0.04921977  0.06998006  0.02997182  0.0357462
  0.04715749  0.01546711  0.04337664  0.02935313  0.01278614  0.02550354
  0.06516808  0.00749295  0.04619509  0.04262047  0.00412456  0.04633258
  0.03595243  0.00907404  0.02502234  0.02880319  0.0056369   0.05430673]
[ 0.04635688  0.02888987  0.00643229  0.03144061  0.03110791  0.00704225
  0.03060885  0.04957303  0.05545082  0.05384274  0.05295553  0.0370966
  0.04574692  0.03693024  0.05190196  0.0372075   0.03443496  0.0036043
  0.03776201  0.04286348  0.01136742  0.04286348  0.02090496  0.00981479
  0.04142176  0.04752135  0.02096041  0.05090385  0.02500832  0.00798492]
[ 0.03546187  0.01704898  0.01438314  0.00725356  0.01308122  0.06224427
  0.01413515  0.00905146  0.0267204   0.03081215  0.02083075  0.01847489
  0.05207688  0.05765654  0.04866708  0.00378177  0.03459392  0.03515189
  0.00483571  0.05796652  0.03725976  0.04984501  0.0516429   0.04891507
  0.04724117  0.03924365  0.05778053  0.00762554  0.06230626  0.03391197]
[ 0.02366786  0.05163295  0.00495835  0.06637578  0.04707127  0.01890784
  0.00251223  0.06406188  0.03232844  0.02710565  0.06683856  0.03160122
  0.0507735   0.01712283  0.05824408  0.01606505  0.00925559  0.00866058
  0.01361893  0.0437657   0.02981621  0.0390718   0.05652519  0.02710565
  0.04224514  0.00859447  0.00608224  0.04356737  0.03570012  0.05672352]
[ 0.0269903   0.03162251  0.01618183  0.02810203  0.04453091  0.0529924
  0.04656908  0.00549688  0.03440183  0.04774257  0.05620406  0.04527206
  0.06287444  0.05274535  0.01148786  0.05484528  0.00228522  0.01933173
  0.00253227  0.05657464  0.0119202   0.05422766  0.02655796  0.0529924
  0.03847817  0.00012353  0.00568217  0.04070162  0.03335186  0.03718115]
[ 0.04273247  0.02068914  0.01745411  0.00820042  0.01647608  0.07493229
  0.01685224  0.01128498  0.03242552  0.02896479  0.02542883  0.0224195
  0.06455011  0.02008727  0.06718327  0.01828167  0.01053265  0.00985555
  0.01534758  0.04980439  0.03393018  0.03964791  0.06432441  0.03107132
  0.044839    0.04950346  0.06139031  0.01941017  0.06801083  0.01436955]
[ 0.03508967  0.00807619  0.04879136  0.05241172  0.03759608  0.01364598
  0.03759608  0.03514537  0.03720619  0.01927147  0.05625487  0.02662359
  0.04277598  0.05202183  0.04372285  0.00339757  0.03107943  0.00217222
  0.00434444  0.05207753  0.03347443  0.04478111  0.04739891  0.02879581
  0.0424418   0.0316364   0.04611786  0.00495711  0.05241172  0.02868442]
[ 0.03264813  0.05676475  0.03943302  0.06744592  0.04789735  0.01921268
  0.00255273  0.06509472  0.03392449  0.01162166  0.00141072  0.04500873
  0.02196695  0.01988446  0.00261991  0.03842537  0.00476958  0.01551794
  0.03211071  0.06039231  0.03728335  0.04702405  0.0076582   0.05891442
  0.06435577  0.03607416  0.02700524  0.00517265  0.03829101  0.05951901]
[ 0.02581807  0.00234164  0.01759231  0.03104173  0.00762534  0.04797358
  0.05151606  0.01278895  0.03872711  0.0338637   0.05992195  0.04479135
  0.03758631  0.03794656  0.05343741  0.05319724  0.04905434  0.04665266
  0.03620534  0.0124287   0.00816572  0.04593215  0.02089463  0.03920745
  0.01639147  0.02755929  0.04731312  0.04887421  0.0331432   0.01200841]
[ 0.02951812  0.00442772  0.05512508  0.01372592  0.07165523  0.02597594
  0.05136152  0.07335252  0.06921998  0.05682237  0.02154823  0.06095491
  0.04435097  0.03180577  0.0125452   0.01630876  0.05977419  0.00959339
  0.03623349  0.04412958  0.01276659  0.00841266  0.05291122  0.00095934
  0.00066416  0.0125452   0.05091875  0.04014464  0.01446388  0.01778467]
[ 0.04557448  0.02198769  0.03837851  0.0083953   0.01751019  0.0796354
  0.01790997  0.01199328  0.01367234  0.03334133  0.02686496  0.01223315
  0.03278164  0.01039418  0.05349005  0.03989766  0.06364436  0.02526585
  0.00111937  0.05724794  0.02494603  0.03006316  0.04037739  0.01215319
  0.04365555  0.02870393  0.04653394  0.06508355  0.06380427  0.03334133]
[ 0.04545091  0.02200528  0.01856446  0.00872209  0.01752421  0.07969913
  0.0179243   0.01200288  0.03448828  0.03336801  0.02688645  0.01256302
  0.03312795  0.0104025   0.05353285  0.03992958  0.06369529  0.02528607
  0.00112027  0.05729375  0.02496599  0.07105705  0.0404097   0.01216292
  0.00272065  0.02872689  0.04657118  0.06257502  0.06385533  0.03336801]
[ 0.04265807  0.04503134  0.03334753  0.03499057  0.05434187  0.03091341
  0.01953386  0.03109597  0.02044666  0.0491085   0.01673462  0.0530031
  0.02939208  0.05580235  0.02245482  0.0587233   0.01947301  0.03249559
  0.04223209  0.0481957   0.01101442  0.0336518   0.0394937   0.06213108
  0.04180612  0.00833688  0.01722144  0.00267754  0.00681555  0.03687702]
[ 0.00025094  0.03820577  0.01342535  0.0074655   0.02038896  0.06242158
  0.05025094  0.05370138  0.0510665   0.03619824  0.0631744   0.03400251
  0.04422836  0.04410289  0.03952321  0.03218319  0.00909661  0.05451694
  0.00432873  0.00131744  0.01976161  0.0250941   0.04705144  0.00715182
  0.04328733  0.0074655   0.06185696  0.0553325   0.04824341  0.0249059 ]
[ 0.02029363  0.04789978  0.03327476  0.05691287  0.04036052  0.01621223
  0.00215407  0.04041721  0.02970353  0.0527181   0.02295788  0.02295788
  0.0171759   0.0200102   0.04234454  0.01626892  0.02743609  0.01706252
  0.05175444  0.0392268   0.04931693  0.00634885  0.05152769  0.04880676
  0.0510742   0.05084746  0.05560909  0.02403492  0.02448841  0.02080381]
[ 0.04458846  0.01478897  0.03788634  0.02293121  0.02769469  0.02697463
  0.04464385  0.04824416  0.02797164  0.00852997  0.05599867  0.02647613
  0.04253905  0.05173369  0.04348067  0.00337875  0.03090728  0.00299103
  0.00432037  0.05178908  0.03328902  0.04453307  0.04702559  0.04370223
  0.04220671  0.03063033  0.05250914  0.00404343  0.05566633  0.02852553]
[  2.38928376e-02   2.79934390e-02   1.43247676e-02   2.48769820e-02
   3.94204483e-02   3.20393658e-02   4.12793876e-02   3.99125205e-03
   3.04537999e-02   4.22635320e-02   4.97539639e-02   4.00765446e-02
   5.56588300e-02   5.36905413e-02   1.01694915e-02   4.81137233e-02
   5.46746856e-05   1.53635867e-02   9.24002187e-03   5.00820120e-02
   1.05522143e-02   4.80043740e-02   5.06287589e-02   4.70749043e-02
   3.25861126e-02   4.99726627e-02   4.46145435e-02   1.41060689e-02
   5.12848551e-02   3.84363040e-02]
[ 0.02793779  0.0483871   0.02368952  0.04622696  0.02016129  0.00993664
  0.01195276  0.05817972  0.05637961  0.04925115  0.07207661  0.02491359
  0.03355415  0.0172091   0.03542627  0.03773041  0.01936924  0.06480415
  0.00345622  0.00554435  0.03045795  0.0577477   0.06818836  0.01051267
  0.03189804  0.00144009  0.04205069  0.00360023  0.02541763  0.0625    ]
[ 0.06875692  0.02274857  0.05827724  0.03527307  0.04260032  0.04149272
  0.06867172  0.07420976  0.04302633  0.0131209   0.04251512  0.04072591
  0.05120559  0.03672148  0.01456931  0.01882934  0.04720116  0.01107608
  0.03638068  0.05367641  0.01473971  0.00971287  0.06108886  0.00110761
  0.00076681  0.03629548  0.01516572  0.00272642  0.01678453  0.02053336]
[ 0.00788566  0.01029516  0.04090685  0.01018564  0.02513553  0.04731395
  0.01007612  0.05092821  0.0513663   0.04238541  0.01599036  0.04523301
  0.04205684  0.05114725  0.04298779  0.01648322  0.03055692  0.00301188
  0.0042714   0.05120202  0.03291167  0.04402826  0.04649253  0.04408302
  0.04172827  0.0311593   0.04402826  0.03291167  0.05503532  0.02820218]
[ 0.00340952  0.02020457  0.00157848  0.04015659  0.02449804  0.04381866
  0.04261902  0.01685819  0.05013259  0.0162268   0.05714105  0.05897209
  0.02317212  0.03554742  0.02247759  0.00959717  0.03883066  0.04091426
  0.0091552   0.05316328  0.05006945  0.00044197  0.05145852  0.03308499
  0.04116681  0.03276929  0.02487688  0.05070085  0.05966662  0.04729132]
[ 0.05644678  0.06769115  0.01506747  0.01401799  0.01236882  0.03433283
  0.01791604  0.04152924  0.00449775  0.00554723  0.05607196  0.04985007
  0.03073463  0.01454273  0.05014993  0.0374063   0.05967016  0.03328336
  0.00104948  0.05367316  0.02233883  0.02818591  0.03785607  0.03058471
  0.00254873  0.02691154  0.04362819  0.06101949  0.05982009  0.03125937]
[ 0.05254486  0.00030514  0.0158672   0.00530941  0.01904064  0.05565727
  0.06163798  0.05187355  0.00762846  0.0473575   0.04650311  0.02788966
  0.03533504  0.05950201  0.04137679  0.01556207  0.02782863  0.02892713
  0.04509948  0.01043574  0.04723544  0.04418406  0.02258025  0.04491639
  0.03661662  0.0028683   0.03863054  0.00268522  0.0473575   0.05724399]
[ 0.03885883  0.03326365  0.06093212  0.02772996  0.02760698  0.04691343
  0.05951795  0.04697491  0.00608706  0.03332514  0.03307919  0.02865224
  0.03117314  0.06246926  0.02717659  0.00215199  0.02557796  0.02785293
  0.02803738  0.06179292  0.04943433  0.05730448  0.04015002  0.00061485
  0.0122971   0.01211264  0.0356001   0.00307427  0.02588539  0.05435317]
[ 0.01762977  0.02834911  0.00631189  0.03085211  0.03096093  0.00691044
  0.03003591  0.04864512  0.05441288  0.05283491  0.0375993   0.02943737
  0.05185548  0.03623898  0.05120252  0.00255741  0.0506584   0.00081619
  0.02932854  0.01050169  0.05267167  0.05060398  0.05190989  0.00185004
  0.05343345  0.01675917  0.01512678  0.04407444  0.0532158   0.0532158 ]
[ 0.01807867  0.05897388  0.03416246  0.01396422  0.04313946  0.01770463
  0.06371174  0.03135715  0.00935104  0.00797955  0.02281653  0.02231781
  0.04619413  0.05778941  0.05186709  0.04183031  0.0387133   0.00405212
  0.04239137  0.05616857  0.01277975  0.05211645  0.02350228  0.01153295
  0.04257839  0.0534256   0.02306589  0.06121813  0.02811545  0.00910168]
[ 0.07814304  0.01709139  0.00854569  0.00816075  0.04996536  0.07106013
  0.04080376  0.05312187  0.01170221  0.00546616  0.06528601  0.0117792
  0.03156517  0.00015398  0.05150512  0.03841712  0.06128262  0.02432828
  0.00107784  0.05512357  0.02402032  0.02894757  0.03887905  0.01170221
  0.0026176   0.02794672  0.04480714  0.04295943  0.0614366   0.03210409]
[ 0.03765579  0.05217449  0.00689472  0.0072262   0.0145187   0.06603023
  0.01485017  0.00994431  0.02857332  0.02764519  0.02234155  0.00682843
  0.06609653  0.03407584  0.04932379  0.06191992  0.01909308  0.00662954
  0.04150093  0.02930257  0.06516839  0.0578096   0.05336781  0.05442853
  0.0289711   0.06019623  0.03560064  0.00689472  0.02360117  0.01133652]
[ 0.06166612  0.01049463  0.07126586  0.06093394  0.04450049  0.04067686
  0.05491377  0.0513342   0.05434429  0.04010739  0.00170843  0.05320534
  0.02660267  0.0240807   0.01358607  0.01008786  0.04726651  0.01309795
  0.0490563   0.05849333  0.01407419  0.00911162  0.05833062  0.0010576
  0.00073218  0.03465669  0.05613407  0.00292873  0.01594533  0.01960625]
[ 0.01009691  0.01752452  0.01700226  0.0448558   0.00736958  0.04636453
  0.04984623  0.0049324   0.03742819  0.03272791  0.02820171  0.02657692
  0.03632565  0.03667382  0.03678988  0.05141299  0.04787327  0.03011664
  0.02773748  0.0520513   0.0320896   0.0407358   0.03632565  0.03325016
  0.05559102  0.03116114  0.02518424  0.01183775  0.03307607  0.0588406 ]
[ 0.00790715  0.03902563  0.01606938  0.04501977  0.06478765  0.00439995
  0.04623135  0.04565744  0.02665476  0.02914169  0.06395868  0.04871828
  0.01874761  0.01039408  0.02486928  0.02372146  0.05318199  0.05311822
  0.02397653  0.0475067   0.04393572  0.01217957  0.02302002  0.02397653
  0.0359648   0.05923989  0.01632445  0.03488076  0.00522892  0.05216171]
[ 0.05557477  0.03188055  0.02121527  0.03084285  0.03280295  0.00363196
  0.0318229   0.05142396  0.05765018  0.05597832  0.04029747  0.03118875
  0.0475614   0.03827972  0.05396057  0.03868327  0.03580076  0.00374726
  0.03920212  0.04456359  0.01181829  0.04819555  0.02173412  0.01066528
  0.04306468  0.04911795  0.02075406  0.00766747  0.01153004  0.02934394]
[ 0.04300098  0.02081914  0.01756378  0.00825195  0.01688243  0.06692407
  0.01695813  0.0101446   0.02293891  0.03156938  0.0254372   0.03527898
  0.03838292  0.07691725  0.03346203  0.00749489  0.03225074  0.0342948
  0.03452192  0.05428117  0.06086759  0.07055795  0.04943599  0.00075706
  0.03452192  0.01491407  0.04383375  0.0037853   0.03187221  0.06207889]
[ 0.04036417  0.03444324  0.05895461  0.04501178  0.02871331  0.01598014
  0.06162857  0.04864073  0.00630292  0.03457057  0.03425224  0.01897243
  0.05386134  0.01801744  0.05659897  0.01432482  0.00891322  0.00834023
  0.01298784  0.04214681  0.02871331  0.03762654  0.05443433  0.02629401
  0.03794487  0.04189215  0.04380213  0.0164258   0.05768129  0.01216018]
[ 0.04526352  0.00210132  0.01612903  0.0185711   0.01771922  0.05179464
  0.05645161  0.04827351  0.00709905  0.04497955  0.05781463  0.02595411
  0.03288278  0.05537256  0.04219673  0.04355975  0.0550318   0.02714675
  0.04196956  0.00971149  0.04395729  0.05020445  0.02101318  0.04179918
  0.03407542  0.00266924  0.00641754  0.00249886  0.04407088  0.05327124]
[ 0.05271861  0.00033073  0.01878555  0.02268819  0.02063765  0.06032544
  0.06574944  0.051991    0.00826829  0.05132954  0.06733695  0.03022887
  0.03829872  0.06449266  0.0448472   0.01686731  0.03016272  0.0305596
  0.04888213  0.01131102  0.05119725  0.03624818  0.04319354  0.00052917
  0.03016272  0.01303082  0.0044318   0.00330732  0.0278476   0.05423998]
[ 0.01990353  0.01480291  0.03792205  0.02300826  0.0277208   0.02700006
  0.04468592  0.04828963  0.02821977  0.00853801  0.05605145  0.02650108
  0.0461274   0.05228142  0.04352165  0.0069302   0.03093641  0.00127516
  0.00432444  0.05272495  0.0333204   0.04457504  0.04706991  0.04374342
  0.05643954  0.03880911  0.04590564  0.0049343   0.0557188   0.02871874]
[ 0.05510554  0.05752971  0.03659907  0.05936262  0.04209779  0.02069414
  0.00224679  0.05729321  0.06013126  0.01022882  0.00029563  0.03937799
  0.01933424  0.01750133  0.00230592  0.00354757  0.03435227  0.00987406
  0.02826228  0.05315438  0.03648081  0.04517235  0.03701295  0.04907468
  0.05652457  0.03127772  0.02944481  0.01206173  0.03370189  0.05995388]
[ 0.05490956  0.04084123  0.00488085  0.00768016  0.06431237  0.0154321
  0.02540913  0.0683319   0.02404536  0.04478898  0.04270744  0.03768303
  0.07192076  0.00179443  0.02598335  0.02985932  0.01772897  0.0236147
  0.00703417  0.04794717  0.01801608  0.05002871  0.00488085  0.0365346
  0.05361757  0.06115418  0.0261269   0.03007465  0.00595751  0.05670399]
[ 0.05028201  0.03126125  0.00696028  0.03390136  0.03414137  0.0076203
  0.03312132  0.05364215  0.0600024   0.05826233  0.05730229  0.0324613
  0.04950198  0.0399616   0.05616225  0.04026161  0.03678147  0.00102004
  0.04080163  0.04638186  0.01230049  0.049922    0.0226209   0.01110044
  0.03150126  0.03954158  0.00702028  0.00078003  0.04122165  0.01416057]
[ 0.04812336  0.02906041  0.01965602  0.00923494  0.0185546   0.08582564
  0.01897823  0.01270863  0.03651614  0.03533     0.02846734  0.0133017
  0.03473693  0.01304753  0.0566805   0.03677031  0.06744048  0.02685758
  0.00118614  0.06066254  0.02372278  0.03185631  0.04278573  0.01321698
  0.00288062  0.03024655  0.0517665   0.04795391  0.03295772  0.06947386]
[ 0.04106717  0.01525559  0.01677391  0.00788085  0.0161232   0.07201215
  0.0161955   0.0108452   0.03116188  0.03014966  0.00636252  0.03369243
  0.03665679  0.07345817  0.03080038  0.03954884  0.02834213  0.03275251
  0.01446027  0.07266286  0.02111199  0.06738486  0.04721278  0.00187984
  0.03296942  0.01438797  0.04207939  0.0589256   0.05769648  0.03014966]
[ 0.03613687  0.0243684   0.05762712  0.01490246  0.00607611  0.04924848
  0.05385353  0.03472977  0.05014391  0.05474896  0.02910138  0.00818676
  0.00869843  0.05948193  0.04944036  0.0067157   0.03447394  0.0053086
  0.00857051  0.04023025  0.00665174  0.0532779   0.06306364  0.01714103
  0.06210425  0.05558043  0.00537256  0.04451551  0.04118964  0.0190598 ]
[ 0.03153527  0.04174912  0.04915417  0.06466645  0.03051388  0.00204277
  0.06345356  0.02859879  0.00172359  0.04691989  0.04628152  0.00427705
  0.00548995  0.05343122  0.05911267  0.02419406  0.00791574  0.06358123
  0.03498244  0.02330035  0.05292052  0.00287265  0.0577721   0.04206831
  0.02419406  0.04417491  0.02630067  0.00146824  0.04979253  0.01551229]
[ 0.05206778  0.04479647  0.04492631  0.01532169  0.04505616  0.01843797
  0.06531195  0.03265598  0.0263585   0.00831007  0.01960657  0.02713757
  0.04810751  0.05083425  0.05401545  0.06018308  0.0402519   0.02051548
  0.00090891  0.04596507  0.01817828  0.02441083  0.03174706  0.00986821
  0.00220736  0.02330715  0.03778485  0.05284685  0.05180809  0.02707265]
[ 0.0444688   0.02152979  0.01816331  0.00853363  0.01714554  0.07797698
  0.01753699  0.01174352  0.02340875  0.03765756  0.02630549  0.01197839
  0.03209896  0.01017772  0.05237611  0.03906678  0.06740781  0.00508886
  0.05824787  0.06051828  0.01604948  0.06545056  0.00947311  0.01448368
  0.05848274  0.06709465  0.02896735  0.07187035  0.01526658  0.01143036]
[ 0.05385829  0.00595238  0.02796902  0.04016064  0.02502869  0.03886976
  0.05801779  0.07114171  0.02423982  0.0650459   0.05055938  0.05185026
  0.00767355  0.03456684  0.06024096  0.0241681   0.0408778   0.02086919
  0.0232358   0.01620769  0.00681297  0.01183305  0.03829604  0.01419966
  0.00946644  0.03722031  0.04338784  0.0506311   0.0251004   0.02251865]
[ 0.00480556  0.06099364  0.00502735  0.00791069  0.06653852  0.04901671
  0.03622653  0.07038297  0.02476712  0.04613337  0.00613633  0.03881414
  0.07407955  0.00199616  0.02794618  0.03075558  0.0181872   0.02432353
  0.01670856  0.04938637  0.01855685  0.05153039  0.00029573  0.03763123
  0.05522697  0.06313766  0.02691113  0.01205087  0.0060624   0.06846074]
[ 0.02439024  0.01146341  0.04554878  0.01134146  0.0279878   0.05268293
  0.04243902  0.05670732  0.05707317  0.04695122  0.01780488  0.05036585
  0.03664634  0.02621951  0.02804878  0.03195122  0.01640244  0.05487805
  0.01073171  0.00664634  0.02579268  0.04878049  0.0270122   0.00890244
  0.05628049  0.03243902  0.03560976  0.01871951  0.03713415  0.05304878]
[ 0.03305222  0.05724508  0.02802624  0.04446716  0.03475594  0.01175569
  0.01397053  0.04702274  0.06670074  0.05571173  0.08527132  0.0294744
  0.03833376  0.02035949  0.01456683  0.01882614  0.06883039  0.0110742
  0.04182639  0.05366726  0.0147372   0.00954085  0.06107846  0.00110742
  0.00076668  0.03628929  0.05877843  0.00281114  0.01942244  0.02052986]
[ 0.03662173  0.02469536  0.05891885  0.01549131  0.00816697  0.04990926
  0.05665025  0.03415867  0.06118745  0.05548354  0.03156598  0.0082966
  0.00557428  0.05528908  0.02864921  0.0022686   0.02553798  0.0293622
  0.02962147  0.04854809  0.01892663  0.06040964  0.04232564  0.00064817
  0.02955665  0.01289863  0.03772362  0.05276121  0.05172414  0.02702878]
[ 0.03860007  0.0185525   0.01576622  0.01610601  0.01433911  0.06768603
  0.01522256  0.01236833  0.02928984  0.02833843  0.02500849  0.03166837
  0.03472647  0.06904519  0.02813456  0.02140673  0.02582399  0.06768603
  0.03737683  0.04002718  0.05579341  0.0030581   0.06163778  0.04478423
  0.03227999  0.04702684  0.01440707  0.05633707  0.02337751  0.02412504]
[ 0.02301628  0.01081765  0.04298291  0.01070257  0.02664135  0.04971517
  0.03958801  0.05351286  0.05397319  0.04419127  0.01680189  0.04752863
  0.03412164  0.02848265  0.00983946  0.0127165   0.04770125  0.05426089
  0.00535129  0.02635365  0.05581449  0.0033949   0.05472122  0.05414581
  0.0563899   0.00166868  0.05558433  0.00632948  0.04712584  0.02652627]
[ 0.05182807  0.06098802  0.06153605  0.05511626  0.00180067  0.02505285
  0.0699131   0.01417052  0.01604948  0.05746497  0.02356533  0.00962969
  0.07038284  0.070696    0.05863932  0.058013    0.06372818  0.01017772
  0.03781414  0.00923824  0.00352306  0.0087685   0.05613403  0.00101777
  0.00070461  0.0333516   0.03397792  0.00250528  0.01534487  0.01886792]
[ 0.04360048  0.05783493  0.01202153  0.01022727  0.00795455  0.02739234
  0.04037081  0.0159689   0.0465311   0.01537081  0.05412679  0.05400718
  0.02194976  0.03367225  0.05191388  0.0007177   0.03767943  0.05406699
  0.00867225  0.05035885  0.04742823  0.00041866  0.04874402  0.04665072
  0.03899522  0.03104067  0.02356459  0.04802632  0.02589713  0.04479665]
[ 0.04082219  0.01976427  0.01667385  0.00783384  0.01573954  0.07158258
  0.01609889  0.01078051  0.030976    0.03011355  0.02414834  0.02141728
  0.06051459  0.01918931  0.06389248  0.05426189  0.01006181  0.00941498
  0.01696133  0.04757798  0.0324134   0.0424752   0.0614489   0.02968233
  0.04283456  0.0472905   0.0494466   0.01854248  0.06971396  0.01832687]
[ 0.02387545  0.0413513   0.02024491  0.03162882  0.01741431  0.05316596
  0.06251923  0.04147437  0.05771952  0.04935081  0.01796813  0.05901175
  0.05273522  0.02645991  0.03027506  0.03224417  0.01655283  0.05538121
  0.0031998   0.00769183  0.02602917  0.04959695  0.02676758  0.00898406
  0.02725986  0.03273645  0.03618239  0.00313827  0.03747462  0.05156606]
[ 0.03785728  0.01779292  0.01012682  0.01760363  0.0431573   0.01306076
  0.01571077  0.05224304  0.07410562  0.06643952  0.09170926  0.03274655
  0.04410373  0.02261972  0.01618399  0.01476434  0.07666099  0.01230362
  0.04646981  0.05962521  0.01637327  0.01069468  0.05574484  0.00123036
  0.00085179  0.040318    0.06511452  0.00302858  0.01855007  0.02280901]
[ 0.05260992  0.04341862  0.00466424  0.00733932  0.06145826  0.04547637
  0.03360999  0.0652994   0.02297826  0.04280129  0.03971466  0.0360107
  0.06872899  0.0017148   0.02483024  0.02633926  0.01687359  0.02284107
  0.01605048  0.04581933  0.03477605  0.04780849  0.00466424  0.03491323
  0.0360107   0.045202    0.04149805  0.04828863  0.00644763  0.0218122 ]
[ 0.00460112  0.06023926  0.02760671  0.0396404   0.02470447  0.03723367
  0.05528421  0.07050329  0.02626177  0.06448644  0.04990444  0.05117859
  0.00757415  0.03411906  0.05946061  0.02385503  0.03794153  0.05684151
  0.02300559  0.03411906  0.02031571  0.01167976  0.03779996  0.00495505
  0.00934381  0.03702131  0.00828201  0.00092022  0.0485595   0.03256176]
[ 0.04360962  0.04218447  0.03123931  0.01088815  0.0509064   0.02895907
  0.01829894  0.02913009  0.0264508   0.05056436  0.01561966  0.04965226
  0.02753392  0.05238855  0.02103523  0.05512484  0.02553871  0.03044123
  0.03956219  0.04514879  0.01031809  0.03893513  0.03882112  0.05820317
  0.03916315  0.00780983  0.0207502   0.0075818   0.02599476  0.05814616]
[ 0.04709063  0.03295218  0.00653411  0.03193826  0.03205092  0.00715372
  0.03109334  0.04990706  0.05632851  0.05458232  0.05401904  0.03047372
  0.04647102  0.03751479  0.05272348  0.03959894  0.03498     0.00366135
  0.03830339  0.04354194  0.04038754  0.04709063  0.02123585  0.01042077
  0.04297865  0.04799189  0.01594097  0.00247845  0.00642145  0.03413508]
[ 0.05728324  0.02002737  0.06232118  0.03812663  0.01001368  0.04615002
  0.02481652  0.04540366  0.03582535  0.06188581  0.06082846  0.04888668
  0.00099515  0.01287474  0.03116059  0.03470581  0.01368329  0.02873492
  0.03047643  0.05722105  0.00373181  0.00621968  0.01194178  0.05348924
  0.0427292   0.05398681  0.02431895  0.02574947  0.02718     0.02923249]
[ 0.01930502  0.04593263  0.04500067  0.01304753  0.04619891  0.01890561
  0.06803355  0.03348422  0.00998535  0.01065105  0.02436427  0.02383171
  0.04932765  0.06170949  0.05538543  0.04460125  0.0412728   0.02103581
  0.0094528   0.04766343  0.02076954  0.02502996  0.03361736  0.01011849
  0.00226335  0.02389828  0.05578485  0.05418719  0.05738251  0.02775929]
[ 0.00169377  0.05691057  0.02786247  0.04352981  0.02405149  0.01168699
  0.01541328  0.04674797  0.07715108  0.04708672  0.08409553  0.01033198
  0.03946477  0.02024051  0.0138042   0.01871612  0.06859756  0.01100949
  0.04158198  0.05403117  0.01194106  0.00948509  0.06072154  0.02278117
  0.00347222  0.03607724  0.05843496  0.00271003  0.01659892  0.06377033]
[ 0.02414737  0.01170027  0.04648992  0.0115758   0.02856609  0.05377147
  0.04331591  0.05787901  0.0583769   0.04792133  0.01817277  0.05140652
  0.03765248  0.02676126  0.03061987  0.0326114   0.01674135  0.05601195
  0.03485188  0.00678367  0.02632562  0.04991287  0.02707244  0.00908638
  0.02757033  0.03310929  0.03634553  0.00317401  0.03790142  0.05414488]
[ 0.02460056  0.04311438  0.02085975  0.0325894   0.01775298  0.04121227
  0.01052498  0.03499873  0.04964494  0.05959929  0.0634669   0.02193761
  0.02143038  0.01515344  0.02707329  0.01401217  0.05154705  0.03658382
  0.04311438  0.04901091  0.01299772  0.05300533  0.02390312  0.01071519
  0.04729901  0.05382957  0.02345929  0.05820441  0.02859498  0.00976414]
[  2.17587035e-02   5.17707083e-02   5.08703481e-02   1.68067227e-02
   5.20708283e-02   2.13085234e-02   7.66806723e-02   3.77400960e-02
   1.12545018e-02   1.20798319e-02   2.74609844e-02   2.68607443e-02
   5.55972389e-02   6.95528211e-02   6.24249700e-02   5.03451381e-02
   4.63685474e-02   9.75390156e-03   2.72358944e-02   4.72689076e-02
   1.29801921e-02   3.60144058e-03   4.89195678e-02   7.50300120e-05
   6.75270108e-04   7.03781513e-02   5.17707083e-02   3.60144058e-03
   1.47058824e-02   1.80822329e-02]
[ 0.01636976  0.0113144   0.04495667  0.01119403  0.02762398  0.05199807
  0.04188734  0.05597015  0.05645161  0.04634088  0.01841598  0.05241935
  0.02906837  0.05530814  0.02220751  0.05422484  0.02696196  0.0321377
  0.03310063  0.0476649   0.01089312  0.03713288  0.03905874  0.0614468
  0.0451974   0.00824506  0.01703178  0.00264805  0.00674049  0.03598941]
[ 0.05392308  0.05692308  0.00769231  0.05407692  0.06869231  0.03907692
  0.02469231  0.03930769  0.01607692  0.06823077  0.02015385  0.06384615
  0.05607692  0.03315385  0.01315385  0.017       0.06230769  0.01
  0.03776923  0.04846154  0.01084615  0.02830769  0.05515385  0.001
  0.00192308  0.03276923  0.05307692  0.00246154  0.01515385  0.00869231]
[ 0.03664018  0.03846958  0.03533347  0.05012544  0.04667573  0.02613423
  0.01677817  0.02670918  0.02425256  0.04630985  0.01432156  0.04552582
  0.02524566  0.04803471  0.01928706  0.05043905  0.02341627  0.02791135
  0.0362743   0.04139661  0.02284131  0.03219737  0.03392222  0.05315701
  0.03549028  0.00705624  0.03042024  0.04254652  0.04129208  0.02179594]
[ 0.05110671  0.02474357  0.02087457  0.0099874   0.01970488  0.0896167
  0.02015476  0.01349649  0.03877992  0.03752024  0.03023214  0.01376642
  0.03689041  0.01169696  0.06019435  0.04489833  0.07162138  0.02843261
  0.00125967  0.06442325  0.0280727   0.0338312   0.04543819  0.05974447
  0.0030592   0.02375382  0.02546338  0.00395897  0.03311139  0.05416592]
[ 0.02024574  0.04593689  0.04733315  0.00670204  0.04845015  0.01982686
  0.07134879  0.03511589  0.01047194  0.01117006  0.02555152  0.00767942
  0.04726333  0.06471656  0.05808433  0.04684446  0.04335381  0.00453784
  0.04747277  0.05396537  0.01431164  0.05836359  0.02624965  0.01291539
  0.01640603  0.04195755  0.00795867  0.06408824  0.03148562  0.01019268]
[ 0.03973343  0.03401232  0.06230353  0.04444864  0.02835408  0.01578021
  0.06085754  0.04803219  0.00647554  0.03407519  0.03382371  0.01873507
  0.052936    0.0170376   0.05614234  0.01527725  0.00892745  0.00811015
  0.01282535  0.04149378  0.02835408  0.03715579  0.0537533   0.02596504
  0.03747014  0.04143091  0.0513014   0.01622029  0.05695964  0.01200805]
[ 0.02797007  0.01314593  0.05223411  0.01300608  0.03209566  0.02013845
  0.04866793  0.06503042  0.06558982  0.05384239  0.00251731  0.0577582
  0.04230473  0.03006783  0.03440319  0.03664079  0.01880987  0.06293266
  0.00335641  0.00762184  0.02957835  0.03817915  0.03041745  0.04601077
  0.03090693  0.0372002   0.04307391  0.00356618  0.04272429  0.01020908]
[ 0.01843963  0.04387359  0.04304699  0.01424302  0.01157246  0.02212755
  0.06498379  0.03090227  0.00953774  0.00203472  0.02327208  0.00648566
  0.04711642  0.05894322  0.05302982  0.04266548  0.03948623  0.00413302
  0.04323774  0.04915114  0.01303491  0.05315699  0.02397151  0.01176321
  0.04749793  0.05449227  0.02352642  0.05837095  0.03058435  0.05531888]
[ 0.01574899  0.0421194   0.0412648   0.01172018  0.04236357  0.02124283
  0.03113173  0.03070443  0.00915639  0.00976682  0.02234159  0.02185325
  0.04523257  0.0565865   0.05084849  0.04095959  0.03790746  0.01178122
  0.04150897  0.04718594  0.01251373  0.03540471  0.02301306  0.01129288
  0.04559883  0.05231351  0.04993285  0.05603711  0.02936149  0.05310707]
[ 0.05421859  0.02615809  0.02225816  0.01036812  0.02007039  0.09473985
  0.02130695  0.01426805  0.04080662  0.04042614  0.03215067  0.01455341
  0.03937982  0.01236564  0.0636355   0.04784552  0.07571578  0.03614572
  0.00133168  0.06810615  0.02967754  0.03576524  0.04803577  0.01445829
  0.00323409  0.03433844  0.02691905  0.00418529  0.01065348  0.05688196]
[ 0.04174936  0.02021316  0.01705255  0.00801176  0.01139287  0.07320838
  0.01646454  0.01102536  0.03167953  0.0306505   0.02477031  0.03425211
  0.03726571  0.06527012  0.03248806  0.00257258  0.03116501  0.02388828
  0.07115031  0.0738699   0.05909592  0.06857773  0.01036384  0.00073502
  0.02131569  0.02631386  0.04395443  0.05983094  0.02102168  0.0306505 ]
[ 0.04952481  0.02397768  0.02022844  0.00950388  0.01909495  0.08754033
  0.01953091  0.00261575  0.03897463  0.03635888  0.02929636  0.01334031
  0.03583573  0.03365594  0.05850554  0.04350859  0.06940448  0.02755253
  0.00122068  0.06521929  0.02720377  0.03278403  0.04403174  0.0134275
  0.01743831  0.01717674  0.05048391  0.00435958  0.03670765  0.07149708]
[ 0.01998897  0.04755997  0.04659498  0.01543976  0.04783568  0.01957541
  0.07044389  0.03467053  0.01020127  0.0110284   0.02522746  0.02467604
  0.04666391  0.06389578  0.05734767  0.04625034  0.04280397  0.00503171
  0.01557761  0.04604356  0.01509512  0.04804246  0.00468707  0.03081059
  0.05148883  0.05879515  0.02288393  0.01123518  0.00565205  0.05445272]
[ 0.04664599  0.03460439  0.00462203  0.00650733  0.05449127  0.04032111
  0.02979991  0.05789698  0.02037341  0.03794928  0.03813173  0.03192848
  0.06093779  0.0015204   0.02201545  0.02529952  0.04615946  0.02773217
  0.04135498  0.04701089  0.01246731  0.03527337  0.02292769  0.01076446
  0.04542967  0.05211944  0.02256279  0.05582923  0.05856596  0.00875753]
[ 0.05490039  0.01832234  0.01545739  0.00726231  0.01459125  0.06636018
  0.01545739  0.01006063  0.02978213  0.02778333  0.02245319  0.03104804
  0.03377973  0.06795922  0.0274502   0.02525152  0.02112066  0.06636018
  0.05370111  0.04137517  0.05523353  0.00246519  0.04337398  0.04390699
  0.02518489  0.04610567  0.0314478   0.05523353  0.02291958  0.02365248]
[ 0.04974031  0.03788787  0.00466107  0.00712478  0.05966174  0.04414702
  0.0336929   0.06365694  0.02230657  0.04155014  0.03988547  0.03489146
  0.06671994  0.00166467  0.02410441  0.02770009  0.01638034  0.02190704
  0.0065255   0.04447996  0.016114    0.04654415  0.02157411  0.03389266
  0.04920762  0.05673192  0.05833     0.01085364  0.00546011  0.05260354]
[ 0.04704382  0.04744648  0.01556942  0.00744916  0.014697    0.06684115
  0.01503255  0.009798    0.02892423  0.02811892  0.02254882  0.03127307
  0.03402456  0.06825045  0.02053553  0.01952889  0.02845447  0.03040064
  0.03060197  0.06315012  0.05395611  0.06254614  0.00919401  0.0006711
  0.01946178  0.02409234  0.05623784  0.05409033  0.06214348  0.02791759]
[ 0.04404808  0.03132997  0.04249709  0.05451725  0.04939899  0.03939511
  0.02489337  0.03962776  0.03598294  0.06878635  0.02016285  0.06405584
  0.04660721  0.03342381  0.01326095  0.01962001  0.07305157  0.01132222
  0.03807677  0.04885615  0.01341605  0.00744475  0.05560295  0.00100814
  0.00069794  0.03303606  0.05350911  0.00248158  0.01519969  0.01868941]
[ 0.04278075  0.03035324  0.01506364  0.00820969  0.01649469  0.06545153
  0.01687128  0.01129773  0.03246215  0.0314077   0.04458839  0.02244483
  0.06341794  0.02010996  0.0669579   0.01830233  0.01054455  0.00986669
  0.01506364  0.04986066  0.03396852  0.04451307  0.05957671  0.01182496
  0.04488966  0.04955939  0.06145967  0.02003465  0.06823831  0.01438578]
[ 0.03947186  0.05469076  0.01612231  0.0075747   0.0152189   0.06921473
  0.01556637  0.00152884  0.02105629  0.02897846  0.02341904  0.0323836
  0.0352328   0.07060459  0.02876998  0.02633773  0.02640723  0.06921473
  0.03822099  0.0409312   0.05760945  0.00312717  0.06302988  0.04579569
  0.02522585  0.04558721  0.02807505  0.02202919  0.02390549  0.02466991]
[ -47.48 -148.04    9.94 -135.33 -115.6  -128.47 -150.    -79.83 -133.18
 -339.71 -270.19 -133.92 -163.43  -37.91  -50.79  -67.18 -177.08  -13.69
  -57.94   64.43  -80.81   -5.25  -68.87 -172.24   59.15  -74.02 -210.02
   23.22 -167.23 -160.58 -313.27 -221.23  -95.95  -37.85  -44.     63.94
 -144.25   74.1  -133.05  -55.05 -102.77 -261.02 -214.11 -122.33   27.65
   -7.74 -174.75 -252.29  -69.38 -144.17   57.95  -63.88 -168.57   -1.82
  -95.04 -159.69  -79.64 -194.34  -59.4   -42.01  -15.56  105.56 -151.11
   45.82  -34.08 -116.77 -152.93  -71.84 -116.93 -328.97 -124.1  -177.89
  -27.12 -122.83  -27.19  -42.23 -224.57 -215.6  -176.38 -289.32  -47.03
  -93.62  -48.99   38.94 -128.81  165.2  -228.83   -2.07 -131.   -254.58
  -49.8  -243.87 -123.1   -15.9  -225.47   17.69   93.38 -192.44  -64.19
   39.01]
