[ 0.06650145  0.0595484   0.03923998  0.01583368  0.04426546  0.01101473
  0.06285282  0.04261325  0.00027537  0.04206251  0.0503924   0.00289137
  0.03283767  0.05342145  0.01025747  0.01858736  0.06078755  0.02767451
  0.02361283  0.04399009  0.01493873  0.06457387  0.00089495  0.05803387
  0.0299463   0.03104778  0.01686631  0.00963789  0.03827619  0.02712378]
[ 0.06592556  0.04312953  0.01167945  0.01350876  0.01808204  0.02800253
  0.03820446  0.03700837  0.05811581  0.05361289  0.06965454  0.05431647
  0.00999085  0.02751003  0.04228523  0.00056286  0.03700837  0.07127278
  0.01062408  0.02898755  0.01477521  0.01899669  0.05881939  0.00281432
  0.05079856  0.01857454  0.04524027  0.04277774  0.0112573   0.0164638 ]
[ 0.0304412   0.0579992   0.04680166  0.01113048  0.06021188  0.00858254
  0.06349739  0.04150463  0.0431809   0.0581333   0.04854499  0.00281615
  0.02340083  0.01770149  0.00999061  0.0181038   0.00771088  0.03124581
  0.02299852  0.04217514  0.01025882  0.06289393  0.00087166  0.02199276
  0.03218452  0.0426445   0.06235752  0.01629342  0.04747217  0.05685933]
[ 0.03968069  0.01497494  0.0583848   0.04678942  0.05040205  0.007167
  0.02249155  0.03531057  0.0086237   0.02569631  0.05890922  0.04946976
  0.05098473  0.03624286  0.04177835  0.04882881  0.05896749  0.00402051
  0.03169794  0.04492483  0.0523249   0.02051043  0.03903974  0.0084489
  0.0253467   0.02627899  0.01427573  0.02307423  0.03239716  0.0229577 ]
[ 0.02906038  0.01633839  0.00284146  0.01084921  0.06599935  0.06289958
  0.05670003  0.01879238  0.06270584  0.0253794   0.06134969  0.06141427
  0.0142073   0.04740071  0.01246367  0.02150468  0.04597998  0.01834033
  0.03241847  0.00406845  0.01472393  0.06160801  0.03429125  0.04371973
  0.01866322  0.00135615  0.04727155  0.03048111  0.0133032   0.06386826]
[ 0.02750443  0.01448567  0.00268932  0.01026832  0.06154881  0.05953181
  0.0536642   0.02560968  0.06130432  0.02395942  0.06148768  0.05837052
  0.01344661  0.04474054  0.00812909  0.02426502  0.05916509  0.02518183
  0.0268321   0.03514455  0.01393558  0.04266243  0.04797995  0.03355541
  0.01766396  0.0003056   0.04486278  0.02891021  0.01234643  0.06044863]
[ 0.01702294  0.02943279  0.06523293  0.05256319  0.0057826   0.04281723
  0.03872393  0.03294133  0.06068482  0.01728283  0.06516796  0.0033786
  0.02897797  0.02546943  0.0537327   0.04327204  0.05269313  0.04710545
  0.01234488  0.02007667  0.04359691  0.01929699  0.03352609  0.04112793
  0.06042492  0.03729452  0.01137028  0.00948606  0.00727698  0.02189591]
[ 0.00280079  0.01841368  0.05661164  0.01847327  0.0501162   0.0589357
  0.02729277  0.01835409  0.06018712  0.0081044   0.03074906  0.06006793
  0.0541684   0.00387343  0.03188129  0.01632799  0.04248853  0.01650676
  0.02985519  0.05059293  0.00232406  0.04612359  0.05321495  0.04475299
  0.05446636  0.03664859  0.03003397  0.03909183  0.03313271  0.00440975]
[ 0.0569441   0.00997291  0.06242305  0.05208077  0.0566363   0.06162275
  0.01132726  0.04432406  0.01600591  0.04518591  0.02259296  0.02536321
  0.01625215  0.02505541  0.00831076  0.0104654   0.03145777  0.06199212
  0.05041862  0.00818764  0.01502093  0.0577444   0.04832554  0.03379709
  0.01779118  0.00326274  0.04506279  0.02905688  0.01243536  0.06088402]
[  3.02704157e-02   1.59424189e-02   2.69070362e-03   1.23772366e-02
   6.76711960e-02   3.10776268e-02   5.90609444e-02   1.95748688e-02
   6.74693932e-02   2.64361631e-02   6.28279295e-02   6.39714785e-02
   1.47988699e-02   5.13924391e-02   1.32517153e-02   3.10103592e-02
   4.78945244e-02   1.02246738e-02   2.95304722e-02   3.86788645e-02
   6.72675905e-05   2.27364456e-02   4.86344679e-02   6.12135073e-02
   1.94403336e-02   4.64146374e-03   6.47786896e-02   5.79846630e-02
   2.05838827e-02   3.76698507e-03]
[ 0.0176743   0.0665884   0.02680493  0.05491424  0.00339138  0.06254484
  0.03717472  0.04747929  0.00508707  0.03195722  0.03280506  0.05347942
  0.04500098  0.02380487  0.00013044  0.02387008  0.01186982  0.03423987
  0.01754386  0.02921803  0.01715255  0.05360986  0.04676189  0.05393596
  0.04252266  0.00704363  0.03534859  0.04108785  0.05204461  0.02491359]
[ 0.02610365  0.02680742  0.05866923  0.03646833  0.03211772  0.03134997
  0.00473448  0.05335893  0.05169546  0.03928343  0.05380678  0.05566219
  0.01369162  0.06065259  0.01164427  0.04817658  0.04894434  0.00396673
  0.03384517  0.02309661  0.01509917  0.05291107  0.02040947  0.01535509
  0.01849008  0.03039028  0.00870122  0.05521433  0.01682662  0.05252719]
[ 0.01798326  0.01833937  0.05638317  0.01127663  0.04991394  0.05869785
  0.02718262  0.01828002  0.05234732  0.00759689  0.01608404  0.02783548
  0.02379963  0.05062615  0.05537421  0.0168556   0.01644014  0.04065523
  0.02908184  0.03727224  0.04285121  0.04831147  0.02819158  0.04445368
  0.03561042  0.04089263  0.04617485  0.0381625   0.01756781  0.02575821]
[ 0.05319734  0.05173151  0.00653515  0.0379283   0.00677945  0.0330422
  0.03316436  0.03884444  0.04092103  0.02192634  0.0315153   0.06168692
  0.05545716  0.00592439  0.04232578  0.01697917  0.0435473   0.0169181
  0.03108777  0.05185366  0.02675136  0.03139315  0.05063214  0.03805045
  0.05631222  0.00629084  0.03078239  0.04006596  0.03395835  0.00439748]
[ 0.01896248  0.01103887  0.06210213  0.00284437  0.03399702  0.03318434
  0.03643505  0.05146959  0.00094812  0.03325207  0.03460653  0.05444941
  0.04727076  0.0593932   0.00013545  0.03345523  0.04727076  0.03555465
  0.02255181  0.03033997  0.00914262  0.05566843  0.0485575   0.05492347
  0.03548693  0.0073141   0.01882704  0.01483137  0.0485575   0.05742923]
[ 0.01258661  0.05498697  0.03623419  0.01258661  0.05708474  0.01042527
  0.05206281  0.03960333  0.03331002  0.03985761  0.04653232  0.00266989
  0.02218549  0.05746615  0.00947174  0.01690929  0.03985761  0.02555464
  0.01773568  0.04011188  0.01379442  0.05962749  0.00082639  0.05339775
  0.03102155  0.03998474  0.05911894  0.04011188  0.05072786  0.02415612]
[ 0.02903788  0.01529328  0.00283926  0.01084081  0.06594825  0.06285087
  0.05665613  0.01877783  0.0647222   0.02535975  0.06026973  0.06136672
  0.01432535  0.04723495  0.01271214  0.02974769  0.04607343  0.01619668
  0.0520746   0.0250371   0.00638833  0.04833194  0.03755566  0.04413758
  0.02677938  0.02806995  0.01922953  0.01626121  0.03258695  0.02329483]
[ 0.06300813  0.0192739   0.05999439  0.02165685  0.00686852  0.00932156
  0.02109616  0.05151388  0.02614242  0.0203252   0.00623773  0.03665545
  0.07092795  0.0567704   0.04450519  0.04758901  0.00504626  0.02887581
  0.03076815  0.04029997  0.01597981  0.06686291  0.05501822  0.00231287
  0.02025512  0.00932156  0.05130362  0.03308102  0.00967199  0.06931595]
[ 0.04488955  0.00447475  0.01044108  0.06768947  0.01697564  0.05639605
  0.00582428  0.038355    0.00532708  0.02159244  0.06023155  0.0301868
  0.01498686  0.0199588   0.01519994  0.07180908  0.06435116  0.07053058
  0.0447475   0.06705022  0.03501669  0.01576817  0.03373819  0.00021308
  0.03856808  0.01939058  0.02876625  0.0327438   0.01157753  0.0531998 ]
[ 0.0210041   0.01673497  0.00011384  0.05071721  0.03210383  0.04986339
  0.02134563  0.05658015  0.02567168  0.0504326   0.04047131  0.05111566
  0.05026184  0.0060337   0.03648679  0.0535633   0.00500911  0.0483265
  0.04126821  0.05407559  0.03307149  0.0325592   0.00637523  0.00853825
  0.03426685  0.02789162  0.03694217  0.04405738  0.05219718  0.01292122]
[ 0.02796942  0.01423333  0.00372926  0.01044192  0.06252719  0.06053826
  0.05457145  0.01908136  0.06035179  0.02436447  0.05805209  0.05910871
  0.01367394  0.04549692  0.01224439  0.02865312  0.0437566   0.02958543
  0.01932998  0.0357387   0.01417117  0.05929517  0.0487911   0.05102865
  0.00205109  0.00031077  0.03754118  0.02933681  0.01255516  0.06147057]
[  6.37975033e-02   1.11731844e-02   3.46230775e-02   5.83488516e-02
   6.34526519e-02   6.84874819e-02   1.15870060e-02   5.18656459e-02
   1.84840334e-02   5.06241810e-02   2.53120905e-02   2.84157528e-02
   1.82081523e-02   1.06214222e-02   9.31098696e-03   1.17249465e-02
   3.08297124e-02   5.17966756e-02   5.70384164e-02   9.17304642e-03
   6.89702738e-05   2.33119525e-02   4.97275674e-02   6.22111870e-02
   1.99324091e-02   9.17304642e-03   6.62804331e-02   5.94523760e-02
   2.11049038e-02   3.86233533e-03]
[ 0.04876116  0.02456065  0.00777874  0.03622875  0.00331317  0.05286661
  0.01037165  0.0054019   0.056828    0.00828292  0.0508499   0.01094785
  0.00986747  0.04825699  0.05495534  0.01260444  0.0403342   0.07267358
  0.01274849  0.02427254  0.01894267  0.03932584  0.06201383  0.05409104
  0.05718813  0.04429559  0.03630078  0.04724863  0.0411985   0.00749064]
[ 0.0028411   0.02041625  0.06276842  0.01202511  0.05556657  0.06547737
  0.03026098  0.02035018  0.06250413  0.00898579  0.03409316  0.05814338
  0.05999339  0.00640899  0.0436736   0.01810373  0.04710935  0.01830195
  0.03310208  0.05616122  0.01658408  0.01281797  0.06501487  0.01942517
  0.02854311  0.00911794  0.04314503  0.00422861  0.06190948  0.02292699]
[ 0.01357338  0.05628124  0.02907769  0.01692413  0.04855747  0.03799409
  0.0453771   0.03623353  0.00806452  0.02038846  0.04446842  0.02845298
  0.02640845  0.04844389  0.05270332  0.01612903  0.01573149  0.0386756
  0.02782826  0.03566561  0.04100409  0.04622899  0.02697637  0.04253748
  0.03407542  0.03912994  0.04509314  0.03651749  0.01681054  0.02464789]
[ 0.0543654   0.05706009  0.00714093  0.04183508  0.00660199  0.05005389
  0.05423067  0.03327944  0.01711129  0.01569658  0.02034492  0.04776341
  0.01448397  0.01893021  0.02526273  0.0255322   0.06372945  0.04486661
  0.0111156   0.04527082  0.05409593  0.00383994  0.05167071  0.05571275
  0.03092158  0.02580167  0.03880356  0.04028564  0.03166262  0.01253032]
[ 0.01737595  0.05229875  0.00438671  0.05326725  0.03765738  0.02335783
  0.03822708  0.03634706  0.03725859  0.02774455  0.01908506  0.02671908
  0.0228451   0.04853871  0.04215804  0.01623654  0.01578078  0.03873982
  0.02791546  0.04306956  0.05571697  0.04614596  0.02888395  0.04267077
  0.03418219  0.03925255  0.04523443  0.03708768  0.01686321  0.024953  ]
[ 0.05781613  0.05622303  0.00710256  0.04122137  0.00710256  0.04414205
  0.05144374  0.06511782  0.01785596  0.01208098  0.00975772  0.05482907
  0.06000664  0.00278792  0.03226021  0.03504812  0.06219715  0.06724195
  0.04898772  0.00099569  0.0139396   0.01546631  0.0215068   0.01221374
  0.06465317  0.03869897  0.02761367  0.03358779  0.00146034  0.03664122]
[ 0.06558652  0.04445885  0.03227479  0.00537913  0.02171095  0.017628
  0.00155541  0.02948801  0.01587816  0.06519767  0.06493843  0.05489307
  0.04290343  0.02436811  0.03914452  0.04355152  0.04588464  0.03888529
  0.00084251  0.04543098  0.00207388  0.00097213  0.05554115  0.00012962
  0.00583279  0.03175632  0.04206092  0.05016202  0.06357745  0.04789371]
[ 0.03784075  0.01757532  0.00017934  0.05326399  0.03371593  0.04567193
  0.02229794  0.06037781  0.02743902  0.05141081  0.03867767  0.05368245
  0.05278575  0.00251076  0.03831899  0.02564562  0.00526064  0.05170971
  0.03562889  0.05679101  0.03090626  0.03431373  0.00669536  0.02427068
  0.05248685  0.03969393  0.06061693  0.01380918  0.01093974  0.01548302]
[ 0.04061693  0.02785853  0.04045543  0.0004845   0.05708979  0.06048127
  0.00314922  0.0626615   0.00104974  0.00218023  0.06088501  0.04521964
  0.06395349  0.06411499  0.00726744  0.06807171  0.02462855  0.02979651
  0.00040375  0.00395672  0.06645672  0.04207041  0.0371447   0.01671512
  0.04021318  0.01736111  0.01663437  0.00024225  0.07864987  0.02018734]
[ 0.07750848  0.05070725  0.01373149  0.01588221  0.02142444  0.03209529
  0.02374059  0.04359335  0.04268343  0.05037638  0.06055091  0.00347423
  0.02903466  0.06427331  0.01232525  0.02233435  0.00951278  0.01207709
  0.02804202  0.05219621  0.0179502   0.03556953  0.00107536  0.06973281
  0.03598313  0.03730664  0.02018364  0.03275705  0.04599222  0.03788568]
[ 0.05591353  0.05868496  0.00741357  0.0430264   0.00769071  0.05078639
  0.05466639  0.06194138  0.00983856  0.02487355  0.01877642  0.03249498
  0.02778355  0.02362641  0.0623571   0.00194     0.02140927  0.04718354
  0.03394998  0.04364997  0.05286496  0.04877711  0.00976928  0.04503568
  0.01801427  0.03956211  0.06498995  0.0135107   0.002425    0.01704427]
[ 0.00654289  0.05111285  0.04686277  0.0403758   0.0310368   0.05385304
  0.00721396  0.0398725   0.04115871  0.01006599  0.0492115   0.0535175
  0.0211945   0.00329941  0.01045744  0.03176378  0.04490549  0.04977072
  0.0441785   0.05211945  0.00458562  0.04507326  0.02656302  0.0418857
  0.03355329  0.03853037  0.04440219  0.0358461   0.01655296  0.0244939 ]
[ 0.00486035  0.00991511  0.00025922  0.05663923  0.04704815  0.05391744
  0.00194414  0.01995982  0.04802022  0.05910181  0.01056315  0.01775646
  0.01833971  0.02857883  0.02423693  0.05424146  0.04082691  0.04192859
  0.02170955  0.04944592  0.0632493   0.06195321  0.0449096   0.02002463
  0.03966042  0.05281576  0.01075757  0.04614089  0.00972069  0.04147495]
[ 0.01937492  0.05831533  0.00590776  0.05990344  0.04249778  0.0261085
  0.04110024  0.06231737  0.02928472  0.01156143  0.00984627  0.0524711
  0.0569178   0.00266802  0.06339728  0.03354085  0.05139118  0.06435015
  0.04688096  0.00082582  0.01232372  0.01480117  0.02058188  0.01168848
  0.0618727   0.03703468  0.01422945  0.02604498  0.00330327  0.05945877]
[ 0.06358382  0.04259864  0.01526766  0.00521488  0.021048    0.01708972
  0.00100528  0.02858758  0.06364664  0.0627042   0.06320684  0.03713245
  0.04159337  0.02362403  0.03801206  0.04222166  0.04448354  0.03719528
  0.00182207  0.04002262  0.03417944  0.00094245  0.05384519  0.05038955
  0.02287007  0.04171902  0.06370947  0.0145137   0.01149786  0.01627293]
[ 0.02879263  0.01516412  0.00281528  0.01074925  0.06436752  0.06340777
  0.05208267  0.01861923  0.06417557  0.02514556  0.0597607   0.06084842
  0.0140764   0.04658008  0.01260477  0.02949645  0.04555634  0.02834474
  0.05150681  0.02482564  0.00633438  0.04792373  0.03698253  0.0437648
  0.0265532   0.02783287  0.01906712  0.01618786  0.03231173  0.02412182]
[ 0.0525867   0.00920978  0.05764639  0.05537237  0.05230244  0.05645253
  0.00955088  0.04275156  0.04434338  0.04172825  0.02086413  0.0234224
  0.01500853  0.01267766  0.03678226  0.00966458  0.01085844  0.04269471
  0.04519613  0.00750426  0.04104605  0.04627629  0.02700398  0.04258101
  0.03411029  0.03916998  0.04513928  0.03655486  0.01682774  0.02467311]
[  1.53618717e-02   6.36971333e-02   3.72798560e-02   2.73814115e-02
   2.25607405e-02   4.30003857e-02   5.13562155e-02   4.10078416e-02
   4.61498907e-02   2.35891503e-02   9.64134207e-04   2.91168531e-02
   2.57745211e-02   4.96850495e-02   5.99048721e-02   5.11633886e-02
   1.78043450e-02   4.39002442e-02   3.25234606e-02   4.04293611e-02
   6.42756138e-05   2.17251575e-02   4.64712688e-02   4.97493251e-02
   1.85756524e-02   3.21378069e-04   6.18974161e-02   5.54055791e-02
   1.95397866e-02   3.59943437e-03]
[ 0.03077757  0.05864009  0.03864145  0.01559216  0.06074164  0.00867738
  0.06419904  0.04196326  0.03498068  0.04128534  0.04962375  0.00284726
  0.05836892  0.0526066   0.01010101  0.00067792  0.03511626  0.06840214
  0.01023659  0.02765914  0.01477866  0.01803268  0.05721646  0.02006644
  0.04948817  0.02657447  0.04345468  0.04121754  0.00216934  0.01586333]
[ 0.02898551  0.05571659  0.03658615  0.01481481  0.05784219  0.01030596
  0.06099839  0.03980676  0.05320451  0.04908213  0.06376812  0.04972625
  0.01326892  0.02518519  0.03819646  0.0173913   0.00740741  0.02589372
  0.0220934   0.04064412  0.01397746  0.06041868  0.00083736  0.05429952
  0.02801932  0.02904992  0.015781    0.02550725  0.0358132   0.02537842]
[ 0.03178361  0.02955948  0.07232028  0.01829531  0.00875305  0.01169465
  0.06995265  0.03544267  0.01822356  0.01671689  0.00330033  0.05086813
  0.01542546  0.01097718  0.02690486  0.02704836  0.067872    0.04778304
  0.04857225  0.05294877  0.05761228  0.00860956  0.05502942  0.02260009
  0.03293155  0.02747883  0.04132587  0.04290429  0.03372076  0.01334481]
[ 0.04632184  0.04867816  0.00614943  0.03568966  0.00701149  0.04316092
  0.03155172  0.04017241  0.04356322  0.0333908   0.02494253  0.05051724
  0.03114943  0.01787356  0.02689655  0.03413793  0.00913793  0.05545977
  0.02109195  0.05034483  0.00827586  0.01482759  0.0508046   0.03488506
  0.05706897  0.03247126  0.05735632  0.04706897  0.03632184  0.00367816]
[ 0.02140868  0.05326062  0.00446739  0.05471107  0.03788582  0.02570202
  0.03753771  0.05691576  0.02813878  0.05291251  0.02430958  0.01589696
  0.01641912  0.02512184  0.00684614  0.04856115  0.03660942  0.03753771
  0.01937805  0.04426781  0.05662567  0.04803899  0.04020654  0.01607101
  0.03550708  0.04728475  0.009631    0.03759573  0.00870272  0.05244836]
[ 0.00810238  0.01158564  0.00030289  0.02741178  0.03558988  0.06421324
  0.00227169  0.02089959  0.05913978  0.00408905  0.01173709  0.06262305
  0.06784795  0.00318037  0.03680145  0.05936695  0.0709526   0.07670756
  0.05588369  0.00333182  0.018325    0.0176435   0.03422687  0.00181736
  0.07375435  0.0441466   0.01718916  0.03589278  0.00408905  0.07087687]
[ 0.0043081   0.05422268  0.05518829  0.00349105  0.07568893  0.0498403
  0.05645101  0.06209612  0.03000817  0.00661071  0.02183763  0.0245859
  0.00356533  0.03439055  0.01797519  0.0189408   0.06291317  0.05704524
  0.02874545  0.07093516  0.00170839  0.02681423  0.00096561  0.02339746
  0.03409344  0.02844834  0.061799    0.04441803  0.0349105   0.00460521]
[ 0.03731293  0.05735762  0.0029119   0.04205323  0.00663642  0.05031489
  0.05451344  0.02911898  0.03453647  0.01577842  0.02045101  0.04801246
  0.01455949  0.01036094  0.02539446  0.02566533  0.06406176  0.03643259
  0.011309    0.0499763   0.05437801  0.00812623  0.05194014  0.0528882
  0.06920837  0.02011241  0.05356538  0.04198551  0.00352137  0.00751676]
[ 0.01020782  0.04498778  0.02255501  0.02286064  0.00684597  0.04786064
  0.0358802   0.00152812  0.0297066   0.05984108  0.01876528  0.05189487
  0.01833741  0.03453545  0.05268949  0.05409535  0.02121027  0.02665037
  0.00861858  0.05849633  0.05641809  0.04700489  0.05654034  0.03111247
  0.0551956   0.02634474  0.03759169  0.03386308  0.01094132  0.01742054]
[ 0.05875254  0.01028963  0.06440549  0.05373476  0.0625      0.03055132
  0.00863821  0.04776423  0.01702236  0.04662093  0.02331047  0.0261687
  0.01778455  0.01416413  0.0085747   0.01079776  0.02839177  0.01111535
  0.05201982  0.01041667  0.04585874  0.05170224  0.03017022  0.04751016
  0.03823679  0.04173018  0.05449695  0.04084096  0.01880081  0.02762957]
[ 0.0701436   0.02382831  0.00994161  0.01199306  0.06327915  0.01522803
  0.01341329  0.00749566  0.05262743  0.00149913  0.03424333  0.00623323
  0.04955026  0.0420546   0.06896008  0.05231182  0.03850402  0.06643522
  0.04284362  0.06264794  0.00662774  0.03045605  0.056178    0.0139656
  0.02374941  0.01585924  0.00426069  0.04576298  0.03353322  0.03637368]
[ 0.05561298  0.05836951  0.00737372  0.04279512  0.0067535   0.05120254
  0.0551995   0.03404314  0.03500793  0.01605678  0.0208118   0.04885949
  0.01481635  0.00172283  0.02584246  0.02556681  0.06519192  0.04589622
  0.01150851  0.05085797  0.05533733  0.00826959  0.05271863  0.06209083
  0.05278754  0.02046723  0.05506168  0.00854524  0.00358349  0.00764937]
[ 0.03204404  0.06105308  0.04023151  0.01284585  0.06338227  0.01129305
  0.06684077  0.04369001  0.0364201   0.04312535  0.05166573  0.00303501
  0.02463298  0.05477132  0.01051666  0.01905703  0.00811688  0.0283738
  0.02420949  0.04510164  0.01757482  0.06620553  0.00091756  0.05950028
  0.03070299  0.03239695  0.01729249  0.02795031  0.03924337  0.02780915]
[ 0.03100034  0.05906453  0.03892113  0.01570502  0.06131786  0.01092523
  0.06466371  0.04226699  0.03523387  0.04158416  0.04998293  0.01167634
  0.02383066  0.05298737  0.01017412  0.01843633  0.00566746  0.02744964
  0.03216115  0.06029362  0.01427108  0.06404916  0.00088767  0.05742574
  0.0295664   0.03072721  0.01672926  0.02703995  0.0390577   0.02690338]
[ 0.02730251  0.01437932  0.00364033  0.01019294  0.06103628  0.05909477
  0.05327023  0.01862638  0.06085427  0.02384419  0.05666788  0.05769931
  0.00558185  0.04441209  0.01195243  0.02796991  0.04319864  0.05606116
  0.01110302  0.03488654  0.01383327  0.05788133  0.04956923  0.03330906
  0.01753428  0.00078874  0.04441209  0.0286373   0.01225579  0.06000485]
[  2.89362248e-02   1.52059541e-02   1.11638650e-02   1.07789041e-02
   6.45451046e-02   6.24919800e-02   2.34826126e-02   1.86706018e-02
   6.38393430e-02   5.75516489e-02   5.99255742e-02   6.10162967e-02
   1.41152316e-02   4.69652252e-02   1.26395483e-02   2.95778263e-02
   4.15757731e-02   2.64339792e-02   2.81663031e-02   3.68279225e-02
   6.41601437e-05   2.06595663e-02   4.83125882e-02   5.78724496e-02
   1.85422815e-02   3.20800719e-04   6.17862184e-02   5.53060439e-02
   1.96330040e-02   3.59296805e-03]
[ 0.01971176  0.05932915  0.00497641  0.05855361  0.00336069  0.06159116
  0.00478252  0.05390034  0.05222     0.03761391  0.05461126  0.05622698
  0.0056227   0.06139727  0.01176242  0.04763136  0.04498158  0.00387772
  0.041427    0.02371874  0.01499386  0.05344794  0.02061656  0.01551089
  0.0186777   0.03069864  0.01292574  0.05577458  0.01699735  0.05306017]
[ 0.04612122  0.05260058  0.02420922  0.05177593  0.03940626  0.02420922
  0.03811038  0.05778406  0.01584497  0.01072039  0.00913     0.04865406
  0.05277729  0.00247394  0.02862697  0.0311009   0.05519232  0.05961006
  0.04347058  0.00070684  0.01236968  0.01372445  0.01908464  0.04099664
  0.05737174  0.03434058  0.01413677  0.02980503  0.03051187  0.05513342]
[ 0.02036435  0.05972674  0.00500976  0.06135329  0.04352635  0.0267404
  0.04365647  0.04150943  0.04255042  0.00670137  0.01763175  0.03051399
  0.02608979  0.05549772  0.06037736  0.01847755  0.01698113  0.04430709
  0.0322056   0.00396877  0.01483409  0.06623292  0.05107352  0.03571893
  0.01880286  0.00032531  0.04762524  0.03070917  0.01314249  0.06434613]
[ 0.02695741  0.01371833  0.00263584  0.0100641   0.06026478  0.04301204
  0.0525969   0.01743246  0.0447493   0.01587492  0.04061583  0.05696999
  0.01317918  0.04385072  0.01180135  0.02761637  0.04271251  0.024681
  0.02587911  0.03774037  0.04325166  0.04876295  0.02845504  0.04486911
  0.03594321  0.04121488  0.04756485  0.05385491  0.01773198  0.02599892]
[ 0.04515017  0.01703905  0.06643241  0.05323875  0.04037658  0.00649738
  0.06278592  0.04103958  0.0342107   0.04050918  0.04853146  0.00278459
  0.02313863  0.05158125  0.00987867  0.02638732  0.00749188  0.02665252
  0.02274083  0.04183518  0.01438706  0.06225552  0.0008619   0.05589074
  0.02910562  0.02976861  0.01624345  0.06020023  0.03686269  0.02612212]
[ 0.02639075  0.05028193  0.03313376  0.01336976  0.05592048  0.0108702
  0.02243795  0.0349939   0.00871941  0.02563506  0.05132826  0.03470325
  0.05086322  0.03615648  0.03423821  0.04871243  0.05882695  0.00401093
  0.04656165  0.04505028  0.04568971  0.02046155  0.0575481   0.00848689
  0.02528629  0.0280765   0.0142417   0.05278149  0.03231994  0.02290298]
[ 0.0313861   0.04210162  0.03940546  0.01590045  0.063187    0.01106118
  0.06546837  0.04279295  0.03567231  0.04223989  0.05032838  0.0023505
  0.0241272   0.05364673  0.01030073  0.01866574  0.00795022  0.02779122
  0.02371241  0.05247148  0.01500173  0.06484618  0.02239889  0.01272036
  0.06733495  0.04030418  0.01548566  0.03276875  0.00359488  0.06498445]
[ 0.02400625  0.05972285  0.00500943  0.06134929  0.03519615  0.01841129
  0.04209225  0.06382148  0.01847635  0.01184048  0.01008392  0.05269664
  0.05829159  0.00273242  0.03161798  0.03330948  0.06095895  0.06590332
  0.04801249  0.00084575  0.01366209  0.01515842  0.00084575  0.05067985
  0.06577321  0.02934097  0.01593911  0.0257628   0.05282675  0.02563268]
[ 0.00771112  0.00959188  0.00025077  0.05504357  0.06156354  0.05341358
  0.00175538  0.01930913  0.06250392  0.0571751   0.02626795  0.01717761
  0.01774183  0.02714563  0.02319604  0.0524732   0.03955865  0.04056172
  0.02100182  0.04783399  0.04513824  0.05190897  0.04344555  0.00332268
  0.0383675   0.05103128  0.01040687  0.0446367   0.01178609  0.05867971]
[ 0.02794473  0.01468492  0.00272632  0.01040957  0.06332487  0.0603507
  0.05043683  0.01803086  0.06214759  0.02435095  0.05787223  0.05099449
  0.01363158  0.04535597  0.01220646  0.03054712  0.04411674  0.02552822
  0.02720119  0.03562798  0.01412727  0.05911147  0.04863994  0.03401698
  0.01790693  0.00030981  0.04535597  0.02924593  0.01251626  0.06128013]
[  1.99281281e-02   2.65272787e-02   5.03103561e-03   6.10911467e-02
   5.99150604e-02   2.68539693e-02   4.22737667e-02   4.73701405e-02
   1.86213656e-02   1.18915387e-02   1.22182293e-02   5.39692911e-02
   5.85429598e-02   2.74420124e-03   6.52074485e-02   3.44985299e-02
   4.44952630e-02   6.61875204e-02   4.82195361e-02   4.11630186e-03
   6.53381248e-05   2.20842862e-02   4.71087880e-02   5.89349886e-02
   1.88827181e-02   3.26690624e-04   6.29206142e-02   5.63214636e-02
   1.99934662e-02   3.65893499e-03]
[ 0.03087902  0.01626295  0.00301928  0.01180265  0.06903177  0.06683593
  0.0602484   0.01996843  0.06882591  0.02696768  0.06409113  0.0301242
  0.01509641  0.05022988  0.01351815  0.03163384  0.04885748  0.02827146
  0.0301242   0.04034859  0.01441021  0.01598847  0.0222329   0.01262609
  0.06663007  0.04000549  0.01097921  0.0325259   0.00356824  0.05489604]
[ 0.00662211  0.00959277  0.00024756  0.05396708  0.05978463  0.05248174
  0.00185667  0.01906177  0.05427652  0.05644263  0.02593143  0.001114
  0.02543632  0.02679787  0.02314643  0.05180097  0.03905186  0.04004208
  0.02073276  0.04722119  0.06040352  0.05124397  0.04288897  0.01912365
  0.03589553  0.05043941  0.01027355  0.04505508  0.01113999  0.05792796]
[ 0.06113636  0.04477273  0.0055303   0.04704545  0.00742424  0.05143939
  0.04159091  0.03742424  0.03863636  0.01765152  0.02287879  0.04886364
  0.01628788  0.01159091  0.03810606  0.02871212  0.07166667  0.04924242
  0.00295455  0.05590909  0.06083333  0.00909091  0.05810606  0.04325758
  0.03477273  0.02901515  0.          0.04515152  0.01621212  0.00469697]
[ 0.02971399  0.05661365  0.03730611  0.01610053  0.05877348  0.01047189
  0.06407487  0.04051312  0.03377184  0.03998953  0.04686171  0.00274887
  0.02284181  0.05105046  0.00975195  0.01767131  0.00778847  0.02631062
  0.05491197  0.04129851  0.0142025   0.06139145  0.00085084  0.05517377
  0.02847045  0.06302769  0.01603508  0.02591793  0.04057857  0.02578703]
[ 0.0140645   0.06144339  0.04958091  0.01640858  0.06378747  0.01136525
  0.06726808  0.04396931  0.03665293  0.04340105  0.05199602  0.00298338
  0.02365393  0.05512147  0.01058389  0.03736326  0.00816877  0.01037079
  0.02322773  0.04482171  0.01555619  0.06691291  0.00092343  0.05988066
  0.03089928  0.0320358   0.0179713   0.028129    0.03949425  0.03196477]
[ 0.02813522  0.01999273  0.0610687   0.02013813  0.04551072  0.02828063
  0.02071974  0.05314431  0.04681934  0.04442021  0.05321701  0.00305344
  0.02537259  0.05641585  0.01083242  0.01962923  0.0083606   0.02980734
  0.02493639  0.04587423  0.01577608  0.04958197  0.00094511  0.0612868
  0.03162486  0.03271538  0.05517993  0.02878953  0.04972737  0.02864413]
[ 0.01409955  0.05817845  0.04087446  0.01182084  0.04685608  0.01139358
  0.06743573  0.04422132  0.02627644  0.02065086  0.00633768  0.03724275
  0.03617461  0.06679484  0.05433312  0.04835149  0.00512711  0.01331624
  0.05746635  0.02762942  0.00704978  0.05333618  0.03688671  0.04870754
  0.02955209  0.03097629  0.02122054  0.01801609  0.0339671   0.02570676]
[ 0.06099169  0.02756165  0.06686008  0.05683766  0.06066201  0.06547541
  0.04483714  0.0495846   0.01767111  0.04839773  0.02419887  0.02716603
  0.01740736  0.01048398  0.01312146  0.01120928  0.02947382  0.04951866
  0.05189239  0.00876962  0.00013187  0.01753923  0.0551233   0.00263748
  0.04813398  0.02584729  0.04239747  0.04008967  0.01054991  0.01542925]
[ 0.02729514  0.0597006   0.03426922  0.01382793  0.05398906  0.00961943
  0.05693501  0.03715505  0.04966031  0.0448506   0.05952023  0.04641376
  0.01046113  0.02350749  0.00486984  0.00060121  0.03114291  0.06066254
  0.00907834  0.05531173  0.01304635  0.02032105  0.04334756  0.05422954
  0.04815728  0.00030061  0.05789695  0.05182469  0.01839716  0.00360729]
[ 0.02650569  0.04968082  0.03996669  0.07084374  0.01186511  0.02470164
  0.03254233  0.02844852  0.00582848  0.05516236  0.03344435  0.03434638
  0.02782404  0.01845684  0.03004441  0.00596725  0.02678324  0.03878712
  0.02768526  0.05120733  0.05571746  0.00832639  0.05321954  0.05738274
  0.03184846  0.02657508  0.03996669  0.0414932   0.03247294  0.01290591]
[ 0.03286838  0.06855617  0.06529159  0.01891972  0.00905179  0.01209378
  0.07174655  0.03665232  0.01884553  0.01728743  0.02359401  0.05260424
  0.01595192  0.01135183  0.03732008  0.0281199   0.07018846  0.04941386
  0.01231637  0.00482267  0.00608399  0.04763318  0.0089034   0.06892714
  0.05586882  0.00422911  0.06462383  0.06425286  0.01713904  0.00534204]
[ 0.01146611  0.00268737  0.01027172  0.01003285  0.04478949  0.06007764
  0.04861153  0.01737832  0.05989848  0.02346969  0.05577784  0.05679307
  0.04371454  0.04371454  0.02520155  0.01707973  0.02227531  0.04066886
  0.02926247  0.03750373  0.01254106  0.04861153  0.02836668  0.04484921
  0.03583159  0.0401911   0.04741714  0.03839952  0.01719916  0.02591818]
[  2.95634671e-03   1.94364071e-02   5.77431123e-02   2.75506353e-02
   4.88740722e-02   6.22090829e-02   2.88086552e-02   1.98767141e-02
   6.35300038e-02   8.55453516e-03   1.67945654e-02   2.95005661e-02
   2.57265065e-02   4.96288841e-02   4.45339036e-02   2.89973582e-02
   4.47855076e-02   2.55378035e-02   2.76135363e-02   3.61680715e-02
   1.43414266e-02   6.40332117e-02   4.93772802e-02   3.45326456e-02
   1.81783872e-02   6.29009938e-05   4.60435275e-02   2.96892691e-02
   1.27060008e-02   6.22090829e-02]
[ 0.0294233   0.01091931  0.00392311  0.01516935  0.06577743  0.06368511
  0.05426965  0.01902707  0.06558127  0.02569635  0.0443965   0.06218125
  0.01445011  0.04786191  0.01288087  0.02961946  0.0465542   0.01222702
  0.05276579  0.01909245  0.00640774  0.01549627  0.03805414  0.0615274
  0.02713482  0.00032693  0.04681574  0.03086178  0.01320779  0.06466588]
[ 0.0221553   0.06582061  0.0055209   0.06761311  0.0479673   0.0288951
  0.0481107   0.0457446   0.0468918   0.0257403   0.0194307   0.0359217
  0.0287517   0.06116011  0.06682441  0.0203628   0.0198609   0.0121173
  0.0125475   0.0045171   0.0163476   0.06840181  0.05685811  0.0393633
  0.0022944   0.0036567   0.0213666   0.0089625   0.0342009   0.06259411]
[  2.90951038e-02   5.54345040e-02   3.44783389e-02   1.44834658e-02
   5.75493463e-02   1.07664701e-02   5.96641887e-02   4.78723404e-02
   4.22968470e-02   1.16636760e-02   9.93335042e-03   5.29351448e-02
   5.74211741e-02   1.08946424e-02   3.11458600e-02   3.38374776e-02
   6.00487055e-02   4.85132017e-02   4.31940528e-02   4.03742630e-03
   6.40861318e-05   2.16611125e-02   4.62061010e-02   5.78056908e-02
   1.85208921e-02   3.20430659e-04   6.17149449e-02   5.52422456e-02
   1.96103563e-02   3.58882338e-03]
[ 0.02224782  0.06609547  0.00036     0.06789546  0.04816761  0.02959176
  0.04658363  0.07063143  0.01929585  0.04399165  0.01555188  0.00302398
  0.0251278   0.05817553  0.01072791  0.01943984  0.00827993  0.02894377
  0.0246958   0.06386349  0.01562388  0.06739146  0.00093599  0.06069551
  0.03131975  0.03275974  0.01763986  0.02793578  0.04463964  0.02836777]
[ 0.01866814  0.05618803  0.03605092  0.0577182   0.04094748  0.02515608
  0.04058024  0.05135267  0.01621986  0.01113967  0.00948709  0.05055698
  0.05484147  0.00257069  0.0297466   0.0323173   0.05735096  0.06175787
  0.04504835  0.00079569  0.01285347  0.01426123  0.01983107  0.01126209
  0.05569837  0.04988371  0.01016036  0.05924838  0.01101726  0.05728975]
[ 0.00273816  0.00974274  0.00025471  0.05565461  0.06253184  0.05399898
  0.00191034  0.01961284  0.05533622  0.05832909  0.01853031  0.01948548
  0.02617168  0.02757259  0.02381559  0.05329852  0.04018085  0.04119969
  0.02235099  0.04858635  0.06214977  0.05272542  0.04412888  0.01967652
  0.03948039  0.0371243   0.01426388  0.03018339  0.00140092  0.05756495]
[ 0.03154403  0.01604278  0.00297841  0.0113721   0.0680972   0.06701415
  0.04210384  0.0196981   0.0673526   0.01834428  0.06322345  0.0643742
  0.01489203  0.04954985  0.01333514  0.03337169  0.04819603  0.06254654
  0.02971637  0.0385839   0.00568605  0.02612875  0.01353821  0.01198132
  0.02037501  0.0136059   0.03831314  0.04806065  0.0287687   0.03120558]
[  6.18348751e-02   2.10057731e-02   8.76399805e-03   1.07115532e-02
   5.57835432e-02   1.34242192e-02   1.18244418e-02   5.49488767e-03
   4.62544342e-02   1.32155526e-03   3.01871044e-02   5.49488767e-03
   4.36808792e-02   3.70731029e-02   6.07915420e-02   4.50024344e-02
   3.39431036e-02   6.07915420e-02   5.52966544e-02   6.44779857e-02
   6.95555401e-05   2.35097726e-02   6.79557627e-02   6.27390972e-02
   2.01015511e-02   3.47777700e-04   6.69819851e-02   5.99568756e-02
   2.12839953e-02   3.89511025e-03]
[ 0.05580527  0.05414563  0.00739921  0.04294309  0.00677685  0.05137957
  0.05566697  0.031948    0.01756448  0.0161123   0.02088376  0.04902842
  0.01486757  0.01058018  0.02593182  0.02620842  0.06541733  0.04605491
  0.0115483   0.05103382  0.05552866  0.00608533  0.05303921  0.0571883
  0.03008091  0.02676163  0.01694212  0.027384    0.03844824  0.0272457 ]
[ 0.03075464  0.05852865  0.03861265  0.01558054  0.06083187  0.02818046
  0.06442217  0.04193199  0.03495461  0.04247392  0.04965452  0.00284514
  0.02364178  0.0525674   0.01009348  0.0182902   0.00779027  0.02723208
  0.02309985  0.04274489  0.01469991  0.06354153  0.00088064  0.05710608
  0.03095786  0.02594499  0.04769001  0.04050942  0.0318385   0.01259992]
[ 0.04547484  0.04726035  0.03453856  0.03465015  0.00619351  0.03732842
  0.04458208  0.03559871  0.03649146  0.02003125  0.03057694  0.05624372
  0.04352193  0.00362683  0.02985158  0.04385671  0.03264145  0.01545586
  0.02795447  0.04251758  0.05445821  0.0462002   0.03877915  0.01724138
  0.03414797  0.03119072  0.00926236  0.03972771  0.0083696   0.05222631]
[ 0.01772431  0.05334728  0.00447466  0.05480009  0.03887727  0.02388424
  0.03759879  0.05700837  0.02818457  0.05299861  0.02434914  0.01592283
  0.05363784  0.02516272  0.02173408  0.04864017  0.03666899  0.03759879
  0.01946769  0.04933752  0.01714319  0.02986983  0.02957927  0.04178289
  0.05264993  0.03573919  0.0292887   0.05299861  0.00348675  0.0060437 ]
[ 0.06294601  0.05702168  0.00720345  0.04180692  0.00659755  0.05055877
  0.05473273  0.02463983  0.01709977  0.01568601  0.02033122  0.04773125
  0.00585701  0.01030026  0.02524573  0.02551501  0.06422512  0.04375926
  0.01110812  0.04968359  0.05405951  0.00807863  0.05163592  0.05567524
  0.03090077  0.0257843   0.03877743  0.04887572  0.03164131  0.01252188]
[ 0.03090327  0.05887959  0.03879926  0.01565584  0.06112586  0.01089102
  0.06446123  0.04213464  0.03621265  0.04159009  0.04982642  0.00285889
  0.02375604  0.05282146  0.01014226  0.0183786   0.00782792  0.02736369
  0.02334763  0.04295147  0.01477095  0.06384861  0.0008849   0.05738207
  0.02947383  0.03069907  0.05152815  0.02695528  0.0378463   0.026683  ]
[ 0.00668917  0.01356589  0.01625406  0.05463866  0.06139035  0.05301325
  0.00362591  0.01925481  0.06232808  0.04901225  0.02619405  0.01712928
  0.02569392  0.02706927  0.02338085  0.05232558  0.03994749  0.04044761
  0.02094274  0.04769942  0.06101525  0.03575894  0.04332333  0.01931733
  0.00625156  0.05095024  0.01037759  0.04451113  0.00937734  0.05851463]
[ 0.02619325  0.01379511  0.00256112  0.00791618  0.05855646  0.05669383
  0.05110594  0.0169383   0.05838184  0.02287544  0.0580908   0.05535506
  0.01280559  0.04260768  0.02537835  0.01653085  0.01891735  0.03963912
  0.02857974  0.05145518  0.04202561  0.04738068  0.02764843  0.04359721
  0.03492433  0.01030268  0.04994179  0.03731083  0.01722934  0.02526193]
[ 0.02548353  0.05756665  0.03731051  0.01502875  0.05867747  0.00209096
  0.06187925  0.04044694  0.03384736  0.0399242   0.04783063  0.00294041
  0.01437533  0.04783063  0.01287245  0.03012284  0.04652378  0.02692107
  0.03286722  0.03757188  0.00267904  0.02208573  0.04789597  0.05893884
  0.01888395  0.00078411  0.06292473  0.05632514  0.05371145  0.00365917]
[ 0.02963451  0.01554165  0.0028976   0.01106355  0.06624959  0.06414225
  0.05782022  0.01916365  0.06605203  0.0258808   0.06578861  0.06124465
  0.02298321  0.05110306  0.01191966  0.0177807   0.02443201  0.02647349
  0.02258808  0.04155417  0.01442213  0.06177149  0.00085611  0.05551531
  0.02864669  0.02970036  0.01508067  0.02713204  0.03661508  0.02594666]
[ 0.03327664  0.0175257   0.00332766  0.05538712  0.00724691  0.05494343
  0.05952821  0.03653036  0.01885676  0.0172299   0.02233232  0.05235525
  0.01589884  0.01131406  0.02773053  0.02802633  0.07054648  0.04924943
  0.01234933  0.05457369  0.06056348  0.00887377  0.05671818  0.02802633
  0.03394217  0.02832212  0.0425941   0.04422096  0.0347556   0.01375434]
[ 0.04934573  0.05179161  0.00648159  0.01027272  0.061514    0.059435
  0.05368717  0.01779381  0.06133056  0.02403082  0.05711141  0.05784518
  0.02134034  0.04745017  0.00911092  0.01650972  0.00703192  0.02458114
  0.02097346  0.03858383  0.04457625  0.057356    0.00079491  0.05154702
  0.026599    0.02757735  0.01302434  0.02421426  0.0339978   0.02409197]
[ -88.52 -223.21  -67.69 -102.33   60.02 -151.63 -102.   -143.86  103.18
   12.07 -161.18  -93.1  -136.24  -76.52  -80.54 -205.03   11.12 -179.69
 -310.57  -59.62 -146.26 -147.92 -189.53 -112.73   -0.8    96.51 -145.58
   -5.26  -78.21 -180.52  -44.75 -223.01  -87.8  -259.31   52.05  -77.26
 -251.23 -224.43   42.66 -139.48  -44.78 -124.14   23.08 -153.96   52.83
 -234.46  -99.94  -67.22  -55.48  -50.28   -6.16 -140.68  -16.48 -148.81
 -145.63   96.16 -153.89 -225.46   75.54 -118.25 -353.11  -92.63 -144.71
   40.48   11.52  -93.72  -98.34 -213.65 -108.95  -70.84   36.69 -258.7
  -71.59 -242.56 -221.31   76.22  -40.63 -152.47   -5.03  -97.69 -187.11
   -4.24 -118.95 -204.04   52.05 -194.9   -27.22 -174.11  -88.   -151.98
  104.27 -216.2   -65.     44.53 -216.61  -20.9  -179.95  -73.54 -220.81
 -228.88]
