[ 0.05831349  0.0491543   0.03236246  0.02430238  0.02766074  0.01960066
  0.01306711  0.00457959  0.02723332  0.01257862  0.05880198  0.04512426
  0.01172376  0.06112231  0.0236307   0.00940343  0.00470172  0.03254564
  0.01941748  0.04756671  0.05642059  0.03584295  0.05232949  0.05165781
  0.03315626  0.00628931  0.04445259  0.03950663  0.04048361  0.05697014]
[ 0.04274388  0.00648052  0.02881765  0.00310238  0.05866942  0.03626336
  0.00889349  0.03915891  0.01951051  0.02323337  0.01682179  0.05315408
  0.01316787  0.06825233  0.0404688   0.0634264   0.06832127  0.02764564
  0.00268873  0.063909    0.04281282  0.00634264  0.04350224  0.03709066
  0.0379869   0.02219924  0.00854878  0.02061358  0.02881765  0.06735608]
[ 0.          0.05781368  0.03138938  0.01119246  0.08390137  0.0340823
  0.0548683   0.05167045  0.02490953  0.04468569  0.08381722  0.02457292
  0.05899184  0.0778423   0.03391399  0.00412354  0.03887907  0.00134646
  0.0198603   0.07666414  0.02810738  0.00748969  0.01388538  0.00311369
  0.025162    0.00757384  0.05865522  0.00025246  0.01304384  0.02819153]
[ 0.02481416  0.04235521  0.03561688  0.03994866  0.04331782  0.05374619
  0.03973475  0.04497567  0.02786245  0.05182095  0.01139098  0.02476068
  0.05085833  0.04904006  0.0221937   0.0070592   0.03016204  0.0239585
  0.02192631  0.04518958  0.0063105   0.0232098   0.04850527  0.01738061
  0.04609872  0.03599123  0.04946789  0.04251564  0.01149794  0.02829028]
[  4.87224789e-02   6.18374558e-02   5.13047024e-02   4.73634140e-02
   5.91193259e-02   4.96738244e-02   8.22234303e-03   3.12584942e-03
   1.07366132e-02   4.55966295e-02   3.04430552e-02   5.87795597e-02
   1.58331068e-02   5.43625985e-03   6.84968742e-02   2.66376733e-02
   4.41696113e-03   6.84968742e-02   6.79532482e-05   1.97743952e-02
   1.22995379e-02   4.07039957e-02   6.46235390e-02   2.71812993e-04
   5.40907855e-02   2.78608317e-02   1.29790704e-02   1.03968470e-02
   4.85186192e-02   4.41696113e-02]
[ 0.00615088  0.05113671  0.05011156  0.03117651  0.03967919  0.03931737
  0.04257372  0.01646264  0.03678466  0.04166918  0.0309353   0.05915697
  0.05825243  0.0554182   0.00627148  0.01694506  0.0133269   0.05131761
  0.03756859  0.02936742  0.00198999  0.02478442  0.01230175  0.04480492
  0.01670385  0.0089248   0.05017186  0.03533739  0.05590062  0.035458  ]
[ 0.07742593  0.0726717   0.08005773  0.0297139   0.03794889  0.04873079
  0.00967824  0.00653706  0.06418202  0.069955    0.05136259  0.03073266
  0.02648782  0.00144325  0.08676458  0.03115714  0.01689447  0.00585788
  0.01018762  0.0242805   0.04567451  0.00042448  0.02529926  0.0052636
  0.05365481  0.00339587  0.0108668   0.03845827  0.03421343  0.00067917]
[ 0.06380306  0.04917106  0.03422507  0.00841497  0.03931173  0.02078623
  0.00244913  0.02907561  0.05946998  0.05984677  0.06348907  0.05972118
  0.03391108  0.02380055  0.01770912  0.00200955  0.06292389  0.02386335
  0.02694047  0.00967094  0.04848028  0.0369254   0.04647074  0.03610902
  0.00043959  0.03190153  0.02292138  0.00156996  0.04333082  0.04125848]
[ 0.02678753  0.06642765  0.00541162  0.01623486  0.06115132  0.02408172
  0.04146655  0.05979842  0.02983156  0.01481431  0.02009064  0.03456673
  0.00135291  0.03199621  0.04484881  0.05803964  0.00520869  0.00473517
  0.02326997  0.02387878  0.00865859  0.0564838   0.0528986   0.05445444
  0.01305554  0.04748698  0.02103768  0.04768991  0.06676588  0.03747548]
[ 0.02543641  0.04389027  0.02892768  0.03790524  0.04389027  0.04411194
  0.04776947  0.04222776  0.04261568  0.03718482  0.02632308  0.01568301
  0.00266002  0.01241341  0.05447492  0.02454974  0.04034359  0.04350236
  0.02454974  0.01313383  0.01352175  0.01717927  0.04449986  0.04943198
  0.00471045  0.05253533  0.03391521  0.05597118  0.04898864  0.02765309]
[ 0.05264206  0.04255178  0.02841211  0.02754912  0.0556957   0.02874403
  0.05801912  0.06399363  0.00796601  0.00265534  0.02834572  0.00570898
  0.01420605  0.02436272  0.00657196  0.01911843  0.05947955  0.05363781
  0.01274562  0.03345725  0.0424854   0.025624    0.05290759  0.00916091
  0.06591875  0.04666755  0.06498938  0.00789963  0.01739246  0.04109134]
[ 0.0210407   0.02242661  0.02053673  0.03433287  0.0467431   0.03282097
  0.05927932  0.04497921  0.03861661  0.01738692  0.04749906  0.01820587
  0.02752929  0.00188988  0.04182941  0.01631599  0.06331107  0.0419554
  0.03534081  0.0531687   0.04982991  0.05776742  0.03143505  0.01700895
  0.04422326  0.04340431  0.00188988  0.0338919   0.01637898  0.01896182]
[ 0.0301934   0.05630838  0.00039468  0.04288909  0.05209841  0.05236153
  0.01993159  0.          0.04828312  0.02861466  0.06229443  0.01690567
  0.02848309  0.02447046  0.02940403  0.05288778  0.06453098  0.01256414
  0.04966452  0.04953296  0.0322326   0.0017103   0.05499276  0.03400868
  0.00131562  0.06078148  0.01460334  0.00322326  0.05446652  0.02085252]
[ 0.04243542  0.0523524   0.04520295  0.05656135  0.05708026  0.00149908
  0.03494004  0.04381919  0.04802814  0.03857242  0.02450415  0.02946264
  0.00121079  0.02727168  0.04191651  0.04946956  0.0054774   0.01326107
  0.02006458  0.0202952   0.01107011  0.04814345  0.04601015  0.04641375
  0.01112777  0.04422279  0.01793127  0.03326799  0.05690729  0.03148063]
[ 0.03699071  0.04908268  0.00011913  0.04074339  0.04723612  0.04741482
  0.03609721  0.06063855  0.04961878  0.03996903  0.0253157   0.03043841
  0.00125089  0.02817489  0.04330474  0.05110793  0.00756493  0.00607577
  0.02049083  0.02096736  0.00762449  0.04973791  0.05420538  0.04795092
  0.01149631  0.04181558  0.018406    0.03484632  0.05879199  0.03252323]
[ 0.02855898  0.05207815  0.03297661  0.02681682  0.02818566  0.0220881
  0.04523395  0.0046665   0.02725236  0.01281732  0.05991787  0.04398955
  0.01194624  0.06228223  0.02407914  0.00908412  0.00678198  0.00130662
  0.01966152  0.04846939  0.05749129  0.03596317  0.05282479  0.05251369
  0.03378547  0.00640866  0.04529617  0.04423843  0.04523395  0.05805127]
[ 0.04627896  0.05821984  0.04873169  0.04498806  0.05615439  0.0471826
  0.0225263   0.00296908  0.02620538  0.04330988  0.02891628  0.05596076
  0.01503905  0.00516362  0.04750532  0.00877816  0.00419544  0.06506164
  0.          0.01878268  0.00961725  0.04744078  0.06112438  0.00316272
  0.03872717  0.03498354  0.05660621  0.03808171  0.04511715  0.01916995]
[ 0.05709343  0.01371725  0.03800049  0.04164607  0.00506673  0.03293376
  0.01779535  0.03923628  0.02508651  0.01773356  0.05944142  0.03750618
  0.02465398  0.02440682  0.06185121  0.02990608  0.03991597  0.0525828
  0.02694019  0.05017301  0.01248146  0.02755808  0.03070934  0.04770143
  0.04918438  0.01742462  0.00982452  0.00945378  0.05981216  0.04016312]
[ 0.03026307  0.05643832  0.01806554  0.04509791  0.05221863  0.05248236
  0.04206501  0.05024065  0.05070218  0.04424079  0.02802136  0.03316411
  0.00138458  0.03151579  0.03936177  0.037186    0.01977979  0.01325246
  0.00448342  0.05729544  0.00692292  0.04516384  0.04351553  0.03065867
  0.01826333  0.00408782  0.04246061  0.01443924  0.03290038  0.05432848]
[ 0.04462892  0.01575138  0.01575138  0.01284234  0.00113523  0.04101036
  0.03717894  0.00042571  0.06754647  0.06243792  0.03199943  0.03817227
  0.04540939  0.02220803  0.05158223  0.06087697  0.00872712  0.00780474
  0.02440755  0.02497517  0.00908188  0.05981269  0.0554846   0.06179935
  0.01369377  0.04980843  0.02206613  0.04093941  0.0700298   0.00241237]
[ 0.05062003  0.03039746  0.03879173  0.0427345   0.00508744  0.03389507
  0.01831479  0.00680445  0.02581876  0.02028617  0.06117647  0.04864865
  0.02537361  0.02511924  0.0636566   0.03052464  0.04718601  0.05411765
  0.02569157  0.05977742  0.02098569  0.0263275   0.01532591  0.05195548
  0.0381558   0.03751987  0.02321145  0.00496025  0.04852146  0.01901431]
[ 0.03912653  0.04570745  0.01124738  0.04851929  0.0458271   0.05216871
  0.01423871  0.05743344  0.0478612   0.04026324  0.05970685  0.00622196
  0.05545917  0.01262339  0.03206701  0.02656297  0.00526473  0.02734071
  0.0148968   0.01549506  0.05390368  0.03009273  0.03218666  0.04157942
  0.03727191  0.02464852  0.00460664  0.04953634  0.01950344  0.04863895]
[ 0.00681122  0.05130288  0.03311879  0.02487034  0.02830719  0.02005874
  0.04536649  0.00468662  0.02736987  0.01287259  0.05817659  0.04417922
  0.01199775  0.06255077  0.02418297  0.0416172   0.0048116   0.00131225
  0.0197463   0.04867837  0.05773917  0.03611823  0.05355246  0.05380241
  0.03393114  0.00443667  0.04549147  0.04042992  0.04417922  0.05830157]
[ 0.0579321   0.05107094  0.00011932  0.03317225  0.031979    0.0474912
  0.03603604  0.04546268  0.050176    0.03979476  0.02535648  0.02285067
  0.00125291  0.02822027  0.0433745   0.05119026  0.00566792  0.00608556
  0.02052384  0.02100113  0.00763678  0.04981803  0.04641728  0.04802816
  0.04206193  0.04188294  0.01855498  0.03442515  0.0588867   0.03353022]
[ 0.04989335  0.04432652  0.04344207  0.0383955   0.0401644   0.05088185
  0.0381874   0.02887467  0.00332969  0.00317361  0.025597    0.03662661
  0.00889652  0.02616929  0.02346392  0.02512877  0.03954009  0.0446907
  0.0371989   0.04011238  0.04604339  0.01612819  0.04011238  0.04640758
  0.00442225  0.04245357  0.03184017  0.05254669  0.04599136  0.02596119]
[ 0.02848716  0.0706424   0.001151    0.01496295  0.02819941  0.02301993
  0.04409755  0.06359255  0.03172434  0.01575426  0.02496223  0.02035825
  0.00345299  0.01611395  0.07071434  0.02726423  0.05237033  0.05531976
  0.03071721  0.01704913  0.01460327  0.0548162   0.00316524  0.05330552
  0.0536652   0.0274081   0.04934897  0.0237393   0.02870297  0.05129127]
[ 0.02870185  0.05352676  0.00012506  0.04277139  0.04952476  0.04977489
  0.03789395  0.04764882  0.05208854  0.04195848  0.02657579  0.03095298
  0.00131316  0.02957729  0.04546023  0.05365183  0.00393947  0.00237619
  0.02151076  0.02201101  0.02795148  0.05358929  0.02263632  0.06346923
  0.016008    0.02326163  0.05271386  0.0191971   0.0402076   0.03958229]
[ 0.03167421  0.05041106  0.03052705  0.05512714  0.05767637  0.01701612
  0.06150022  0.03192913  0.03116436  0.01402078  0.00242177  0.00879485
  0.00101969  0.02536486  0.06271111  0.03129182  0.00471608  0.04607737
  0.01019693  0.03696386  0.00815754  0.05321522  0.04932764  0.05130329
  0.02861513  0.04473902  0.01880059  0.03753744  0.0629023   0.03479702]
[ 0.06577135  0.05984848  0.03636364  0.02741047  0.03119835  0.02210744
  0.04986226  0.00516529  0.03016529  0.01528926  0.05750689  0.04869146
  0.0137741   0.07004132  0.02665289  0.01060606  0.00502755  0.04786501
  0.05199725  0.04304408  0.00730028  0.00179063  0.0577135   0.05323691
  0.00151515  0.06370523  0.01528926  0.00337466  0.05702479  0.02066116]
[ 0.04288952  0.05276922  0.04556285  0.05701168  0.05753472  0.00546289
  0.00087174  0.          0.04265706  0.02528041  0.05410589  0.01493578
  0.01772534  0.04997966  0.0259778   0.01673737  0.04213402  0.00122043
  0.01842273  0.04527227  0.05369908  0.03359098  0.04980531  0.03417214
  0.03155692  0.00412623  0.04242459  0.03760098  0.04225025  0.05422212]
[ 0.04868502  0.01308869  0.03730887  0.04110092  0.00501529  0.03259939
  0.01761468  0.04568807  0.0248318   0.01755352  0.05883792  0.03896024
  0.02440367  0.02415902  0.05920489  0.0293578   0.04342508  0.05204893
  0.02446483  0.03253823  0.03614679  0.00819572  0.03492355  0.04623853
  0.02018349  0.04434251  0.03889908  0.04489297  0.02232416  0.03296636]
[ 0.02251785  0.02430316  0.01364893  0.04296245  0.04186823  0.0552868
  0.04342317  0.05240728  0.05522921  0.05741765  0.04376872  0.02378484
  0.05079475  0.02217231  0.02430316  0.04526607  0.01359134  0.01831375
  0.00645013  0.05413499  0.00426169  0.02384243  0.02770099  0.05073716
  0.03455425  0.03121401  0.0505068   0.00449205  0.04394149  0.01710435]
[ 0.02707326  0.05060753  0.00011797  0.04034446  0.04577091  0.04600684
  0.03574378  0.04494515  0.05007668  0.03957768  0.02506783  0.05986788
  0.00123865  0.02801699  0.04193701  0.05060753  0.00749086  0.00601628
  0.00519052  0.02076206  0.00754984  0.04925091  0.05367465  0.04748142
  0.01138374  0.04140616  0.01834375  0.03403327  0.05691872  0.0534977 ]
[ 0.0524677   0.01470686  0.04041073  0.04451805  0.00543226  0.00139119
  0.02013912  0.04047698  0.00993707  0.02113283  0.06372971  0.0421994
  0.02590262  0.02616761  0.06631335  0.03179861  0.04703544  0.05637628
  0.02649884  0.03524346  0.03915204  0.00039748  0.0378271   0.05008281
  0.01748923  0.04802915  0.0421994   0.04862537  0.00814839  0.03617092]
[ 0.03695989  0.0476729   0.03154386  0.02356862  0.02696108  0.0192239
  0.035591    0.00446375  0.02606833  0.01321271  0.05779074  0.04207832
  0.01142721  0.05957624  0.02303297  0.03202     0.02743721  0.00315439
  0.01880728  0.04636353  0.05451732  0.03440067  0.04719676  0.05023212
  0.03231758  0.00613022  0.04332818  0.04422093  0.04517319  0.0555291 ]
[ 0.01835455  0.01434757  0.03942351  0.01034059  0.00529955  0.0344471
  0.05170297  0.03742002  0.02623926  0.01854844  0.05803658  0.04116849
  0.02578685  0.02552834  0.06469334  0.03102178  0.04640341  0.03845408
  0.02611     0.05351257  0.00478252  0.02675629  0.03224973  0.05280165
  0.03890648  0.03502876  0.05254314  0.02158599  0.0493117   0.01919473]
[ 0.05012594  0.01397985  0.03438287  0.03224181  0.00453401  0.02846348
  0.03860202  0.05566751  0.02575567  0.01379093  0.02178841  0.01782116
  0.00302267  0.01410579  0.06190176  0.0238665   0.04584383  0.04842569
  0.02688917  0.01505038  0.04760705  0.01939547  0.05056675  0.05617128
  0.00535264  0.05944584  0.03853904  0.06360202  0.05163728  0.03142317]
[ 0.02506964  0.06216764  0.00113953  0.01519372  0.05684984  0.00183591
  0.01823246  0.03918714  0.02570271  0.02013168  0.06090149  0.04032666
  0.02525956  0.02449987  0.05931881  0.03038744  0.04494809  0.04982274
  0.0255761   0.05140542  0.037098    0.02620917  0.03146366  0.04899975
  0.0503925   0.01380096  0.01006584  0.009686    0.05317802  0.04114966]
[ 0.04428692  0.02463504  0.01066816  0.00919427  0.05025267  0.04260247
  0.05846435  0.00547445  0.01298428  0.06983436  0.04562044  0.06239472
  0.05074396  0.00519371  0.03418024  0.01649354  0.00442167  0.0071589
  0.02638967  0.0252667   0.00898372  0.04063728  0.0548849   0.05649916
  0.01354576  0.04927007  0.02182762  0.04049691  0.06927288  0.03832117]
[ 0.02737194  0.05104657  0.00011927  0.04078955  0.04723001  0.04746854
  0.03613811  0.04544099  0.04991353  0.04383088  0.02534439  0.0304729
  0.00125231  0.02820681  0.04573916  0.05116584  0.05611545  0.02552329
  0.00840837  0.02951875  0.01133043  0.03244081  0.05826227  0.00190828
  0.03619775  0.01908283  0.03834456  0.042996    0.0313674   0.03697299]
[ 0.03932869  0.05630146  0.00012666  0.04331856  0.05041165  0.01798607
  0.00595313  0.04825839  0.05275491  0.04249525  0.02691577  0.03033566
  0.00943635  0.02995567  0.06225459  0.05433819  0.00804307  0.00633312
  0.02178594  0.03039899  0.0081064   0.05288157  0.04952502  0.05231159
  0.03077897  0.00645978  0.05509816  0.03660545  0.00867638  0.06282457]
[ 0.02858371  0.0711369   0.01869761  0.01540225  0.03309693  0.06626549
  0.06332832  0.022781    0.03918619  0.01934236  0.01411276  0.03137761
  0.0184827   0.03130597  0.01382621  0.00136113  0.00121785  0.01869761
  0.01862598  0.05917329  0.06762662  0.01468587  0.05258256  0.03245218
  0.01375457  0.05029014  0.02227953  0.05050505  0.07070707  0.03911455]
[ 0.03602715  0.04780414  0.00011603  0.03968208  0.04873238  0.05360562
  0.03515693  0.04420723  0.05586819  0.03892789  0.02279979  0.02871729
  0.00121831  0.02767303  0.04217671  0.04977664  0.00736787  0.0059175
  0.01995707  0.02042119  0.00742589  0.04890642  0.04658583  0.05174914
  0.00493125  0.05476591  0.03550502  0.05859488  0.05128503  0.01409758]
[ 0.05682646  0.01617368  0.04444121  0.04895818  0.00641119  0.02360484
  0.04465977  0.06440332  0.02979746  0.01537229  0.02469765  0.02061781
  0.00349701  0.00706688  0.03431444  0.02761183  0.05303803  0.05719073
  0.03110884  0.0172665   0.01777648  0.02258488  0.06163485  0.06250911
  0.03540726  0.01792219  0.06338336  0.04210986  0.01464374  0.03497013]
[ 0.02604097  0.00595796  0.02891953  0.04699424  0.01338867  0.01533003
  0.02108716  0.0680814   0.02195742  0.00334717  0.04250904  0.04826617
  0.04230821  0.06741197  0.04518677  0.02490293  0.0494042   0.0660731
  0.04599009  0.01030928  0.03882715  0.0393627   0.04096934  0.03635025
  0.0004686   0.03400723  0.02443433  0.00180747  0.04619092  0.04411568]
[ 0.01054502  0.03554502  0.0596564   0.0207346   0.03708531  0.0153436
  0.00231043  0.02742891  0.04851896  0.05550948  0.05989336  0.05633886
  0.032109    0.02245261  0.01670616  0.00189573  0.05936019  0.02227488
  0.01599526  0.04087678  0.0417654   0.00764218  0.05870853  0.03998815
  0.02274882  0.01937204  0.032109    0.04668246  0.03827014  0.0521327 ]
[ 0.03126458  0.04674133  0.078317    0.02722041  0.00886608  0.0201431
  0.00303313  0.03600871  0.06369575  0.07411728  0.07862809  0.07396174
  0.0419972   0.02947581  0.02130969  0.0031109   0.07792814  0.02924249
  0.02348732  0.05366309  0.01003266  0.01003266  0.00326645  0.0048219
  0.04915228  0.0031109   0.00995489  0.03523098  0.03165345  0.02053196]
[ 0.06132593  0.03873217  0.06500549  0.02259376  0.02885546  0.03711833
  0.00735911  0.0008392   0.04880253  0.05319218  0.03905494  0.02336841
  0.02014073  0.00200116  0.06597379  0.02369118  0.01284617  0.0044542
  0.003615    0.05151378  0.03472984  0.01684849  0.06384352  0.04357369
  0.02478859  0.02317475  0.03498806  0.05086825  0.04170163  0.05499968]
[ 0.05601358  0.01345781  0.03697866  0.04073715  0.0049709   0.03231086
  0.01745878  0.03752425  0.02461203  0.01933802  0.05831717  0.03861542
  0.02418768  0.0239452   0.06062076  0.02915858  0.04304074  0.05158826
  0.02837051  0.04922405  0.00448594  0.02509699  0.0146096   0.04952716
  0.0364937   0.03285645  0.0531644   0.0481935   0.01303346  0.03206838]
[ 0.02155056  0.02887775  0.03501966  0.03852163  0.04320888  0.05414579
  0.03997629  0.04531006  0.02806961  0.05220624  0.01147567  0.02494478
  0.05123646  0.04940467  0.02386725  0.03512742  0.03044017  0.01120629
  0.02208933  0.04563332  0.02014978  0.02338236  0.04972792  0.02440601
  0.04299337  0.03464253  0.04940467  0.00420236  0.03932978  0.01944938]
[ 0.02890318  0.05374867  0.00923903  0.00524377  0.00824021  0.06223859
  0.03795493  0.01804108  0.02865347  0.02934016  0.0142331   0.04276172
  0.05031525  0.03177477  0.04288657  0.00424496  0.02066296  0.05568388
  0.06117735  0.02322242  0.02097509  0.02203633  0.05668269  0.02740496
  0.01067482  0.02859105  0.06348711  0.04700668  0.03520819  0.059367  ]
[ 0.03033486  0.00741381  0.          0.04621278  0.0491783   0.0491783
  0.0373162   0.04707772  0.05146423  0.04145558  0.02625726  0.03132337
  0.00920549  0.02131472  0.0607315   0.05300877  0.00784629  0.00630174
  0.02125293  0.02174719  0.00790807  0.05158779  0.05226739  0.04973434
  0.01241814  0.04337081  0.01921414  0.03564809  0.06011368  0.04911652]
[ 0.06143504  0.06210064  0.03527689  0.02649095  0.03015176  0.02136581
  0.04832268  0.00499201  0.02915335  0.0137114   0.06409744  0.04705804
  0.01277955  0.06662673  0.02575879  0.01025027  0.00512513  0.00126464
  0.02662407  0.03541001  0.04040202  0.00039936  0.03800586  0.05031949
  0.02622471  0.04825612  0.04233227  0.04885517  0.02429446  0.05291534]
[ 0.04165999  0.01185707  0.03258025  0.03589168  0.00437964  0.02846766
  0.01538215  0.03306094  0.02168456  0.02045612  0.05138065  0.03402233
  0.02131069  0.02109705  0.05346365  0.02563692  0.03877584  0.05239545
  0.01687764  0.0411793   0.04935107  0.02745287  0.04577258  0.05191476
  0.02900176  0.0328473   0.03888266  0.03455643  0.03882925  0.04983176]
[ 0.02820103  0.0486606   0.00012288  0.04202507  0.0486606   0.04890637
  0.03723274  0.0468174   0.05117965  0.04122635  0.02611207  0.0309044
  0.00129024  0.02906119  0.04073482  0.05474318  0.0078029   0.00724994
  0.02113541  0.02162694  0.00786434  0.05326862  0.05197837  0.04945933
  0.01185795  0.04313099  0.01910789  0.03545097  0.06064144  0.03354633]
[ 0.05622939  0.05493406  0.03120584  0.02531795  0.02667216  0.01890014
  0.04274611  0.00441592  0.02578898  0.01212906  0.05293217  0.04162741
  0.01130476  0.05893782  0.02278615  0.03921338  0.00453368  0.00123646
  0.01866463  0.0458667   0.05440415  0.03403203  0.04992935  0.04969383
  0.03185351  0.00606453  0.04286387  0.03809468  0.04268724  0.05493406]
[ 0.02455662  0.04502046  0.00099219  0.0148828   0.05605854  0.02009178
  0.03801315  0.05481831  0.02536277  0.02945554  0.02176609  0.04929927
  0.00297656  0.01389061  0.06089545  0.02350242  0.04514449  0.04867915
  0.02647898  0.01469676  0.01513084  0.01922361  0.04979536  0.0553144
  0.00527099  0.05655463  0.03770309  0.06263177  0.05084956  0.03094382]
[ 0.04425586  0.02461776  0.01066068  0.00918782  0.05021742  0.04257259
  0.05842334  0.00490952  0.01325572  0.06978538  0.04558844  0.0435545
  0.01479871  0.00519007  0.03415626  0.04341422  0.06599804  0.02777388
  0.00988919  0.03471735  0.03114041  0.03590966  0.06852293  0.00224435
  0.04257259  0.01795483  0.04509749  0.0505681   0.04586899  0.00715388]
[ 0.0417999   0.02505668  0.01203418  0.04371839  0.04709029  0.03720714
  0.04267194  0.03226557  0.01116214  0.00354631  0.02860299  0.04092785
  0.01087146  0.02738213  0.02249869  0.05784547  0.04441602  0.02017325
  0.01180164  0.04482298  0.05139236  0.01802221  0.04668333  0.05185745
  0.00494157  0.05395035  0.03557933  0.05871752  0.05139236  0.02156851]
[ 0.05477809  0.04843777  0.01844976  0.04215457  0.05483521  0.05586337
  0.04900897  0.02901696  0.03461473  0.05169361  0.00502656  0.04815217
  0.01011024  0.01679328  0.02587536  0.00993888  0.05494945  0.05277889
  0.00662592  0.03261553  0.05289313  0.05592049  0.04289713  0.00239904
  0.0031416   0.04792369  0.02993088  0.01165248  0.02930256  0.02221968]
[ 0.0414673   0.04512966  0.01016008  0.04790596  0.0452478   0.05729813
  0.01405872  0.05670743  0.04725619  0.0132908   0.05901116  0.01181405
  0.0545809   0.01246382  0.03166165  0.02622718  0.00519818  0.0269951
  0.01470849  0.0154764   0.05322228  0.02971233  0.03177979  0.05977908
  0.01571268  0.04282592  0.03378817  0.04335755  0.00620237  0.04696084]
[ 0.06430543  0.0542051   0.03595717  0.02679954  0.06491145  0.02161471
  0.0488856   0.00505016  0.03380244  0.01387112  0.06484412  0.04760622
  0.01292842  0.06740287  0.02605885  0.01036967  0.02242273  0.00127938
  0.02700155  0.0358225   0.03966063  0.00026934  0.03844859  0.04666352
  0.04195004  0.02774224  0.00518484  0.03851592  0.02195138  0.05447445]
[ 0.03813705  0.01522738  0.02867138  0.00308663  0.05830304  0.05350161
  0.01104328  0.03896015  0.02380136  0.02311544  0.0167364   0.05288429
  0.01310104  0.06790589  0.04904314  0.04561355  0.0284656   0.02970025
  0.03779409  0.06358461  0.04204678  0.00631045  0.04328143  0.00185198
  0.03779409  0.06680842  0.02503601  0.00535016  0.05233555  0.02050895]
[ 0.04937965  0.01526055  0.03784119  0.04168734  0.00707196  0.03306452
  0.01811414  0.0383995   0.0251861   0.01978908  0.05620347  0.03951613
  0.02475186  0.02450372  0.06209677  0.02977667  0.04404467  0.05279156
  0.02506203  0.05037221  0.00459057  0.00831266  0.03083127  0.05068238
  0.03722084  0.03287841  0.03945409  0.01854839  0.02593052  0.05663772]
[ 0.02641531  0.03025343  0.03759101  0.04238867  0.04351753  0.04227578
  0.04193712  0.04746853  0.02940678  0.05469323  0.01202235  0.01162725
  0.05367726  0.0517582   0.02523001  0.00745047  0.03189027  0.01174014
  0.05204041  0.05503189  0.00654738  0.01727155  0.05209686  0.01834396
  0.04504149  0.03629283  0.0517582   0.00440255  0.04306598  0.01676356]
[ 0.04098196  0.02354283  0.04453686  0.00878664  0.04802468  0.04071366
  0.05587229  0.00737809  0.01267691  0.06673821  0.04359783  0.05801865
  0.0484942   0.00496344  0.03266483  0.01576229  0.02877457  0.02656114
  0.00945737  0.03320142  0.02978067  0.03434167  0.04836005  0.00241465
  0.04071366  0.01723791  0.04312831  0.04836005  0.04386612  0.04104903]
[ 0.03775535  0.01902967  0.0001216   0.0415856   0.04815175  0.04839494
  0.05240759  0.0443823   0.05064446  0.04079523  0.02973006  0.03106761
  0.00127675  0.01319309  0.0441999   0.0521644   0.0077213   0.00656615
  0.0209144   0.02140078  0.0234071   0.05076605  0.04754377  0.05283317
  0.01173395  0.04073444  0.01890807  0.03508025  0.05915613  0.04833414]
[ 0.02964542  0.05528644  0.00012917  0.06019505  0.05115288  0.05141123
  0.00607117  0.04714849  0.05380094  0.04230446  0.02744946  0.03197055
  0.00135633  0.02951624  0.04695472  0.05541562  0.00820254  0.00658787
  0.02221792  0.02273461  0.00826713  0.05393012  0.05050701  0.0525092
  0.01246528  0.04534005  0.02008655  0.03726668  0.03067881  0.03939805]
[ 0.03638273  0.01927235  0.03181172  0.04225091  0.04892211  0.05534622
  0.05299895  0.03137933  0.00555933  0.05590216  0.00765952  0.03625919
  0.01093335  0.01816048  0.02402866  0.01025388  0.05942307  0.05707579
  0.00716536  0.03527086  0.05719933  0.05948484  0.04614244  0.00259435
  0.00339737  0.05281364  0.03236766  0.04422756  0.03168818  0.02402866]
[ 0.0445284   0.02669226  0.01281972  0.03864495  0.04917322  0.03344274
  0.03753019  0.04719143  0.05158853  0.04155571  0.01046634  0.0311513
  0.00130055  0.02929337  0.04502384  0.05313681  0.00786524  0.00433517
  0.02130427  0.02229516  0.00792717  0.04774881  0.0497306   0.03938812
  0.00526414  0.05846287  0.03790178  0.05858673  0.05474701  0.03090357]
[ 0.03079297  0.04058768  0.00992889  0.00563531  0.00026835  0.06688582
  0.04085603  0.00221387  0.03025627  0.03126258  0.01529585  0.04595465
  0.05407219  0.03414732  0.04555213  0.00885549  0.02166913  0.05957333
  0.06574534  0.03354354  0.05688984  0.02368174  0.06104924  0.01227694
  0.01147189  0.05621897  0.05883537  0.00523279  0.05118744  0.02005904]
[ 0.03920329  0.02213089  0.0264306   0.0028454   0.05380967  0.0331331
  0.00815681  0.03591527  0.0219412   0.02130888  0.01542839  0.04875119
  0.01106544  0.0625988   0.03812836  0.04204869  0.02624091  0.02535567
  0.03484034  0.05861524  0.03926652  0.02200443  0.03989883  0.0036674
  0.03484034  0.06133418  0.06405311  0.01119191  0.03566235  0.06013279]
[ 0.02817102  0.06985843  0.00113822  0.01707334  0.0643096   0.02304901
  0.03905527  0.06288682  0.02909582  0.01557943  0.02468521  0.01956321
  0.00341467  0.01593512  0.06992957  0.06338479  0.04268336  0.05584406
  0.03037632  0.01614854  0.01757132  0.01529487  0.06751085  0.00028456
  0.05676887  0.01081312  0.01358754  0.01088426  0.06886249  0.04624031]
[  4.34519120e-02   5.51481728e-02   4.57548027e-02   4.22398643e-02
   6.04811830e-02   4.43003454e-02   2.30895097e-02   1.05448155e-02
   9.57517726e-03   4.06642022e-02   2.71498697e-02   5.24816678e-02
   1.41203563e-02   6.78746743e-03   4.46033574e-02   3.92703473e-02
   3.93915520e-03   6.10872068e-02   6.06023877e-05   1.82413187e-02
   1.52718017e-02   1.87867402e-02   4.86637174e-02   5.30876917e-02
   5.15120296e-03   5.72086540e-02   3.70886613e-02   5.34513060e-02
   3.80582995e-02   3.02405915e-02]
[ 0.05009947  0.04460266  0.0437127   0.0386347   0.04041462  0.05119883
  0.0384253   0.03575542  0.0100513   0.00319338  0.02575647  0.03685478
  0.00978955  0.02633232  0.02025966  0.02528531  0.03978641  0.04496911
  0.03826824  0.04706313  0.04627788  0.01622867  0.03533661  0.04669668
  0.0044498   0.04941891  0.03203853  0.02607057  0.04627788  0.02675113]
[ 0.06683967  0.02111096  0.03717211  0.02798429  0.03177164  0.02251368
  0.05091878  0.0052602   0.0307196   0.01444803  0.06740076  0.04951606
  0.01346612  0.0702062   0.02707252  0.01080095  0.00540048  0.00014027
  0.02805443  0.03731239  0.04145041  0.0009819   0.04004769  0.05302286
  0.01865619  0.05084865  0.04460654  0.05147987  0.02559966  0.05519708]
[ 0.02795371  0.05115713  0.0001218   0.04165652  0.04823386  0.01632156
  0.03690621  0.04640682  0.05073082  0.04281364  0.02588307  0.01260658
  0.06181486  0.05779537  0.02697929  0.00803898  0.03440926  0.01278928
  0.02496955  0.05158343  0.00572473  0.02643118  0.05645554  0.01979294
  0.04835566  0.03903776  0.05584653  0.0045067   0.04646772  0.0182095 ]
[ 0.0266866   0.03082763  0.03830448  0.05757175  0.04612642  0.04307816
  0.04273308  0.04836947  0.02996492  0.04100765  0.0113303   0.02938977
  0.0012078   0.02720423  0.04181285  0.04934721  0.05412089  0.02289067
  0.00810951  0.02846955  0.02565135  0.02944729  0.05613389  0.00184046
  0.03491114  0.01483867  0.03698165  0.04146776  0.03761431  0.04256053]
[ 0.02616822  0.03867225  0.06490493  0.02255881  0.02881083  0.03699646
  0.00734773  0.0008379   0.04872704  0.05310989  0.03899452  0.02436352
  0.02010957  0.00070899  0.06451821  0.0309378   0.04576217  0.05478569
  0.0257815   0.05027393  0.00476958  0.02668385  0.03203352  0.05291653
  0.03454721  0.03493393  0.05652594  0.00476958  0.04917821  0.01927167]
[ 0.06555757  0.00774172  0.05023884  0.05534508  0.00675342  0.06498106
  0.02371932  0.05098007  0.03343765  0.02627244  0.07922912  0.05246253
  0.03286114  0.03384945  0.08417065  0.03022566  0.01704826  0.00634162
  0.01004777  0.0235546   0.04299127  0.00074123  0.02454291  0.01564816
  0.05221545  0.00329435  0.01054192  0.03730852  0.03352001  0.02437819]
[ 0.04409484  0.01229781  0.03379127  0.03722579  0.00454243  0.02952581
  0.01595391  0.03428983  0.02249058  0.01767117  0.05329049  0.01401507
  0.02564813  0.02188123  0.05545092  0.02658985  0.0421006   0.0334035
  0.04138046  0.04270995  0.05606027  0.01717261  0.04448261  0.04941281
  0.00465322  0.05251496  0.03478839  0.05594948  0.04896964  0.02764237]
[ 0.05438855  0.04888157  0.04740547  0.04189849  0.04382877  0.05552401
  0.04076303  0.03173612  0.01090042  0.00346315  0.02793233  0.03996821
  0.01061656  0.02855683  0.02197116  0.0273646   0.04212558  0.04831384
  0.0229363   0.04700806  0.00425798  0.0235608   0.02821619  0.04638356
  0.03406381  0.03077098  0.04978994  0.0524015   0.00493925  0.03003293]
[ 0.02045609  0.05191274  0.0001236   0.0422718   0.04845189  0.0491935
  0.03646252  0.04511464  0.05148013  0.04146839  0.02626537  0.03158025
  0.00129782  0.02873741  0.04492924  0.05500278  0.00784871  0.00630369
  0.02323713  0.02175391  0.01186577  0.05160373  0.04832829  0.04974971
  0.01192757  0.04338422  0.01884927  0.03565911  0.06099747  0.03374328]
[ 0.02919062  0.02249321  0.02059771  0.03506666  0.04662918  0.04921969
  0.05945536  0.04511278  0.03923675  0.01743855  0.04662918  0.01825994
  0.02761104  0.0018955   0.04201681  0.01636444  0.06349908  0.00973021
  0.03544576  0.05534846  0.04997789  0.05996083  0.0315284   0.01705946
  0.04435458  0.04403867  0.0018955   0.03399254  0.01693309  0.01901813]
[ 0.03239427  0.05647556  0.00118757  0.04512766  0.05225308  0.05673946
  0.04842647  0.0502738   0.05495811  0.04426997  0.02803985  0.0337138
  0.0013855   0.0312067   0.04796464  0.05667348  0.03707858  0.0132612
  0.01952893  0.06393086  0.00224319  0.05099954  0.00402454  0.04717292
  0.02995316  0.00514614  0.02592861  0.02441116  0.01781355  0.01741769]
[ 0.01534388  0.04026071  0.00977663  0.04996945  0.04026071  0.03815602
  0.04277276  0.06225813  0.00780773  0.0040736   0.02138638  0.04705004
  0.00828298  0.04372327  0.06836852  0.01520809  0.00862245  0.00692511
  0.02335529  0.02389843  0.03034829  0.04976577  0.03313192  0.0645665
  0.05241361  0.0252563   0.05927083  0.02111481  0.04365537  0.04297644]
[ 0.0280727   0.03215164  0.03994961  0.04534821  0.0561454   0.01943495
  0.03677044  0.05110671  0.02453362  0.01265671  0.02081459  0.01697559
  0.00671825  0.01343651  0.05896467  0.0226741   0.04372863  0.04708776
  0.02561334  0.01517605  0.01463619  0.01667566  0.04816748  0.05350609
  0.02045468  0.05662528  0.03671046  0.06058425  0.05302621  0.02225421]
[ 0.02364461  0.05863387  0.00095534  0.01403153  0.04884165  0.02943635
  0.04436351  0.05021495  0.03110819  0.05785765  0.01271794  0.02758538
  0.0567829   0.05475281  0.02668975  0.0076427   0.03385479  0.01241939
  0.02454024  0.0505732   0.00704562  0.02591354  0.05511106  0.0194053
  0.04764748  0.03922856  0.05475281  0.04746835  0.00519465  0.03158586]
[ 0.02088268  0.05335993  0.00012467  0.04313677  0.04949508  0.04961975
  0.03777584  0.04750031  0.05192619  0.0418277   0.02649296  0.03185388
  0.00130906  0.0294851   0.03733948  0.05373395  0.00791672  0.00735569
  0.02144371  0.0219424   0.00804139  0.05205087  0.04874704  0.05018078
  0.01203092  0.04376013  0.01926194  0.03596808  0.06152599  0.03391098]
[ 0.0386098   0.05123104  0.00012435  0.01069386  0.04936583  0.05147973
  0.03767719  0.0463815   0.0517906   0.04171848  0.02642378  0.0317707
  0.00130565  0.02940811  0.0452002   0.05334494  0.02381248  0.00733648
  0.02151206  0.02207162  0.          0.05191495  0.04861975  0.05004974
  0.0119995   0.04364586  0.01933599  0.03587416  0.06335489  0.03394678]
[ 0.04119695  0.04509237  0.04037065  0.04810246  0.04521041  0.05713274
  0.0140471   0.05666057  0.04721714  0.04444313  0.05890338  0.00613823
  0.05465384  0.01245352  0.03163548  0.02620551  0.00519389  0.02703181
  0.00519389  0.02077554  0.00755474  0.04928289  0.04615475  0.0487517
  0.02868441  0.00602019  0.05134864  0.03411438  0.01186331  0.02856637]
[ 0.04063488  0.05426765  0.00013172  0.03661749  0.05216017  0.0524236
  0.00619073  0.0501844   0.05486038  0.04419125  0.02798999  0.03365385
  0.00349052  0.03115121  0.04787935  0.05650685  0.00836407  0.00665174
  0.01639884  0.01699157  0.05090885  0.03312698  0.03543203  0.04978925
  0.01778188  0.005598    0.0418862   0.04834036  0.02377503  0.05262118]
[ 0.02687661  0.05796118  0.00108592  0.01628886  0.06244061  0.0221257
  0.04160445  0.05999729  0.02775892  0.01486358  0.02355097  0.0018325
  0.01194516  0.01520293  0.06671644  0.02572282  0.04940953  0.01852857
  0.02898059  0.01622099  0.01656034  0.02103977  0.05504276  0.06054025
  0.00576897  0.0640695   0.0412651   0.06854893  0.06013303  0.01791774]
[  3.97326742e-02   5.49299643e-02   3.35988282e-02   3.20424792e-02
   1.74860386e-02   5.25496658e-02   1.04366932e-02   8.23949464e-04
   6.92117550e-02   7.54371510e-02   5.39229150e-02   3.31410785e-02
   2.85635814e-02   2.47184839e-03   9.35640392e-02   3.35988282e-02
   2.33452348e-02   6.31694589e-03   1.09859929e-02   2.61832830e-02
   7.26906528e-02   9.15499405e-05   2.72818823e-02   5.67609631e-03
   5.78595624e-02   3.66199762e-03   1.17183924e-02   4.14721230e-02
   3.55213769e-02   4.56834203e-02]
[ 0.00827953  0.06114698  0.04025826  0.02992784  0.03440942  0.02438283
  0.05514622  0.00569692  0.03319408  0.01974934  0.01838207  0.02195215
  0.03319408  0.00227877  0.05066464  0.01967338  0.07626282  0.05058868
  0.04261299  0.06669199  0.04063806  0.05020889  0.03790353  0.02301557
  0.01443221  0.05294341  0.00227877  0.04086593  0.02035701  0.02286365]
[ 0.01941183  0.02069046  0.01894688  0.03179124  0.04289201  0.04469371
  0.05840986  0.04149715  0.03615018  0.01197257  0.05596885  0.04109032
  0.0111589   0.05817738  0.02249215  0.00895037  0.00424271  0.0012205
  0.01836569  0.0452749   0.0537022   0.03359293  0.05120307  0.04533302
  0.03155876  0.01435546  0.04231082  0.03806812  0.0422527   0.05422527]
[ 0.02533581  0.02926723  0.03986022  0.04078847  0.04368243  0.05487605
  0.04057006  0.04592115  0.02855739  0.05301955  0.01163045  0.02528121
  0.05192749  0.03554658  0.05465764  0.02620946  0.03876816  0.04646718
  0.02205963  0.04433767  0.00404062  0.02610025  0.02058534  0.04286338
  0.03276182  0.03265262  0.01993011  0.00431364  0.04166212  0.01632631]
[ 0.05378015  0.01499899  0.04121343  0.04540234  0.00554017  0.03601108
  0.01945814  0.0418215   0.02743058  0.01925546  0.06499561  0.04303763
  0.02695764  0.02628201  0.02993041  0.00891832  0.04249713  0.0140531
  0.02797108  0.05722586  0.00783731  0.02932234  0.06236065  0.02195798
  0.05391528  0.04330788  0.06195527  0.0031079   0.04938855  0.02006621]
[ 0.02057245  0.05373115  0.0006389   0.04165602  0.05060056  0.05085612
  0.0387171   0.04868387  0.05347559  0.04286992  0.02715308  0.03264758
  0.00134168  0.03021978  0.04644774  0.05072834  0.00811398  0.00651674
  0.02197802  0.02140302  0.00760286  0.02772809  0.05488117  0.02076412
  0.0509839   0.04095323  0.05858676  0.05079223  0.0055584   0.0337976 ]
[ 0.02591021  0.02993076  0.03719008  0.05600849  0.04478445  0.05433326
  0.04148984  0.04696225  0.02909314  0.0541099   0.01189413  0.02585437
  0.05310476  0.05120616  0.02473755  0.00781774  0.03155015  0.01161492
  0.02244807  0.01965602  0.00714764  0.04662721  0.02937235  0.04495198
  0.01077731  0.03920036  0.01736654  0.03936788  0.05511503  0.03037748]
[-132.76  -73.69 -148.33   45.94  -57.82  -82.31   47.62 -136.59  -73.1
 -276.31 -150.25  -56.39 -263.61 -157.41   12.9  -138.62 -180.41   -9.69
 -146.08 -144.13   49.66  -49.42   19.41 -109.22   13.31  -47.93  -57.3
  -15.16 -181.55  -66.87   80.89 -156.08   13.87  -93.31  -86.89  -15.49
  -29.95 -227.51  -99.56  -81.86  -57.22 -171.91  -51.92 -142.3  -189.89
   67.23 -165.23  -32.56    7.27  -41.62  -48.06  -89.13   46.92 -203.62
   88.98 -175.13 -257.11  -22.77 -126.03 -118.17   50.92 -185.24 -122.13
 -161.33   99.02  -15.51 -119.6  -235.34 -134.04 -161.29  -77.06    9.44
  -41.08 -205.88  -92.07 -109.29   49.11  -13.23  -21.87   89.89 -204.48
 -176.01  -17.73 -119.5   -45.97 -248.27 -133.04 -141.01 -100.21  -76.89
  -62.68 -228.49  -63.11   14.03 -119.68  -99.86  -84.13 -121.16 -262.2
 -250.02]
